<?xml version="1.0" encoding="UTF-8"?>
<coverage generated="1648652308021" clover="3.2.0">
  <project timestamp="1648652308021" name="All files">
    <metrics statements="551" coveredstatements="458" conditionals="268" coveredconditionals="192" methods="118" coveredmethods="98" elements="937" coveredelements="748" complexity="0" loc="551" ncloc="551" packages="3" files="8" classes="8"/>
    <package name="src">
      <metrics statements="13" coveredstatements="13" conditionals="2" coveredconditionals="2" methods="5" coveredmethods="5"/>
      <file name="types.ts" path="/Users/congcong/Public/projects/yiird/yiird-mono/packages/vue3-ts-api-extractor/src/types.ts">
        <metrics statements="13" coveredstatements="13" conditionals="2" coveredconditionals="2" methods="5" coveredmethods="5"/>
        <line num="26" count="5" type="cond" truecount="2" falsecount="0"/>
        <line num="27" count="5" type="stmt"/>
        <line num="28" count="5" type="stmt"/>
        <line num="29" count="5" type="stmt"/>
        <line num="30" count="5" type="stmt"/>
        <line num="65" count="5" type="stmt"/>
        <line num="66" count="76" type="stmt"/>
        <line num="69" count="5" type="stmt"/>
        <line num="70" count="68" type="stmt"/>
        <line num="73" count="5" type="stmt"/>
        <line num="74" count="148" type="stmt"/>
        <line num="77" count="5" type="stmt"/>
        <line num="78" count="76" type="stmt"/>
      </file>
    </package>
    <package name="src.parser">
      <metrics statements="407" coveredstatements="356" conditionals="195" coveredconditionals="148" methods="79" coveredmethods="67"/>
      <file name="loader.ts" path="/Users/congcong/Public/projects/yiird/yiird-mono/packages/vue3-ts-api-extractor/src/parser/loader.ts">
        <metrics statements="184" coveredstatements="162" conditionals="61" coveredconditionals="50" methods="45" coveredmethods="35"/>
        <line num="1" count="5" type="stmt"/>
        <line num="3" count="5" type="stmt"/>
        <line num="4" count="5" type="stmt"/>
        <line num="5" count="5" type="stmt"/>
        <line num="6" count="5" type="stmt"/>
        <line num="7" count="5" type="stmt"/>
        <line num="22" count="5" type="stmt"/>
        <line num="33" count="5" type="stmt"/>
        <line num="35" count="5" type="stmt"/>
        <line num="36" count="26" type="stmt"/>
        <line num="37" count="26" type="stmt"/>
        <line num="38" count="26" type="stmt"/>
        <line num="39" count="26" type="stmt"/>
        <line num="42" count="5" type="stmt"/>
        <line num="49" count="5" type="stmt"/>
        <line num="54" count="58" type="stmt"/>
        <line num="59" count="58" type="stmt"/>
        <line num="63" count="58" type="stmt"/>
        <line num="67" count="58" type="stmt"/>
        <line num="69" count="58" type="stmt"/>
        <line num="71" count="58" type="stmt"/>
        <line num="74" count="58" type="stmt"/>
        <line num="75" count="58" type="stmt"/>
        <line num="76" count="58" type="stmt"/>
        <line num="77" count="58" type="stmt"/>
        <line num="78" count="58" type="stmt"/>
        <line num="79" count="58" type="cond" truecount="2" falsecount="0"/>
        <line num="80" count="26" type="stmt"/>
        <line num="81" count="26" type="stmt"/>
        <line num="82" count="26" type="stmt"/>
        <line num="83" count="26" type="stmt"/>
        <line num="84" count="26" type="cond" truecount="0" falsecount="1"/>
        <line num="85" count="0" type="stmt"/>
        <line num="87" count="26" type="stmt"/>
        <line num="88" count="26" type="stmt"/>
        <line num="89" count="26" type="stmt"/>
        <line num="90" count="26" type="stmt"/>
        <line num="92" count="32" type="stmt"/>
        <line num="94" count="58" type="stmt"/>
        <line num="95" count="58" type="stmt"/>
        <line num="96" count="58" type="stmt"/>
        <line num="103" count="58" type="stmt"/>
        <line num="104" count="58" type="stmt"/>
        <line num="105" count="58" type="stmt"/>
        <line num="106" count="58" type="stmt"/>
        <line num="109" count="58" type="stmt"/>
        <line num="111" count="58" type="stmt"/>
        <line num="113" count="58" type="stmt"/>
        <line num="115" count="58" type="stmt"/>
        <line num="118" count="58" type="stmt"/>
        <line num="119" count="152" type="cond" truecount="1" falsecount="0"/>
        <line num="120" count="140" type="stmt"/>
        <line num="121" count="140" type="stmt"/>
        <line num="122" count="148" type="stmt"/>
        <line num="123" count="148" type="cond" truecount="2" falsecount="0"/>
        <line num="124" count="72" type="stmt"/>
        <line num="125" count="76" type="cond" truecount="1" falsecount="1"/>
        <line num="126" count="0" type="stmt"/>
        <line num="127" count="76" type="cond" truecount="2" falsecount="0"/>
        <line num="128" count="8" type="stmt"/>
        <line num="129" count="68" type="cond" truecount="1" falsecount="0"/>
        <line num="130" count="68" type="stmt"/>
        <line num="138" count="60" type="stmt"/>
        <line num="139" count="74" type="cond" truecount="1" falsecount="1"/>
        <line num="140" count="0" type="stmt"/>
        <line num="142" count="74" type="stmt"/>
        <line num="148" count="124" type="cond" truecount="1" falsecount="0"/>
        <line num="149" count="34" type="stmt"/>
        <line num="151" count="124" type="cond" truecount="2" falsecount="0"/>
        <line num="155" count="60" type="stmt"/>
        <line num="156" count="8" type="cond" truecount="1" falsecount="1"/>
        <line num="157" count="0" type="stmt"/>
        <line num="159" count="8" type="stmt"/>
        <line num="165" count="30" type="stmt"/>
        <line num="167" count="30" type="cond" truecount="1" falsecount="0"/>
        <line num="168" count="12" type="cond" truecount="1" falsecount="1"/>
        <line num="169" count="0" type="cond" truecount="0" falsecount="2"/>
        <line num="171" count="12" type="stmt"/>
        <line num="174" count="30" type="cond" truecount="1" falsecount="0"/>
        <line num="175" count="18" type="stmt"/>
        <line num="176" count="18" type="cond" truecount="1" falsecount="0"/>
        <line num="177" count="18" type="cond" truecount="1" falsecount="0"/>
        <line num="178" count="18" type="stmt"/>
        <line num="179" count="18" type="cond" truecount="1" falsecount="0"/>
        <line num="180" count="18" type="stmt"/>
        <line num="181" count="18" type="cond" truecount="1" falsecount="0"/>
        <line num="182" count="18" type="cond" truecount="1" falsecount="0"/>
        <line num="183" count="2" type="stmt"/>
        <line num="185" count="18" type="stmt"/>
        <line num="186" count="18" type="stmt"/>
        <line num="192" count="30" type="cond" truecount="1" falsecount="0"/>
        <line num="193" count="30" type="stmt"/>
        <line num="195" count="30" type="stmt"/>
        <line num="204" count="22" type="cond" truecount="1" falsecount="0"/>
        <line num="205" count="22" type="stmt"/>
        <line num="206" count="22" type="stmt"/>
        <line num="207" count="66" type="cond" truecount="2" falsecount="0"/>
        <line num="208" count="22" type="stmt"/>
        <line num="209" count="22" type="cond" truecount="1" falsecount="0"/>
        <line num="210" count="22" type="cond" truecount="1" falsecount="0"/>
        <line num="211" count="22" type="stmt"/>
        <line num="212" count="22" type="cond" truecount="1" falsecount="0"/>
        <line num="213" count="22" type="stmt"/>
        <line num="217" count="44" type="cond" truecount="3" falsecount="1"/>
        <line num="218" count="0" type="stmt"/>
        <line num="219" count="0" type="cond" truecount="0" falsecount="1"/>
        <line num="220" count="0" type="stmt"/>
        <line num="222" count="0" type="stmt"/>
        <line num="224" count="44" type="stmt"/>
        <line num="227" count="22" type="cond" truecount="1" falsecount="0"/>
        <line num="228" count="22" type="stmt"/>
        <line num="231" count="0" type="stmt"/>
        <line num="235" count="110" type="stmt"/>
        <line num="239" count="18" type="stmt"/>
        <line num="246" count="60" type="stmt"/>
        <line num="247" count="60" type="stmt"/>
        <line num="248" count="60" type="stmt"/>
        <line num="256" count="58" type="stmt"/>
        <line num="257" count="58" type="stmt"/>
        <line num="258" count="68" type="cond" truecount="2" falsecount="0"/>
        <line num="259" count="44" type="stmt"/>
        <line num="261" count="24" type="stmt"/>
        <line num="262" count="24" type="cond" truecount="2" falsecount="0"/>
        <line num="265" count="58" type="stmt"/>
        <line num="269" count="0" type="stmt"/>
        <line num="273" count="0" type="stmt"/>
        <line num="277" count="26" type="stmt"/>
        <line num="281" count="0" type="stmt"/>
        <line num="285" count="1" type="stmt"/>
        <line num="289" count="0" type="stmt"/>
        <line num="293" count="0" type="stmt"/>
        <line num="297" count="0" type="stmt"/>
        <line num="300" count="0" type="stmt"/>
        <line num="304" count="5" type="stmt"/>
        <line num="306" count="6" type="stmt"/>
        <line num="307" count="6" type="stmt"/>
        <line num="308" count="6" type="stmt"/>
        <line num="309" count="6" type="stmt"/>
        <line num="316" count="6" type="stmt"/>
        <line num="317" count="6" type="stmt"/>
        <line num="318" count="6" type="stmt"/>
        <line num="319" count="6" type="stmt"/>
        <line num="320" count="6" type="stmt"/>
        <line num="334" count="6" type="stmt"/>
        <line num="336" count="6" type="stmt"/>
        <line num="340" count="6" type="cond" truecount="1" falsecount="1"/>
        <line num="341" count="0" type="stmt"/>
        <line num="342" count="0" type="stmt"/>
        <line num="344" count="6" type="stmt"/>
        <line num="345" count="6" type="stmt"/>
        <line num="347" count="6" type="stmt"/>
        <line num="352" count="58" type="stmt"/>
        <line num="353" count="58" type="stmt"/>
        <line num="354" count="58" type="stmt"/>
        <line num="355" count="58" type="cond" truecount="2" falsecount="0"/>
        <line num="356" count="58" type="stmt"/>
        <line num="357" count="24" type="stmt"/>
        <line num="358" count="24" type="cond" truecount="1" falsecount="0"/>
        <line num="359" count="12" type="stmt"/>
        <line num="360" count="12" type="stmt"/>
        <line num="362" count="24" type="stmt"/>
        <line num="363" count="24" type="stmt"/>
        <line num="364" count="24" type="stmt"/>
        <line num="366" count="58" type="stmt"/>
        <line num="374" count="6" type="stmt"/>
        <line num="375" count="6" type="cond" truecount="2" falsecount="0"/>
        <line num="378" count="6" type="stmt"/>
        <line num="379" count="6" type="stmt"/>
        <line num="380" count="34" type="stmt"/>
        <line num="383" count="6" type="stmt"/>
        <line num="387" count="6" type="stmt"/>
        <line num="388" count="6" type="cond" truecount="1" falsecount="1"/>
        <line num="389" count="6" type="stmt"/>
        <line num="390" count="58" type="stmt"/>
        <line num="391" count="58" type="stmt"/>
        <line num="397" count="0" type="stmt"/>
        <line num="398" count="0" type="stmt"/>
        <line num="404" count="132" type="cond" truecount="4" falsecount="0"/>
        <line num="405" count="58" type="stmt"/>
        <line num="410" count="2" type="stmt"/>
        <line num="414" count="0" type="stmt"/>
        <line num="418" count="2" type="stmt"/>
        <line num="422" count="27" type="stmt"/>
        <line num="426" count="110" type="stmt"/>
      </file>
      <file name="sfc-event-comment.ts" path="/Users/congcong/Public/projects/yiird/yiird-mono/packages/vue3-ts-api-extractor/src/parser/sfc-event-comment.ts">
        <metrics statements="28" coveredstatements="27" conditionals="13" coveredconditionals="12" methods="4" coveredmethods="4"/>
        <line num="1" count="4" type="stmt"/>
        <line num="3" count="4" type="stmt"/>
        <line num="4" count="4" type="stmt"/>
        <line num="15" count="2" type="stmt"/>
        <line num="16" count="2" type="stmt"/>
        <line num="17" count="2" type="stmt"/>
        <line num="18" count="2" type="cond" truecount="2" falsecount="0"/>
        <line num="19" count="2" type="stmt"/>
        <line num="20" count="2" type="cond" truecount="2" falsecount="0"/>
        <line num="21" count="2" type="cond" truecount="1" falsecount="1"/>
        <line num="22" count="2" type="stmt"/>
        <line num="26" count="2" type="stmt"/>
        <line num="27" count="2" type="cond" truecount="1" falsecount="0"/>
        <line num="28" count="2" type="stmt"/>
        <line num="29" count="2" type="stmt"/>
        <line num="30" count="3" type="cond" truecount="1" falsecount="0"/>
        <line num="31" count="3" type="stmt"/>
        <line num="35" count="3" type="stmt"/>
        <line num="36" count="3" type="cond" truecount="1" falsecount="0"/>
        <line num="37" count="3" type="stmt"/>
        <line num="38" count="3" type="cond" truecount="2" falsecount="0"/>
        <line num="40" count="3" type="stmt"/>
        <line num="44" count="2" type="stmt"/>
        <line num="48" count="2" type="cond" truecount="1" falsecount="0"/>
        <line num="49" count="2" type="stmt"/>
        <line num="50" count="2" type="cond" truecount="1" falsecount="0"/>
        <line num="51" count="2" type="stmt"/>
        <line num="55" count="0" type="stmt"/>
      </file>
      <file name="sfc-method-comment.ts" path="/Users/congcong/Public/projects/yiird/yiird-mono/packages/vue3-ts-api-extractor/src/parser/sfc-method-comment.ts">
        <metrics statements="59" coveredstatements="53" conditionals="32" coveredconditionals="23" methods="8" coveredmethods="7"/>
        <line num="1" count="4" type="stmt"/>
        <line num="2" count="4" type="stmt"/>
        <line num="14" count="4" type="stmt"/>
        <line num="16" count="4" type="stmt"/>
        <line num="22" count="2" type="stmt"/>
        <line num="27" count="2" type="stmt"/>
        <line num="28" count="2" type="stmt"/>
        <line num="29" count="2" type="stmt"/>
        <line num="30" count="2" type="cond" truecount="2" falsecount="0"/>
        <line num="31" count="2" type="stmt"/>
        <line num="32" count="2" type="cond" truecount="2" falsecount="0"/>
        <line num="33" count="2" type="cond" truecount="1" falsecount="1"/>
        <line num="34" count="2" type="stmt"/>
        <line num="35" count="2" type="stmt"/>
        <line num="36" count="2" type="stmt"/>
        <line num="40" count="2" type="stmt"/>
        <line num="42" count="2" type="cond" truecount="2" falsecount="2"/>
        <line num="43" count="0" type="stmt"/>
        <line num="44" count="2" type="cond" truecount="1" falsecount="0"/>
        <line num="45" count="2" type="stmt"/>
        <line num="47" count="2" type="stmt"/>
        <line num="48" count="2" type="stmt"/>
        <line num="49" count="4" type="stmt"/>
        <line num="51" count="2" type="cond" truecount="1" falsecount="1"/>
        <line num="53" count="2" type="stmt"/>
        <line num="55" count="2" type="cond" truecount="1" falsecount="0"/>
        <line num="56" count="2" type="stmt"/>
        <line num="57" count="2" type="stmt"/>
        <line num="58" count="0" type="stmt"/>
        <line num="59" count="0" type="cond" truecount="0" falsecount="1"/>
        <line num="60" count="0" type="stmt"/>
        <line num="64" count="2" type="stmt"/>
        <line num="69" count="2" type="cond" truecount="2" falsecount="2"/>
        <line num="70" count="0" type="stmt"/>
        <line num="71" count="2" type="cond" truecount="1" falsecount="0"/>
        <line num="72" count="2" type="stmt"/>
        <line num="74" count="2" type="stmt"/>
        <line num="78" count="2" type="stmt"/>
        <line num="80" count="2" type="cond" truecount="2" falsecount="2"/>
        <line num="81" count="0" type="stmt"/>
        <line num="82" count="2" type="cond" truecount="1" falsecount="0"/>
        <line num="83" count="2" type="stmt"/>
        <line num="86" count="2" type="cond" truecount="1" falsecount="0"/>
        <line num="87" count="2" type="stmt"/>
        <line num="88" count="4" type="stmt"/>
        <line num="93" count="4" type="stmt"/>
        <line num="97" count="2" type="cond" truecount="1" falsecount="0"/>
        <line num="98" count="2" type="stmt"/>
        <line num="99" count="2" type="stmt"/>
        <line num="100" count="4" type="cond" truecount="1" falsecount="0"/>
        <line num="101" count="4" type="stmt"/>
        <line num="102" count="4" type="stmt"/>
        <line num="103" count="4" type="stmt"/>
        <line num="105" count="4" type="cond" truecount="1" falsecount="0"/>
        <line num="106" count="4" type="cond" truecount="1" falsecount="0"/>
        <line num="107" count="4" type="stmt"/>
        <line num="108" count="4" type="cond" truecount="2" falsecount="0"/>
        <line num="110" count="4" type="stmt"/>
        <line num="116" count="2" type="stmt"/>
      </file>
      <file name="sfc-prop-comment.ts" path="/Users/congcong/Public/projects/yiird/yiird-mono/packages/vue3-ts-api-extractor/src/parser/sfc-prop-comment.ts">
        <metrics statements="53" coveredstatements="47" conditionals="42" coveredconditionals="36" methods="8" coveredmethods="7"/>
        <line num="1" count="4" type="stmt"/>
        <line num="2" count="4" type="stmt"/>
        <line num="19" count="4" type="stmt"/>
        <line num="21" count="4" type="stmt"/>
        <line num="27" count="30" type="stmt"/>
        <line num="30" count="30" type="stmt"/>
        <line num="33" count="30" type="stmt"/>
        <line num="34" count="30" type="stmt"/>
        <line num="35" count="30" type="cond" truecount="1" falsecount="1"/>
        <line num="36" count="0" type="stmt"/>
        <line num="37" count="30" type="cond" truecount="1" falsecount="0"/>
        <line num="38" count="30" type="stmt"/>
        <line num="39" count="30" type="cond" truecount="2" falsecount="0"/>
        <line num="40" count="30" type="stmt"/>
        <line num="41" count="30" type="stmt"/>
        <line num="42" count="30" type="stmt"/>
        <line num="43" count="30" type="cond" truecount="2" falsecount="0"/>
        <line num="44" count="30" type="cond" truecount="1" falsecount="1"/>
        <line num="45" count="30" type="stmt"/>
        <line num="46" count="30" type="stmt"/>
        <line num="50" count="30" type="cond" truecount="2" falsecount="0"/>
        <line num="51" count="30" type="cond" truecount="3" falsecount="0"/>
        <line num="52" count="30" type="cond" truecount="2" falsecount="0"/>
        <line num="53" count="22" type="stmt"/>
        <line num="55" count="8" type="stmt"/>
        <line num="61" count="30" type="cond" truecount="1" falsecount="0"/>
        <line num="62" count="30" type="stmt"/>
        <line num="63" count="30" type="cond" truecount="1" falsecount="0"/>
        <line num="64" count="22" type="stmt"/>
        <line num="70" count="79" type="cond" truecount="3" falsecount="0"/>
        <line num="71" count="106" type="cond" truecount="2" falsecount="1"/>
        <line num="76" count="30" type="cond" truecount="1" falsecount="0"/>
        <line num="77" count="30" type="stmt"/>
        <line num="78" count="30" type="cond" truecount="1" falsecount="0"/>
        <line num="79" count="11" type="stmt"/>
        <line num="83" count="19" type="stmt"/>
        <line num="84" count="19" type="stmt"/>
        <line num="85" count="19" type="cond" truecount="1" falsecount="0"/>
        <line num="86" count="11" type="cond" truecount="4" falsecount="1"/>
        <line num="87" count="0" type="stmt"/>
        <line num="88" count="0" type="stmt"/>
        <line num="89" count="0" type="cond" truecount="0" falsecount="1"/>
        <line num="90" count="0" type="stmt"/>
        <line num="93" count="11" type="cond" truecount="1" falsecount="0"/>
        <line num="94" count="11" type="cond" truecount="1" falsecount="1"/>
        <line num="95" count="11" type="stmt"/>
        <line num="97" count="0" type="stmt"/>
        <line num="101" count="19" type="cond" truecount="2" falsecount="0"/>
        <line num="105" count="30" type="stmt"/>
        <line num="106" count="30" type="cond" truecount="1" falsecount="0"/>
        <line num="107" count="19" type="cond" truecount="3" falsecount="0"/>
        <line num="108" count="19" type="stmt"/>
        <line num="111" count="11" type="stmt"/>
      </file>
      <file name="sfc-script-handle.ts" path="/Users/congcong/Public/projects/yiird/yiird-mono/packages/vue3-ts-api-extractor/src/parser/sfc-script-handle.ts">
        <metrics statements="83" coveredstatements="67" conditionals="47" coveredconditionals="27" methods="14" coveredmethods="14"/>
        <line num="1" count="4" type="stmt"/>
        <line num="2" count="4" type="stmt"/>
        <line num="3" count="4" type="stmt"/>
        <line num="21" count="4" type="stmt"/>
        <line num="23" count="4" type="stmt"/>
        <line num="24" count="4" type="stmt"/>
        <line num="25" count="4" type="stmt"/>
        <line num="26" count="4" type="stmt"/>
        <line num="36" count="8" type="stmt"/>
        <line num="37" count="8" type="stmt"/>
        <line num="38" count="8" type="cond" truecount="2" falsecount="1"/>
        <line num="39" count="0" type="stmt"/>
        <line num="41" count="8" type="stmt"/>
        <line num="42" count="8" type="stmt"/>
        <line num="43" count="8" type="stmt"/>
        <line num="44" count="8" type="stmt"/>
        <line num="45" count="8" type="stmt"/>
        <line num="46" count="8" type="stmt"/>
        <line num="49" count="8" type="stmt"/>
        <line num="50" count="8" type="cond" truecount="0" falsecount="1"/>
        <line num="51" count="0" type="stmt"/>
        <line num="52" count="0" type="cond" truecount="0" falsecount="2"/>
        <line num="53" count="0" type="cond" truecount="0" falsecount="3"/>
        <line num="54" count="0" type="stmt"/>
        <line num="57" count="0" type="stmt"/>
        <line num="58" count="0" type="cond" truecount="0" falsecount="3"/>
        <line num="59" count="0" type="stmt"/>
        <line num="64" count="8" type="cond" truecount="1" falsecount="1"/>
        <line num="68" count="24" type="stmt"/>
        <line num="70" count="24" type="cond" truecount="1" falsecount="0"/>
        <line num="71" count="24" type="stmt"/>
        <line num="72" count="24" type="cond" truecount="3" falsecount="0"/>
        <line num="73" count="24" type="stmt"/>
        <line num="74" count="24" type="cond" truecount="1" falsecount="0"/>
        <line num="75" count="24" type="stmt"/>
        <line num="82" count="11" type="stmt"/>
        <line num="83" count="11" type="stmt"/>
        <line num="85" count="11" type="cond" truecount="1" falsecount="0"/>
        <line num="86" count="11" type="stmt"/>
        <line num="87" count="11" type="stmt"/>
        <line num="88" count="30" type="cond" truecount="1" falsecount="1"/>
        <line num="89" count="30" type="stmt"/>
        <line num="90" count="0" type="cond" truecount="0" falsecount="1"/>
        <line num="91" count="0" type="stmt"/>
        <line num="95" count="11" type="stmt"/>
        <line num="99" count="11" type="cond" truecount="1" falsecount="1"/>
        <line num="100" count="11" type="stmt"/>
        <line num="101" count="0" type="cond" truecount="0" falsecount="2"/>
        <line num="103" count="0" type="stmt"/>
        <line num="104" count="0" type="cond" truecount="0" falsecount="1"/>
        <line num="105" count="0" type="stmt"/>
        <line num="110" count="1" type="stmt"/>
        <line num="111" count="1" type="stmt"/>
        <line num="112" count="1" type="cond" truecount="3" falsecount="0"/>
        <line num="113" count="1" type="cond" truecount="1" falsecount="0"/>
        <line num="114" count="1" type="stmt"/>
        <line num="115" count="2" type="cond" truecount="2" falsecount="1"/>
        <line num="116" count="2" type="stmt"/>
        <line num="121" count="1" type="stmt"/>
        <line num="125" count="1" type="stmt"/>
        <line num="126" count="1" type="stmt"/>
        <line num="127" count="1" type="stmt"/>
        <line num="128" count="1" type="stmt"/>
        <line num="129" count="1" type="stmt"/>
        <line num="132" count="1" type="stmt"/>
        <line num="134" count="1" type="stmt"/>
        <line num="136" count="1" type="stmt"/>
        <line num="138" count="1" type="stmt"/>
        <line num="139" count="2" type="cond" truecount="1" falsecount="0"/>
        <line num="140" count="2" type="stmt"/>
        <line num="144" count="1" type="stmt"/>
        <line num="149" count="12" type="cond" truecount="3" falsecount="1"/>
        <line num="150" count="12" type="stmt"/>
        <line num="151" count="0" type="cond" truecount="0" falsecount="1"/>
        <line num="152" count="0" type="stmt"/>
        <line num="154" count="12" type="cond" truecount="1" falsecount="0"/>
        <line num="155" count="12" type="cond" truecount="1" falsecount="0"/>
        <line num="156" count="13" type="stmt"/>
        <line num="157" count="12" type="cond" truecount="1" falsecount="0"/>
        <line num="158" count="12" type="cond" truecount="1" falsecount="0"/>
        <line num="159" count="12" type="cond" truecount="2" falsecount="0"/>
        <line num="160" count="8" type="stmt"/>
        <line num="161" count="4" type="stmt"/>
      </file>
    </package>
    <package name="src.utils">
      <metrics statements="131" coveredstatements="89" conditionals="71" coveredconditionals="42" methods="34" coveredmethods="26"/>
      <file name="parse-utils.ts" path="/Users/congcong/Public/projects/yiird/yiird-mono/packages/vue3-ts-api-extractor/src/utils/parse-utils.ts">
        <metrics statements="94" coveredstatements="56" conditionals="59" coveredconditionals="30" methods="19" coveredmethods="15"/>
        <line num="1" count="5" type="stmt"/>
        <line num="2" count="5" type="stmt"/>
        <line num="3" count="5" type="stmt"/>
        <line num="4" count="5" type="stmt"/>
        <line num="23" count="5" type="stmt"/>
        <line num="25" count="5" type="stmt"/>
        <line num="27" count="58" type="stmt"/>
        <line num="31" count="0" type="stmt"/>
        <line num="32" count="0" type="stmt"/>
        <line num="37" count="42" type="stmt"/>
        <line num="39" count="42" type="stmt"/>
        <line num="40" count="84" type="cond" truecount="1" falsecount="1"/>
        <line num="41" count="84" type="stmt"/>
        <line num="42" count="168" type="cond" truecount="1" falsecount="0"/>
        <line num="43" count="42" type="stmt"/>
        <line num="46" count="0" type="cond" truecount="0" falsecount="1"/>
        <line num="47" count="0" type="stmt"/>
        <line num="50" count="42" type="stmt"/>
        <line num="54" count="42" type="stmt"/>
        <line num="58" count="136" type="cond" truecount="3" falsecount="0"/>
        <line num="62" count="168" type="stmt"/>
        <line num="69" count="34" type="cond" truecount="3" falsecount="1"/>
        <line num="73" count="140" type="stmt"/>
        <line num="74" count="140" type="stmt"/>
        <line num="75" count="140" type="cond" truecount="2" falsecount="0"/>
        <line num="76" count="26" type="stmt"/>
        <line num="82" count="26" type="stmt"/>
        <line num="83" count="114" type="cond" truecount="1" falsecount="1"/>
        <line num="84" count="0" type="cond" truecount="0" falsecount="4"/>
        <line num="85" count="0" type="stmt"/>
        <line num="86" count="0" type="cond" truecount="0" falsecount="2"/>
        <line num="87" count="0" type="stmt"/>
        <line num="88" count="0" type="stmt"/>
        <line num="90" count="0" type="cond" truecount="0" falsecount="2"/>
        <line num="91" count="0" type="stmt"/>
        <line num="93" count="0" type="stmt"/>
        <line num="95" count="0" type="stmt"/>
        <line num="102" count="0" type="stmt"/>
        <line num="104" count="0" type="cond" truecount="0" falsecount="1"/>
        <line num="105" count="0" type="stmt"/>
        <line num="106" count="0" type="stmt"/>
        <line num="107" count="0" type="cond" truecount="0" falsecount="3"/>
        <line num="108" count="0" type="stmt"/>
        <line num="115" count="0" type="stmt"/>
        <line num="121" count="114" type="cond" truecount="2" falsecount="0"/>
        <line num="122" count="54" type="stmt"/>
        <line num="123" count="54" type="cond" truecount="2" falsecount="0"/>
        <line num="124" count="46" type="stmt"/>
        <line num="125" count="46" type="stmt"/>
        <line num="126" count="46" type="cond" truecount="1" falsecount="0"/>
        <line num="127" count="46" type="stmt"/>
        <line num="134" count="46" type="stmt"/>
        <line num="138" count="8" type="stmt"/>
        <line num="139" count="8" type="stmt"/>
        <line num="140" count="8" type="cond" truecount="1" falsecount="0"/>
        <line num="141" count="8" type="stmt"/>
        <line num="148" count="8" type="stmt"/>
        <line num="152" count="60" type="cond" truecount="3" falsecount="1"/>
        <line num="153" count="0" type="stmt"/>
        <line num="154" count="0" type="cond" truecount="0" falsecount="1"/>
        <line num="155" count="0" type="cond" truecount="0" falsecount="2"/>
        <line num="156" count="0" type="stmt"/>
        <line num="162" count="0" type="stmt"/>
        <line num="164" count="0" type="stmt"/>
        <line num="170" count="0" type="stmt"/>
        <line num="173" count="60" type="cond" truecount="1" falsecount="0"/>
        <line num="174" count="60" type="stmt"/>
        <line num="175" count="60" type="stmt"/>
        <line num="177" count="60" type="cond" truecount="1" falsecount="0"/>
        <line num="178" count="60" type="cond" truecount="1" falsecount="1"/>
        <line num="179" count="0" type="stmt"/>
        <line num="180" count="0" type="stmt"/>
        <line num="187" count="0" type="stmt"/>
        <line num="188" count="60" type="cond" truecount="1" falsecount="0"/>
        <line num="189" count="60" type="stmt"/>
        <line num="190" count="60" type="cond" truecount="1" falsecount="0"/>
        <line num="191" count="60" type="cond" truecount="1" falsecount="1"/>
        <line num="192" count="60" type="stmt"/>
        <line num="193" count="68" type="stmt"/>
        <line num="194" count="68" type="stmt"/>
        <line num="195" count="68" type="cond" truecount="0" falsecount="1"/>
        <line num="196" count="0" type="stmt"/>
        <line num="199" count="68" type="stmt"/>
        <line num="206" count="68" type="stmt"/>
        <line num="208" count="0" type="cond" truecount="0" falsecount="1"/>
        <line num="209" count="0" type="stmt"/>
        <line num="210" count="0" type="stmt"/>
        <line num="212" count="0" type="cond" truecount="0" falsecount="3"/>
        <line num="213" count="0" type="stmt"/>
        <line num="220" count="0" type="stmt"/>
        <line num="228" count="140" type="stmt"/>
        <line num="232" count="54" type="stmt"/>
        <line num="233" count="54" type="stmt"/>
        <line num="289" count="0" type="stmt"/>
      </file>
      <file name="sfc-utils.ts" path="/Users/congcong/Public/projects/yiird/yiird-mono/packages/vue3-ts-api-extractor/src/utils/sfc-utils.ts">
        <metrics statements="37" coveredstatements="33" conditionals="12" coveredconditionals="12" methods="15" coveredmethods="11"/>
        <line num="2" count="4" type="stmt"/>
        <line num="5" count="4" type="stmt"/>
        <line num="6" count="4" type="stmt"/>
        <line num="7" count="58" type="stmt"/>
        <line num="8" count="58" type="stmt"/>
        <line num="9" count="266" type="cond" truecount="1" falsecount="0"/>
        <line num="10" count="62" type="stmt"/>
        <line num="13" count="58" type="stmt"/>
        <line num="16" count="4" type="stmt"/>
        <line num="17" count="69" type="stmt"/>
        <line num="19" count="4" type="stmt"/>
        <line num="20" count="0" type="stmt"/>
        <line num="23" count="4" type="stmt"/>
        <line num="24" count="114" type="stmt"/>
        <line num="27" count="4" type="stmt"/>
        <line num="28" count="11" type="stmt"/>
        <line num="31" count="4" type="stmt"/>
        <line num="33" count="15" type="stmt"/>
        <line num="34" count="15" type="stmt"/>
        <line num="35" count="34" type="stmt"/>
        <line num="36" count="46" type="cond" truecount="3" falsecount="0"/>
        <line num="37" count="4" type="stmt"/>
        <line num="42" count="15" type="cond" truecount="1" falsecount="0"/>
        <line num="43" count="4" type="stmt"/>
        <line num="44" count="4" type="cond" truecount="3" falsecount="0"/>
        <line num="45" count="4" type="stmt"/>
        <line num="46" count="8" type="cond" truecount="1" falsecount="0"/>
        <line num="47" count="8" type="stmt"/>
        <line num="51" count="8" type="stmt"/>
        <line num="52" count="8" type="cond" truecount="1" falsecount="0"/>
        <line num="53" count="8" type="stmt"/>
        <line num="54" count="8" type="cond" truecount="2" falsecount="0"/>
        <line num="56" count="8" type="stmt"/>
        <line num="61" count="15" type="stmt"/>
        <line num="65" count="0" type="stmt"/>
        <line num="69" count="0" type="stmt"/>
        <line num="73" count="0" type="stmt"/>
      </file>
    </package>
  </project>
</coverage>
