{"/Users/gavin/Works/projects/self/yiird-mono/packages/vue3-ts-api-extractor/src/index.ts": {"path":"/Users/gavin/Works/projects/self/yiird-mono/packages/vue3-ts-api-extractor/src/index.ts","statementMap":{"0":{"start":{"line":1,"column":0},"end":{"line":1,"column":39}},"1":{"start":{"line":2,"column":0},"end":{"line":2,"column":52}},"2":{"start":{"line":3,"column":0},"end":{"line":3,"column":48}},"3":{"start":{"line":5,"column":0},"end":{"line":5,"column":24}},"4":{"start":{"line":6,"column":23},"end":{"line":13,"column":1}},"5":{"start":{"line":7,"column":16},"end":{"line":7,"column":42}},"6":{"start":{"line":8,"column":1},"end":{"line":10,"column":4}},"7":{"start":{"line":9,"column":2},"end":{"line":9,"column":66}},"8":{"start":{"line":11,"column":1},"end":{"line":11,"column":15}},"9":{"start":{"line":12,"column":1},"end":{"line":12,"column":73}},"10":{"start":{"line":6,"column":13},"end":{"line":6,"column":23}},"11":{"start":{"line":15,"column":21},"end":{"line":26,"column":1}},"12":{"start":{"line":16,"column":16},"end":{"line":16,"column":36}},"13":{"start":{"line":17,"column":19},"end":{"line":24,"column":3}},"14":{"start":{"line":25,"column":1},"end":{"line":25,"column":13}},"15":{"start":{"line":15,"column":13},"end":{"line":15,"column":21}},"16":{"start":{"line":28,"column":20},"end":{"line":35,"column":1}},"17":{"start":{"line":29,"column":23},"end":{"line":29,"column":25}},"18":{"start":{"line":30,"column":1},"end":{"line":33,"column":4}},"19":{"start":{"line":31,"column":16},"end":{"line":31,"column":41}},"20":{"start":{"line":32,"column":2},"end":{"line":32,"column":39}},"21":{"start":{"line":32,"column":13},"end":{"line":32,"column":39}},"22":{"start":{"line":34,"column":1},"end":{"line":34,"column":15}},"23":{"start":{"line":37,"column":23},"end":{"line":46,"column":1}},"24":{"start":{"line":38,"column":1},"end":{"line":45,"column":null}},"25":{"start":{"line":39,"column":2},"end":{"line":44,"column":5}},"26":{"start":{"line":40,"column":18},"end":{"line":40,"column":32}},"27":{"start":{"line":41,"column":3},"end":{"line":43,"column":null}},"28":{"start":{"line":42,"column":4},"end":{"line":42,"column":30}}},"fnMap":{"0":{"name":"(anonymous_4)","decl":{"start":{"line":6,"column":23},"end":{"line":6,"column":24}},"loc":{"start":{"line":6,"column":51},"end":{"line":13,"column":1}}},"1":{"name":"(anonymous_5)","decl":{"start":{"line":8,"column":25},"end":{"line":8,"column":26}},"loc":{"start":{"line":8,"column":38},"end":{"line":10,"column":2}}},"2":{"name":"(anonymous_6)","decl":{"start":{"line":15,"column":21},"end":{"line":15,"column":22}},"loc":{"start":{"line":15,"column":47},"end":{"line":26,"column":1}}},"3":{"name":"(anonymous_7)","decl":{"start":{"line":28,"column":20},"end":{"line":28,"column":21}},"loc":{"start":{"line":28,"column":59},"end":{"line":35,"column":1}}},"4":{"name":"(anonymous_8)","decl":{"start":{"line":30,"column":18},"end":{"line":30,"column":19}},"loc":{"start":{"line":30,"column":31},"end":{"line":33,"column":2}}},"5":{"name":"(anonymous_9)","decl":{"start":{"line":37,"column":23},"end":{"line":37,"column":24}},"loc":{"start":{"line":37,"column":66},"end":{"line":46,"column":1}}},"6":{"name":"(anonymous_10)","decl":{"start":{"line":39,"column":15},"end":{"line":39,"column":16}},"loc":{"start":{"line":39,"column":23},"end":{"line":44,"column":3}}}},"branchMap":{"0":{"loc":{"start":{"line":32,"column":2},"end":{"line":32,"column":39}},"type":"if","locations":[{"start":{"line":32,"column":2},"end":{"line":32,"column":39}}]},"1":{"loc":{"start":{"line":38,"column":1},"end":{"line":45,"column":null}},"type":"if","locations":[{"start":{"line":38,"column":1},"end":{"line":45,"column":null}}]},"2":{"loc":{"start":{"line":41,"column":3},"end":{"line":43,"column":null}},"type":"if","locations":[{"start":{"line":41,"column":3},"end":{"line":43,"column":null}}]}},"s":{"0":1,"1":1,"2":1,"3":1,"4":1,"5":0,"6":0,"7":0,"8":0,"9":0,"10":1,"11":1,"12":1,"13":1,"14":1,"15":1,"16":1,"17":0,"18":0,"19":0,"20":0,"21":0,"22":0,"23":1,"24":0,"25":0,"26":0,"27":0,"28":0},"f":{"0":0,"1":0,"2":1,"3":0,"4":0,"5":0,"6":0},"b":{"0":[0],"1":[0],"2":[0]}}
,"/Users/gavin/Works/projects/self/yiird-mono/packages/vue3-ts-api-extractor/src/types.ts": {"path":"/Users/gavin/Works/projects/self/yiird-mono/packages/vue3-ts-api-extractor/src/types.ts","statementMap":{"0":{"start":{"line":26,"column":0},"end":{"line":26,"column":null}},"1":{"start":{"line":27,"column":1},"end":{"line":27,"column":null}},"2":{"start":{"line":28,"column":1},"end":{"line":28,"column":null}},"3":{"start":{"line":29,"column":1},"end":{"line":29,"column":null}},"4":{"start":{"line":30,"column":1},"end":{"line":30,"column":null}},"5":{"start":{"line":66,"column":1},"end":{"line":66,"column":55}},"6":{"start":{"line":65,"column":0},"end":{"line":65,"column":16}},"7":{"start":{"line":70,"column":1},"end":{"line":70,"column":50}},"8":{"start":{"line":69,"column":0},"end":{"line":69,"column":16}},"9":{"start":{"line":74,"column":1},"end":{"line":74,"column":50}},"10":{"start":{"line":73,"column":0},"end":{"line":73,"column":16}},"11":{"start":{"line":78,"column":1},"end":{"line":78,"column":55}},"12":{"start":{"line":77,"column":0},"end":{"line":77,"column":16}}},"fnMap":{"0":{"name":"(anonymous_0)","decl":{"start":{"line":26,"column":0},"end":{"line":26,"column":12}},"loc":{"start":{"line":26,"column":26},"end":{"line":31,"column":1}}},"1":{"name":"isDeclarationInitalizer","decl":{"start":{"line":65,"column":16},"end":{"line":65,"column":39}},"loc":{"start":{"line":65,"column":62},"end":{"line":67,"column":1}}},"2":{"name":"isImportInitalizer","decl":{"start":{"line":69,"column":16},"end":{"line":69,"column":34}},"loc":{"start":{"line":69,"column":57},"end":{"line":71,"column":1}}},"3":{"name":"isExportInitalizer","decl":{"start":{"line":73,"column":16},"end":{"line":73,"column":34}},"loc":{"start":{"line":73,"column":57},"end":{"line":75,"column":1}}},"4":{"name":"isExportFromInitalizer","decl":{"start":{"line":77,"column":16},"end":{"line":77,"column":38}},"loc":{"start":{"line":77,"column":61},"end":{"line":79,"column":1}}}},"branchMap":{"0":{"loc":{"start":{"line":26,"column":12},"end":{"line":26,"column":null}},"type":"binary-expr","locations":[{"start":{"line":26,"column":12},"end":{"line":26,"column":26}},{"start":{"line":26,"column":12},"end":{"line":26,"column":null}}]}},"s":{"0":1,"1":1,"2":1,"3":1,"4":1,"5":4,"6":1,"7":4,"8":1,"9":7,"10":1,"11":4,"12":1},"f":{"0":1,"1":4,"2":4,"3":7,"4":4},"b":{"0":[1,1]}}
,"/Users/gavin/Works/projects/self/yiird-mono/packages/vue3-ts-api-extractor/src/markdown/index.ts": {"path":"/Users/gavin/Works/projects/self/yiird-mono/packages/vue3-ts-api-extractor/src/markdown/index.ts","statementMap":{"0":{"start":{"line":1,"column":0},"end":{"line":1,"column":48}},"1":{"start":{"line":2,"column":0},"end":{"line":2,"column":30}},"2":{"start":{"line":3,"column":0},"end":{"line":3,"column":79}},"3":{"start":{"line":6,"column":25},"end":{"line":45,"column":1}},"4":{"start":{"line":7,"column":15},"end":{"line":15,"column":3}},"5":{"start":{"line":8,"column":2},"end":{"line":14,"column":4}},"6":{"start":{"line":17,"column":15},"end":{"line":23,"column":3}},"7":{"start":{"line":18,"column":2},"end":{"line":22,"column":4}},"8":{"start":{"line":25,"column":30},"end":{"line":25,"column":80}},"9":{"start":{"line":27,"column":1},"end":{"line":30,"column":null}},"10":{"start":{"line":28,"column":2},"end":{"line":28,"column":29}},"11":{"start":{"line":29,"column":2},"end":{"line":29,"column":105}},"12":{"start":{"line":32,"column":1},"end":{"line":35,"column":null}},"13":{"start":{"line":33,"column":2},"end":{"line":33,"column":29}},"14":{"start":{"line":34,"column":2},"end":{"line":34,"column":90}},"15":{"start":{"line":37,"column":10},"end":{"line":37,"column":12}},"16":{"start":{"line":38,"column":1},"end":{"line":42,"column":null}},"17":{"start":{"line":39,"column":2},"end":{"line":39,"column":21}},"18":{"start":{"line":41,"column":2},"end":{"line":41,"column":17}},"19":{"start":{"line":44,"column":1},"end":{"line":44,"column":11}},"20":{"start":{"line":6,"column":13},"end":{"line":6,"column":25}},"21":{"start":{"line":47,"column":11},"end":{"line":53,"column":1}},"22":{"start":{"line":48,"column":11},"end":{"line":48,"column":32}},"23":{"start":{"line":49,"column":1},"end":{"line":51,"column":null}},"24":{"start":{"line":50,"column":2},"end":{"line":50,"column":19}},"25":{"start":{"line":52,"column":1},"end":{"line":52,"column":12}},"26":{"start":{"line":55,"column":19},"end":{"line":57,"column":1}},"27":{"start":{"line":56,"column":1},"end":{"line":56,"column":21}},"28":{"start":{"line":59,"column":16},"end":{"line":67,"column":1}},"29":{"start":{"line":60,"column":1},"end":{"line":66,"column":null}},"30":{"start":{"line":61,"column":18},"end":{"line":61,"column":133}},"31":{"start":{"line":62,"column":15},"end":{"line":62,"column":47}},"32":{"start":{"line":63,"column":2},"end":{"line":63,"column":14}},"33":{"start":{"line":65,"column":2},"end":{"line":65,"column":13}},"34":{"start":{"line":69,"column":14},"end":{"line":79,"column":1}},"35":{"start":{"line":70,"column":1},"end":{"line":78,"column":null}},"36":{"start":{"line":71,"column":15},"end":{"line":71,"column":27}},"37":{"start":{"line":72,"column":2},"end":{"line":74,"column":null}},"38":{"start":{"line":73,"column":3},"end":{"line":73,"column":21}},"39":{"start":{"line":75,"column":2},"end":{"line":75,"column":79}},"40":{"start":{"line":77,"column":2},"end":{"line":77,"column":13}},"41":{"start":{"line":81,"column":18},"end":{"line":99,"column":1}},"42":{"start":{"line":82,"column":26},"end":{"line":82,"column":28}},"43":{"start":{"line":83,"column":1},"end":{"line":83,"column":47}},"44":{"start":{"line":84,"column":1},"end":{"line":84,"column":92}},"45":{"start":{"line":85,"column":1},"end":{"line":85,"column":21}},"46":{"start":{"line":86,"column":1},"end":{"line":95,"column":null}},"47":{"start":{"line":86,"column":14},"end":{"line":86,"column":15}},"48":{"start":{"line":87,"column":19},"end":{"line":87,"column":42}},"49":{"start":{"line":88,"column":2},"end":{"line":88,"column":22}},"50":{"start":{"line":89,"column":2},"end":{"line":89,"column":128}},"51":{"start":{"line":90,"column":2},"end":{"line":90,"column":23}},"52":{"start":{"line":91,"column":2},"end":{"line":94,"column":null}},"53":{"start":{"line":92,"column":20},"end":{"line":92,"column":49}},"54":{"start":{"line":93,"column":3},"end":{"line":93,"column":34}},"55":{"start":{"line":96,"column":1},"end":{"line":96,"column":22}},"56":{"start":{"line":97,"column":1},"end":{"line":97,"column":22}},"57":{"start":{"line":98,"column":1},"end":{"line":98,"column":15}},"58":{"start":{"line":101,"column":14},"end":{"line":101,"column":50}},"59":{"start":{"line":103,"column":22},"end":{"line":122,"column":1}},"60":{"start":{"line":104,"column":16},"end":{"line":104,"column":18}},"61":{"start":{"line":105,"column":1},"end":{"line":120,"column":null}},"62":{"start":{"line":106,"column":16},"end":{"line":106,"column":18}},"63":{"start":{"line":107,"column":2},"end":{"line":107,"column":21}},"64":{"start":{"line":108,"column":2},"end":{"line":108,"column":21}},"65":{"start":{"line":109,"column":2},"end":{"line":109,"column":82}},"66":{"start":{"line":110,"column":2},"end":{"line":110,"column":22}},"67":{"start":{"line":111,"column":2},"end":{"line":111,"column":47}},"68":{"start":{"line":112,"column":2},"end":{"line":112,"column":35}},"69":{"start":{"line":113,"column":2},"end":{"line":113,"column":22}},"70":{"start":{"line":114,"column":2},"end":{"line":117,"column":null}},"71":{"start":{"line":115,"column":20},"end":{"line":115,"column":42}},"72":{"start":{"line":116,"column":3},"end":{"line":116,"column":33}},"73":{"start":{"line":118,"column":2},"end":{"line":118,"column":22}},"74":{"start":{"line":119,"column":2},"end":{"line":119,"column":30}},"75":{"start":{"line":121,"column":1},"end":{"line":121,"column":48}}},"fnMap":{"0":{"name":"(anonymous_1)","decl":{"start":{"line":6,"column":25},"end":{"line":6,"column":26}},"loc":{"start":{"line":6,"column":46},"end":{"line":45,"column":1}}},"1":{"name":"(anonymous_2)","decl":{"start":{"line":7,"column":29},"end":{"line":7,"column":30}},"loc":{"start":{"line":7,"column":38},"end":{"line":15,"column":2}}},"2":{"name":"(anonymous_3)","decl":{"start":{"line":17,"column":29},"end":{"line":17,"column":30}},"loc":{"start":{"line":17,"column":38},"end":{"line":23,"column":2}}},"3":{"name":"(anonymous_4)","decl":{"start":{"line":47,"column":11},"end":{"line":47,"column":12}},"loc":{"start":{"line":47,"column":29},"end":{"line":53,"column":1}}},"4":{"name":"(anonymous_5)","decl":{"start":{"line":55,"column":19},"end":{"line":55,"column":20}},"loc":{"start":{"line":55,"column":35},"end":{"line":57,"column":1}}},"5":{"name":"(anonymous_6)","decl":{"start":{"line":59,"column":16},"end":{"line":59,"column":17}},"loc":{"start":{"line":59,"column":32},"end":{"line":67,"column":1}}},"6":{"name":"(anonymous_7)","decl":{"start":{"line":69,"column":14},"end":{"line":69,"column":15}},"loc":{"start":{"line":69,"column":30},"end":{"line":79,"column":1}}},"7":{"name":"(anonymous_8)","decl":{"start":{"line":81,"column":18},"end":{"line":81,"column":19}},"loc":{"start":{"line":81,"column":61},"end":{"line":99,"column":1}}},"8":{"name":"(anonymous_9)","decl":{"start":{"line":103,"column":22},"end":{"line":103,"column":23}},"loc":{"start":{"line":103,"column":53},"end":{"line":122,"column":1}}}},"branchMap":{"0":{"loc":{"start":{"line":21,"column":17},"end":{"line":21,"column":71}},"type":"binary-expr","locations":[{"start":{"line":21,"column":17},"end":{"line":21,"column":35}},{"start":{"line":21,"column":39},"end":{"line":21,"column":71}}]},"1":{"loc":{"start":{"line":27,"column":1},"end":{"line":30,"column":null}},"type":"if","locations":[{"start":{"line":27,"column":1},"end":{"line":30,"column":null}}]},"2":{"loc":{"start":{"line":32,"column":1},"end":{"line":35,"column":null}},"type":"if","locations":[{"start":{"line":32,"column":1},"end":{"line":35,"column":null}}]},"3":{"loc":{"start":{"line":48,"column":11},"end":{"line":48,"column":32}},"type":"cond-expr","locations":[{"start":{"line":48,"column":18},"end":{"line":48,"column":27}},{"start":{"line":48,"column":30},"end":{"line":48,"column":32}}]},"4":{"loc":{"start":{"line":49,"column":1},"end":{"line":51,"column":null}},"type":"if","locations":[{"start":{"line":49,"column":1},"end":{"line":51,"column":null}}]},"5":{"loc":{"start":{"line":72,"column":2},"end":{"line":74,"column":null}},"type":"if","locations":[{"start":{"line":72,"column":2},"end":{"line":74,"column":null}}]},"6":{"loc":{"start":{"line":72,"column":6},"end":{"line":72,"column":94}},"type":"binary-expr","locations":[{"start":{"line":72,"column":6},"end":{"line":72,"column":20}},{"start":{"line":72,"column":24},"end":{"line":72,"column":38}},{"start":{"line":72,"column":42},"end":{"line":72,"column":57}},{"start":{"line":72,"column":61},"end":{"line":72,"column":73}},{"start":{"line":72,"column":77},"end":{"line":72,"column":94}}]},"7":{"loc":{"start":{"line":89,"column":48},"end":{"line":89,"column":98}},"type":"cond-expr","locations":[{"start":{"line":89,"column":74},"end":{"line":89,"column":87}},{"start":{"line":89,"column":90},"end":{"line":89,"column":98}}]},"8":{"loc":{"start":{"line":91,"column":2},"end":{"line":94,"column":null}},"type":"if","locations":[{"start":{"line":91,"column":2},"end":{"line":94,"column":null}}]},"9":{"loc":{"start":{"line":109,"column":30},"end":{"line":109,"column":76}},"type":"cond-expr","locations":[{"start":{"line":109,"column":51},"end":{"line":109,"column":59}},{"start":{"line":109,"column":62},"end":{"line":109,"column":76}}]},"10":{"loc":{"start":{"line":114,"column":2},"end":{"line":117,"column":null}},"type":"if","locations":[{"start":{"line":114,"column":2},"end":{"line":117,"column":null}}]},"11":{"loc":{"start":{"line":114,"column":6},"end":{"line":114,"column":79}},"type":"binary-expr","locations":[{"start":{"line":114,"column":6},"end":{"line":114,"column":25}},{"start":{"line":114,"column":29},"end":{"line":114,"column":47}},{"start":{"line":114,"column":51},"end":{"line":114,"column":79}}]}},"s":{"0":1,"1":1,"2":1,"3":1,"4":1,"5":4,"6":1,"7":2,"8":1,"9":1,"10":1,"11":1,"12":1,"13":1,"14":1,"15":1,"16":1,"17":1,"18":0,"19":1,"20":1,"21":1,"22":26,"23":26,"24":20,"25":26,"26":1,"27":8,"28":1,"29":4,"30":4,"31":4,"32":0,"33":4,"34":1,"35":4,"36":4,"37":4,"38":4,"39":0,"40":4,"41":1,"42":2,"43":2,"44":2,"45":2,"46":2,"47":2,"48":4,"49":4,"50":4,"51":4,"52":4,"53":1,"54":1,"55":2,"56":2,"57":2,"58":1,"59":1,"60":2,"61":2,"62":2,"63":2,"64":2,"65":2,"66":2,"67":2,"68":2,"69":2,"70":2,"71":1,"72":1,"73":2,"74":2,"75":2},"f":{"0":1,"1":4,"2":2,"3":26,"4":8,"5":4,"6":4,"7":2,"8":2},"b":{"0":[2,2],"1":[1],"2":[1],"3":[20,6],"4":[20],"5":[4],"6":[4,0,0,0,0],"7":[4,0],"8":[1],"9":[1,1],"10":[1],"11":[2,1,1]}}
,"/Users/gavin/Works/projects/self/yiird-mono/packages/vue3-ts-api-extractor/src/parser/loader.ts": {"path":"/Users/gavin/Works/projects/self/yiird-mono/packages/vue3-ts-api-extractor/src/parser/loader.ts","statementMap":{"0":{"start":{"line":1,"column":0},"end":{"line":1,"column":52}},"1":{"start":{"line":3,"column":0},"end":{"line":3,"column":71}},"2":{"start":{"line":4,"column":0},"end":{"line":4,"column":34}},"3":{"start":{"line":5,"column":0},"end":{"line":5,"column":38}},"4":{"start":{"line":6,"column":0},"end":{"line":6,"column":37}},"5":{"start":{"line":7,"column":0},"end":{"line":7,"column":null}},"6":{"start":{"line":22,"column":0},"end":{"line":22,"column":null}},"7":{"start":{"line":33,"column":0},"end":{"line":33,"column":49}},"8":{"start":{"line":35,"column":27},"end":{"line":40,"column":1}},"9":{"start":{"line":36,"column":42},"end":{"line":36,"column":44}},"10":{"start":{"line":37,"column":1},"end":{"line":37,"column":37}},"11":{"start":{"line":38,"column":1},"end":{"line":38,"column":35}},"12":{"start":{"line":39,"column":1},"end":{"line":39,"column":24}},"13":{"start":{"line":42,"column":44},"end":{"line":47,"column":2}},"14":{"start":{"line":54,"column":18},"end":{"line":54,"column":23}},"15":{"start":{"line":59,"column":22},"end":{"line":59,"column":23}},"16":{"start":{"line":63,"column":61},"end":{"line":63,"column":70}},"17":{"start":{"line":67,"column":71},"end":{"line":67,"column":80}},"18":{"start":{"line":69,"column":61},"end":{"line":69,"column":70}},"19":{"start":{"line":71,"column":69},"end":{"line":71,"column":78}},"20":{"start":{"line":74,"column":2},"end":{"line":74,"column":10}},"21":{"start":{"line":75,"column":2},"end":{"line":75,"column":28}},"22":{"start":{"line":76,"column":2},"end":{"line":76,"column":24}},"23":{"start":{"line":77,"column":2},"end":{"line":77,"column":37}},"24":{"start":{"line":78,"column":2},"end":{"line":78,"column":47}},"25":{"start":{"line":79,"column":2},"end":{"line":93,"column":null}},"26":{"start":{"line":80,"column":3},"end":{"line":80,"column":22}},"27":{"start":{"line":81,"column":27},"end":{"line":81,"column":55}},"28":{"start":{"line":82,"column":15},"end":{"line":82,"column":54}},"29":{"start":{"line":83,"column":18},"end":{"line":83,"column":48}},"30":{"start":{"line":84,"column":3},"end":{"line":86,"column":null}},"31":{"start":{"line":85,"column":4},"end":{"line":85,"column":22}},"32":{"start":{"line":87,"column":3},"end":{"line":87,"column":25}},"33":{"start":{"line":88,"column":20},"end":{"line":88,"column":43}},"34":{"start":{"line":89,"column":3},"end":{"line":89,"column":37}},"35":{"start":{"line":90,"column":3},"end":{"line":90,"column":38}},"36":{"start":{"line":92,"column":3},"end":{"line":92,"column":31}},"37":{"start":{"line":94,"column":2},"end":{"line":94,"column":66}},"38":{"start":{"line":95,"column":2},"end":{"line":95,"column":15}},"39":{"start":{"line":96,"column":2},"end":{"line":96,"column":50}},"40":{"start":{"line":103,"column":2},"end":{"line":103,"column":64}},"41":{"start":{"line":104,"column":2},"end":{"line":104,"column":74}},"42":{"start":{"line":105,"column":2},"end":{"line":105,"column":64}},"43":{"start":{"line":106,"column":2},"end":{"line":106,"column":72}},"44":{"start":{"line":109,"column":17},"end":{"line":109,"column":73}},"45":{"start":{"line":111,"column":2},"end":{"line":111,"column":35}},"46":{"start":{"line":113,"column":2},"end":{"line":113,"column":104}},"47":{"start":{"line":115,"column":16},"end":{"line":117,"column":4}},"48":{"start":{"line":118,"column":2},"end":{"line":134,"column":5}},"49":{"start":{"line":119,"column":3},"end":{"line":133,"column":null}},"50":{"start":{"line":120,"column":24},"end":{"line":120,"column":56}},"51":{"start":{"line":121,"column":4},"end":{"line":132,"column":7}},"52":{"start":{"line":122,"column":18},"end":{"line":122,"column":33}},"53":{"start":{"line":123,"column":5},"end":{"line":131,"column":null}},"54":{"start":{"line":124,"column":6},"end":{"line":124,"column":52}},"55":{"start":{"line":125,"column":12},"end":{"line":131,"column":null}},"56":{"start":{"line":126,"column":6},"end":{"line":126,"column":56}},"57":{"start":{"line":127,"column":12},"end":{"line":131,"column":null}},"58":{"start":{"line":128,"column":6},"end":{"line":128,"column":57}},"59":{"start":{"line":129,"column":12},"end":{"line":131,"column":null}},"60":{"start":{"line":130,"column":6},"end":{"line":130,"column":52}},"61":{"start":{"line":138,"column":2},"end":{"line":144,"column":5}},"62":{"start":{"line":139,"column":3},"end":{"line":143,"column":null}},"63":{"start":{"line":140,"column":4},"end":{"line":140,"column":71}},"64":{"start":{"line":142,"column":4},"end":{"line":142,"column":62}},"65":{"start":{"line":148,"column":2},"end":{"line":150,"column":null}},"66":{"start":{"line":149,"column":3},"end":{"line":149,"column":54}},"67":{"start":{"line":151,"column":2},"end":{"line":151,"column":100}},"68":{"start":{"line":155,"column":2},"end":{"line":161,"column":5}},"69":{"start":{"line":156,"column":3},"end":{"line":160,"column":null}},"70":{"start":{"line":157,"column":4},"end":{"line":157,"column":71}},"71":{"start":{"line":159,"column":4},"end":{"line":159,"column":62}},"72":{"start":{"line":165,"column":32},"end":{"line":165,"column":80}},"73":{"start":{"line":167,"column":2},"end":{"line":173,"column":null}},"74":{"start":{"line":168,"column":3},"end":{"line":172,"column":null}},"75":{"start":{"line":169,"column":4},"end":{"line":169,"column":101}},"76":{"start":{"line":171,"column":4},"end":{"line":171,"column":56}},"77":{"start":{"line":174,"column":2},"end":{"line":191,"column":null}},"78":{"start":{"line":175,"column":28},"end":{"line":175,"column":71}},"79":{"start":{"line":176,"column":3},"end":{"line":190,"column":null}},"80":{"start":{"line":177,"column":4},"end":{"line":189,"column":null}},"81":{"start":{"line":178,"column":27},"end":{"line":178,"column":112}},"82":{"start":{"line":179,"column":5},"end":{"line":188,"column":null}},"83":{"start":{"line":180,"column":25},"end":{"line":180,"column":62}},"84":{"start":{"line":181,"column":6},"end":{"line":187,"column":null}},"85":{"start":{"line":182,"column":7},"end":{"line":184,"column":null}},"86":{"start":{"line":183,"column":8},"end":{"line":183,"column":37}},"87":{"start":{"line":185,"column":28},"end":{"line":185,"column":89}},"88":{"start":{"line":186,"column":7},"end":{"line":186,"column":41}},"89":{"start":{"line":192,"column":2},"end":{"line":194,"column":null}},"90":{"start":{"line":193,"column":3},"end":{"line":193,"column":35}},"91":{"start":{"line":195,"column":2},"end":{"line":195,"column":16}},"92":{"start":{"line":204,"column":2},"end":{"line":230,"column":null}},"93":{"start":{"line":205,"column":50},"end":{"line":205,"column":52}},"94":{"start":{"line":206,"column":3},"end":{"line":226,"column":6}},"95":{"start":{"line":207,"column":4},"end":{"line":225,"column":null}},"96":{"start":{"line":208,"column":25},"end":{"line":208,"column":74}},"97":{"start":{"line":209,"column":5},"end":{"line":216,"column":null}},"98":{"start":{"line":210,"column":6},"end":{"line":215,"column":null}},"99":{"start":{"line":211,"column":27},"end":{"line":211,"column":49}},"100":{"start":{"line":212,"column":7},"end":{"line":214,"column":null}},"101":{"start":{"line":213,"column":8},"end":{"line":213,"column":40}},"102":{"start":{"line":217,"column":11},"end":{"line":225,"column":null}},"103":{"start":{"line":218,"column":33},"end":{"line":218,"column":84}},"104":{"start":{"line":219,"column":5},"end":{"line":221,"column":null}},"105":{"start":{"line":220,"column":6},"end":{"line":220,"column":96}},"106":{"start":{"line":222,"column":5},"end":{"line":222,"column":31}},"107":{"start":{"line":224,"column":5},"end":{"line":224,"column":31}},"108":{"start":{"line":227,"column":3},"end":{"line":229,"column":null}},"109":{"start":{"line":228,"column":4},"end":{"line":228,"column":73}},"110":{"start":{"line":231,"column":2},"end":{"line":231,"column":20}},"111":{"start":{"line":235,"column":2},"end":{"line":235,"column":36}},"112":{"start":{"line":239,"column":2},"end":{"line":239,"column":46}},"113":{"start":{"line":246,"column":2},"end":{"line":246,"column":29}},"114":{"start":{"line":247,"column":2},"end":{"line":247,"column":24}},"115":{"start":{"line":248,"column":2},"end":{"line":248,"column":20}},"116":{"start":{"line":256,"column":17},"end":{"line":256,"column":34}},"117":{"start":{"line":257,"column":2},"end":{"line":264,"column":5}},"118":{"start":{"line":258,"column":3},"end":{"line":263,"column":null}},"119":{"start":{"line":259,"column":4},"end":{"line":259,"column":11}},"120":{"start":{"line":261,"column":22},"end":{"line":261,"column":110}},"121":{"start":{"line":262,"column":4},"end":{"line":262,"column":39}},"122":{"start":{"line":265,"column":2},"end":{"line":265,"column":16}},"123":{"start":{"line":269,"column":2},"end":{"line":269,"column":38}},"124":{"start":{"line":273,"column":2},"end":{"line":273,"column":33}},"125":{"start":{"line":277,"column":2},"end":{"line":277,"column":33}},"126":{"start":{"line":281,"column":2},"end":{"line":281,"column":22}},"127":{"start":{"line":285,"column":2},"end":{"line":285,"column":19}},"128":{"start":{"line":289,"column":2},"end":{"line":289,"column":22}},"129":{"start":{"line":293,"column":2},"end":{"line":293,"column":21}},"130":{"start":{"line":297,"column":2},"end":{"line":297,"column":24}},"131":{"start":{"line":300,"column":2},"end":{"line":300,"column":27}},"132":{"start":{"line":49,"column":0},"end":{"line":49,"column":13}},"133":{"start":{"line":306,"column":28},"end":{"line":306,"column":30}},"134":{"start":{"line":307,"column":43},"end":{"line":307,"column":52}},"135":{"start":{"line":308,"column":45},"end":{"line":308,"column":54}},"136":{"start":{"line":309,"column":35},"end":{"line":313,"column":3}},"137":{"start":{"line":316,"column":2},"end":{"line":316,"column":10}},"138":{"start":{"line":317,"column":2},"end":{"line":317,"column":67}},"139":{"start":{"line":318,"column":2},"end":{"line":318,"column":34}},"140":{"start":{"line":319,"column":2},"end":{"line":319,"column":24}},"141":{"start":{"line":320,"column":2},"end":{"line":320,"column":42}},"142":{"start":{"line":334,"column":2},"end":{"line":348,"column":5}},"143":{"start":{"line":336,"column":33},"end":{"line":339,"column":5}},"144":{"start":{"line":340,"column":3},"end":{"line":346,"column":null}},"145":{"start":{"line":341,"column":4},"end":{"line":341,"column":30}},"146":{"start":{"line":342,"column":4},"end":{"line":342,"column":76}},"147":{"start":{"line":344,"column":4},"end":{"line":344,"column":53}},"148":{"start":{"line":345,"column":4},"end":{"line":345,"column":89}},"149":{"start":{"line":347,"column":3},"end":{"line":347,"column":30}},"150":{"start":{"line":352,"column":27},"end":{"line":352,"column":29}},"151":{"start":{"line":353,"column":20},"end":{"line":353,"column":49}},"152":{"start":{"line":354,"column":2},"end":{"line":354,"column":40}},"153":{"start":{"line":355,"column":2},"end":{"line":355,"column":54}},"154":{"start":{"line":356,"column":2},"end":{"line":365,"column":5}},"155":{"start":{"line":357,"column":16},"end":{"line":357,"column":43}},"156":{"start":{"line":358,"column":3},"end":{"line":361,"column":null}},"157":{"start":{"line":359,"column":4},"end":{"line":359,"column":31}},"158":{"start":{"line":360,"column":4},"end":{"line":360,"column":40}},"159":{"start":{"line":362,"column":3},"end":{"line":362,"column":24}},"160":{"start":{"line":363,"column":19},"end":{"line":363,"column":49}},"161":{"start":{"line":364,"column":3},"end":{"line":364,"column":27}},"162":{"start":{"line":366,"column":2},"end":{"line":366,"column":16}},"163":{"start":{"line":374,"column":14},"end":{"line":374,"column":25}},"164":{"start":{"line":375,"column":2},"end":{"line":375,"column":35}},"165":{"start":{"line":378,"column":32},"end":{"line":378,"column":34}},"166":{"start":{"line":379,"column":2},"end":{"line":381,"column":5}},"167":{"start":{"line":380,"column":3},"end":{"line":380,"column":50}},"168":{"start":{"line":383,"column":2},"end":{"line":383,"column":35}},"169":{"start":{"line":387,"column":54},"end":{"line":387,"column":56}},"170":{"start":{"line":388,"column":2},"end":{"line":403,"column":null}},"171":{"start":{"line":389,"column":3},"end":{"line":395,"column":6}},"172":{"start":{"line":390,"column":19},"end":{"line":390,"column":45}},"173":{"start":{"line":391,"column":4},"end":{"line":394,"column":7}},"174":{"start":{"line":397,"column":3},"end":{"line":402,"column":6}},"175":{"start":{"line":398,"column":4},"end":{"line":401,"column":7}},"176":{"start":{"line":404,"column":2},"end":{"line":406,"column":5}},"177":{"start":{"line":404,"column":25},"end":{"line":404,"column":75}},"178":{"start":{"line":405,"column":3},"end":{"line":405,"column":55}},"179":{"start":{"line":410,"column":2},"end":{"line":410,"column":21}},"180":{"start":{"line":414,"column":2},"end":{"line":414,"column":69}},"181":{"start":{"line":414,"column":38},"end":{"line":414,"column":67}},"182":{"start":{"line":418,"column":2},"end":{"line":418,"column":22}},"183":{"start":{"line":422,"column":2},"end":{"line":422,"column":36}},"184":{"start":{"line":426,"column":2},"end":{"line":426,"column":23}},"185":{"start":{"line":304,"column":0},"end":{"line":304,"column":13}}},"fnMap":{"0":{"name":"(anonymous_7)","decl":{"start":{"line":35,"column":27},"end":{"line":35,"column":28}},"loc":{"start":{"line":35,"column":65},"end":{"line":40,"column":1}}},"1":{"name":"(anonymous_8)","decl":{"start":{"line":73,"column":1},"end":{"line":73,"column":13}},"loc":{"start":{"line":73,"column":46},"end":{"line":97,"column":2}}},"2":{"name":"(anonymous_9)","decl":{"start":{"line":102,"column":9},"end":{"line":102,"column":14}},"loc":{"start":{"line":102,"column":14},"end":{"line":135,"column":2}}},"3":{"name":"(anonymous_10)","decl":{"start":{"line":118,"column":16},"end":{"line":118,"column":17}},"loc":{"start":{"line":118,"column":25},"end":{"line":134,"column":3}}},"4":{"name":"(anonymous_11)","decl":{"start":{"line":121,"column":24},"end":{"line":121,"column":25}},"loc":{"start":{"line":121,"column":39},"end":{"line":132,"column":5}}},"5":{"name":"(anonymous_12)","decl":{"start":{"line":137,"column":9},"end":{"line":137,"column":23}},"loc":{"start":{"line":137,"column":23},"end":{"line":145,"column":2}}},"6":{"name":"(anonymous_13)","decl":{"start":{"line":138,"column":34},"end":{"line":138,"column":35}},"loc":{"start":{"line":138,"column":50},"end":{"line":144,"column":3}}},"7":{"name":"(anonymous_14)","decl":{"start":{"line":147,"column":9},"end":{"line":147,"column":18}},"loc":{"start":{"line":147,"column":29},"end":{"line":152,"column":2}}},"8":{"name":"(anonymous_15)","decl":{"start":{"line":154,"column":9},"end":{"line":154,"column":28}},"loc":{"start":{"line":154,"column":28},"end":{"line":162,"column":2}}},"9":{"name":"(anonymous_16)","decl":{"start":{"line":155,"column":39},"end":{"line":155,"column":40}},"loc":{"start":{"line":155,"column":55},"end":{"line":161,"column":3}}},"10":{"name":"(anonymous_17)","decl":{"start":{"line":164,"column":8},"end":{"line":164,"column":21}},"loc":{"start":{"line":164,"column":44},"end":{"line":196,"column":2}}},"11":{"name":"(anonymous_18)","decl":{"start":{"line":203,"column":9},"end":{"line":203,"column":33}},"loc":{"start":{"line":203,"column":50},"end":{"line":232,"column":2}}},"12":{"name":"(anonymous_19)","decl":{"start":{"line":206,"column":33},"end":{"line":206,"column":34}},"loc":{"start":{"line":206,"column":46},"end":{"line":226,"column":4}}},"13":{"name":"(anonymous_20)","decl":{"start":{"line":234,"column":9},"end":{"line":234,"column":26}},"loc":{"start":{"line":234,"column":26},"end":{"line":236,"column":2}}},"14":{"name":"(anonymous_21)","decl":{"start":{"line":238,"column":9},"end":{"line":238,"column":24}},"loc":{"start":{"line":238,"column":24},"end":{"line":240,"column":2}}},"15":{"name":"(anonymous_22)","decl":{"start":{"line":245,"column":9},"end":{"line":245,"column":24}},"loc":{"start":{"line":245,"column":24},"end":{"line":249,"column":2}}},"16":{"name":"(anonymous_23)","decl":{"start":{"line":255,"column":8},"end":{"line":255,"column":21}},"loc":{"start":{"line":255,"column":21},"end":{"line":266,"column":2}}},"17":{"name":"(anonymous_24)","decl":{"start":{"line":257,"column":34},"end":{"line":257,"column":35}},"loc":{"start":{"line":257,"column":44},"end":{"line":264,"column":3}}},"18":{"name":"(anonymous_25)","decl":{"start":{"line":268,"column":8},"end":{"line":268,"column":23}},"loc":{"start":{"line":268,"column":23},"end":{"line":270,"column":2}}},"19":{"name":"(anonymous_26)","decl":{"start":{"line":272,"column":8},"end":{"line":272,"column":29}},"loc":{"start":{"line":272,"column":29},"end":{"line":274,"column":2}}},"20":{"name":"(anonymous_27)","decl":{"start":{"line":276,"column":8},"end":{"line":276,"column":21}},"loc":{"start":{"line":276,"column":21},"end":{"line":278,"column":2}}},"21":{"name":"(anonymous_28)","decl":{"start":{"line":280,"column":8},"end":{"line":280,"column":17}},"loc":{"start":{"line":280,"column":17},"end":{"line":282,"column":2}}},"22":{"name":"(anonymous_29)","decl":{"start":{"line":284,"column":8},"end":{"line":284,"column":14}},"loc":{"start":{"line":284,"column":14},"end":{"line":286,"column":2}}},"23":{"name":"(anonymous_30)","decl":{"start":{"line":288,"column":8},"end":{"line":288,"column":17}},"loc":{"start":{"line":288,"column":17},"end":{"line":290,"column":2}}},"24":{"name":"(anonymous_31)","decl":{"start":{"line":292,"column":8},"end":{"line":292,"column":13}},"loc":{"start":{"line":292,"column":13},"end":{"line":294,"column":2}}},"25":{"name":"(anonymous_32)","decl":{"start":{"line":296,"column":8},"end":{"line":296,"column":19}},"loc":{"start":{"line":296,"column":19},"end":{"line":298,"column":2}}},"26":{"name":"(anonymous_33)","decl":{"start":{"line":299,"column":8},"end":{"line":299,"column":22}},"loc":{"start":{"line":299,"column":22},"end":{"line":301,"column":2}}},"27":{"name":"(anonymous_34)","decl":{"start":{"line":315,"column":1},"end":{"line":315,"column":13}},"loc":{"start":{"line":315,"column":35},"end":{"line":326,"column":2}}},"28":{"name":"(anonymous_35)","decl":{"start":{"line":332,"column":9},"end":{"line":332,"column":23}},"loc":{"start":{"line":332,"column":23},"end":{"line":349,"column":2}}},"29":{"name":"(anonymous_36)","decl":{"start":{"line":334,"column":33},"end":{"line":334,"column":34}},"loc":{"start":{"line":334,"column":45},"end":{"line":348,"column":3}}},"30":{"name":"(anonymous_37)","decl":{"start":{"line":351,"column":9},"end":{"line":351,"column":23}},"loc":{"start":{"line":351,"column":40},"end":{"line":367,"column":2}}},"31":{"name":"(anonymous_38)","decl":{"start":{"line":356,"column":36},"end":{"line":356,"column":37}},"loc":{"start":{"line":356,"column":50},"end":{"line":365,"column":3}}},"32":{"name":"(anonymous_39)","decl":{"start":{"line":373,"column":8},"end":{"line":373,"column":12}},"loc":{"start":{"line":373,"column":30},"end":{"line":384,"column":2}}},"33":{"name":"(anonymous_40)","decl":{"start":{"line":379,"column":16},"end":{"line":379,"column":17}},"loc":{"start":{"line":379,"column":25},"end":{"line":381,"column":3}}},"34":{"name":"(anonymous_41)","decl":{"start":{"line":386,"column":11},"end":{"line":386,"column":26}},"loc":{"start":{"line":386,"column":49},"end":{"line":407,"column":2}}},"35":{"name":"(anonymous_42)","decl":{"start":{"line":389,"column":21},"end":{"line":389,"column":22}},"loc":{"start":{"line":389,"column":34},"end":{"line":395,"column":4}}},"36":{"name":"(anonymous_43)","decl":{"start":{"line":397,"column":24},"end":{"line":397,"column":25}},"loc":{"start":{"line":397,"column":41},"end":{"line":402,"column":4}}},"37":{"name":"(anonymous_44)","decl":{"start":{"line":404,"column":12},"end":{"line":404,"column":13}},"loc":{"start":{"line":404,"column":25},"end":{"line":404,"column":75}}},"38":{"name":"(anonymous_45)","decl":{"start":{"line":404,"column":86},"end":{"line":404,"column":87}},"loc":{"start":{"line":404,"column":95},"end":{"line":406,"column":3}}},"39":{"name":"(anonymous_46)","decl":{"start":{"line":409,"column":8},"end":{"line":409,"column":16}},"loc":{"start":{"line":409,"column":16},"end":{"line":411,"column":2}}},"40":{"name":"(anonymous_47)","decl":{"start":{"line":413,"column":8},"end":{"line":413,"column":15}},"loc":{"start":{"line":413,"column":15},"end":{"line":415,"column":2}}},"41":{"name":"(anonymous_48)","decl":{"start":{"line":414,"column":28},"end":{"line":414,"column":29}},"loc":{"start":{"line":414,"column":38},"end":{"line":414,"column":67}}},"42":{"name":"(anonymous_49)","decl":{"start":{"line":417,"column":8},"end":{"line":417,"column":19}},"loc":{"start":{"line":417,"column":19},"end":{"line":419,"column":2}}},"43":{"name":"(anonymous_50)","decl":{"start":{"line":421,"column":8},"end":{"line":421,"column":16}},"loc":{"start":{"line":421,"column":33},"end":{"line":423,"column":2}}},"44":{"name":"(anonymous_51)","decl":{"start":{"line":425,"column":8},"end":{"line":425,"column":18}},"loc":{"start":{"line":425,"column":18},"end":{"line":427,"column":2}}}},"branchMap":{"0":{"loc":{"start":{"line":79,"column":2},"end":{"line":93,"column":null}},"type":"if","locations":[{"start":{"line":79,"column":2},"end":{"line":93,"column":null}},{"start":{"line":91,"column":9},"end":{"line":93,"column":null}}]},"1":{"loc":{"start":{"line":84,"column":3},"end":{"line":86,"column":null}},"type":"if","locations":[{"start":{"line":84,"column":3},"end":{"line":86,"column":null}}]},"2":{"loc":{"start":{"line":119,"column":3},"end":{"line":133,"column":null}},"type":"if","locations":[{"start":{"line":119,"column":3},"end":{"line":133,"column":null}}]},"3":{"loc":{"start":{"line":123,"column":5},"end":{"line":131,"column":null}},"type":"if","locations":[{"start":{"line":123,"column":5},"end":{"line":131,"column":null}},{"start":{"line":125,"column":12},"end":{"line":131,"column":null}}]},"4":{"loc":{"start":{"line":125,"column":12},"end":{"line":131,"column":null}},"type":"if","locations":[{"start":{"line":125,"column":12},"end":{"line":131,"column":null}},{"start":{"line":127,"column":12},"end":{"line":131,"column":null}}]},"5":{"loc":{"start":{"line":127,"column":12},"end":{"line":131,"column":null}},"type":"if","locations":[{"start":{"line":127,"column":12},"end":{"line":131,"column":null}},{"start":{"line":129,"column":12},"end":{"line":131,"column":null}}]},"6":{"loc":{"start":{"line":129,"column":12},"end":{"line":131,"column":null}},"type":"if","locations":[{"start":{"line":129,"column":12},"end":{"line":131,"column":null}}]},"7":{"loc":{"start":{"line":139,"column":3},"end":{"line":143,"column":null}},"type":"if","locations":[{"start":{"line":139,"column":3},"end":{"line":143,"column":null}},{"start":{"line":141,"column":10},"end":{"line":143,"column":null}}]},"8":{"loc":{"start":{"line":148,"column":2},"end":{"line":150,"column":null}},"type":"if","locations":[{"start":{"line":148,"column":2},"end":{"line":150,"column":null}}]},"9":{"loc":{"start":{"line":151,"column":9},"end":{"line":151,"column":99}},"type":"cond-expr","locations":[{"start":{"line":151,"column":57},"end":{"line":151,"column":92}},{"start":{"line":151,"column":95},"end":{"line":151,"column":99}}]},"10":{"loc":{"start":{"line":156,"column":3},"end":{"line":160,"column":null}},"type":"if","locations":[{"start":{"line":156,"column":3},"end":{"line":160,"column":null}},{"start":{"line":158,"column":10},"end":{"line":160,"column":null}}]},"11":{"loc":{"start":{"line":167,"column":2},"end":{"line":173,"column":null}},"type":"if","locations":[{"start":{"line":167,"column":2},"end":{"line":173,"column":null}}]},"12":{"loc":{"start":{"line":168,"column":3},"end":{"line":172,"column":null}},"type":"if","locations":[{"start":{"line":168,"column":3},"end":{"line":172,"column":null}},{"start":{"line":170,"column":10},"end":{"line":172,"column":null}}]},"13":{"loc":{"start":{"line":169,"column":13},"end":{"line":169,"column":100}},"type":"binary-expr","locations":[{"start":{"line":169,"column":13},"end":{"line":169,"column":45}},{"start":{"line":169,"column":49},"end":{"line":169,"column":100}}]},"14":{"loc":{"start":{"line":174,"column":2},"end":{"line":191,"column":null}},"type":"if","locations":[{"start":{"line":174,"column":2},"end":{"line":191,"column":null}}]},"15":{"loc":{"start":{"line":176,"column":3},"end":{"line":190,"column":null}},"type":"if","locations":[{"start":{"line":176,"column":3},"end":{"line":190,"column":null}}]},"16":{"loc":{"start":{"line":177,"column":4},"end":{"line":189,"column":null}},"type":"if","locations":[{"start":{"line":177,"column":4},"end":{"line":189,"column":null}}]},"17":{"loc":{"start":{"line":179,"column":5},"end":{"line":188,"column":null}},"type":"if","locations":[{"start":{"line":179,"column":5},"end":{"line":188,"column":null}}]},"18":{"loc":{"start":{"line":181,"column":6},"end":{"line":187,"column":null}},"type":"if","locations":[{"start":{"line":181,"column":6},"end":{"line":187,"column":null}}]},"19":{"loc":{"start":{"line":182,"column":7},"end":{"line":184,"column":null}},"type":"if","locations":[{"start":{"line":182,"column":7},"end":{"line":184,"column":null}}]},"20":{"loc":{"start":{"line":192,"column":2},"end":{"line":194,"column":null}},"type":"if","locations":[{"start":{"line":192,"column":2},"end":{"line":194,"column":null}}]},"21":{"loc":{"start":{"line":204,"column":2},"end":{"line":230,"column":null}},"type":"if","locations":[{"start":{"line":204,"column":2},"end":{"line":230,"column":null}}]},"22":{"loc":{"start":{"line":207,"column":4},"end":{"line":225,"column":null}},"type":"if","locations":[{"start":{"line":207,"column":4},"end":{"line":225,"column":null}},{"start":{"line":217,"column":11},"end":{"line":225,"column":null}}]},"23":{"loc":{"start":{"line":209,"column":5},"end":{"line":216,"column":null}},"type":"if","locations":[{"start":{"line":209,"column":5},"end":{"line":216,"column":null}}]},"24":{"loc":{"start":{"line":210,"column":6},"end":{"line":215,"column":null}},"type":"if","locations":[{"start":{"line":210,"column":6},"end":{"line":215,"column":null}}]},"25":{"loc":{"start":{"line":212,"column":7},"end":{"line":214,"column":null}},"type":"if","locations":[{"start":{"line":212,"column":7},"end":{"line":214,"column":null}}]},"26":{"loc":{"start":{"line":217,"column":11},"end":{"line":225,"column":null}},"type":"if","locations":[{"start":{"line":217,"column":11},"end":{"line":225,"column":null}},{"start":{"line":223,"column":11},"end":{"line":225,"column":null}}]},"27":{"loc":{"start":{"line":217,"column":15},"end":{"line":217,"column":98}},"type":"binary-expr","locations":[{"start":{"line":217,"column":15},"end":{"line":217,"column":45}},{"start":{"line":217,"column":49},"end":{"line":217,"column":98}}]},"28":{"loc":{"start":{"line":219,"column":5},"end":{"line":221,"column":null}},"type":"if","locations":[{"start":{"line":219,"column":5},"end":{"line":221,"column":null}}]},"29":{"loc":{"start":{"line":227,"column":3},"end":{"line":229,"column":null}},"type":"if","locations":[{"start":{"line":227,"column":3},"end":{"line":229,"column":null}}]},"30":{"loc":{"start":{"line":258,"column":3},"end":{"line":263,"column":null}},"type":"if","locations":[{"start":{"line":258,"column":3},"end":{"line":263,"column":null}},{"start":{"line":260,"column":10},"end":{"line":263,"column":null}}]},"31":{"loc":{"start":{"line":262,"column":4},"end":{"line":262,"column":38}},"type":"binary-expr","locations":[{"start":{"line":262,"column":4},"end":{"line":262,"column":13}},{"start":{"line":262,"column":17},"end":{"line":262,"column":38}}]},"32":{"loc":{"start":{"line":340,"column":3},"end":{"line":346,"column":null}},"type":"if","locations":[{"start":{"line":340,"column":3},"end":{"line":346,"column":null}},{"start":{"line":343,"column":10},"end":{"line":346,"column":null}}]},"33":{"loc":{"start":{"line":355,"column":2},"end":{"line":355,"column":53}},"type":"binary-expr","locations":[{"start":{"line":355,"column":2},"end":{"line":355,"column":28}},{"start":{"line":355,"column":32},"end":{"line":355,"column":53}}]},"34":{"loc":{"start":{"line":358,"column":3},"end":{"line":361,"column":null}},"type":"if","locations":[{"start":{"line":358,"column":3},"end":{"line":361,"column":null}}]},"35":{"loc":{"start":{"line":375,"column":2},"end":{"line":375,"column":34}},"type":"binary-expr","locations":[{"start":{"line":375,"column":2},"end":{"line":375,"column":10}},{"start":{"line":375,"column":15},"end":{"line":375,"column":33}}]},"36":{"loc":{"start":{"line":388,"column":2},"end":{"line":403,"column":null}},"type":"if","locations":[{"start":{"line":388,"column":2},"end":{"line":403,"column":null}},{"start":{"line":396,"column":9},"end":{"line":403,"column":null}}]},"37":{"loc":{"start":{"line":393,"column":11},"end":{"line":393,"column":28}},"type":"binary-expr","locations":[{"start":{"line":393,"column":11},"end":{"line":393,"column":23}},{"start":{"line":393,"column":27},"end":{"line":393,"column":28}}]},"38":{"loc":{"start":{"line":404,"column":25},"end":{"line":404,"column":75}},"type":"cond-expr","locations":[{"start":{"line":404,"column":45},"end":{"line":404,"column":46}},{"start":{"line":404,"column":49},"end":{"line":404,"column":75}}]},"39":{"loc":{"start":{"line":404,"column":49},"end":{"line":404,"column":75}},"type":"cond-expr","locations":[{"start":{"line":404,"column":69},"end":{"line":404,"column":71}},{"start":{"line":404,"column":74},"end":{"line":404,"column":75}}]}},"s":{"0":1,"1":1,"2":1,"3":1,"4":1,"5":1,"6":1,"7":1,"8":1,"9":1,"10":1,"11":1,"12":1,"13":1,"14":3,"15":3,"16":3,"17":3,"18":3,"19":3,"20":3,"21":3,"22":3,"23":3,"24":3,"25":3,"26":1,"27":1,"28":1,"29":1,"30":1,"31":0,"32":1,"33":1,"34":1,"35":1,"36":2,"37":3,"38":3,"39":3,"40":3,"41":3,"42":3,"43":3,"44":3,"45":3,"46":3,"47":3,"48":3,"49":10,"50":8,"51":8,"52":7,"53":7,"54":3,"55":4,"56":0,"57":4,"58":0,"59":4,"60":4,"61":4,"62":4,"63":0,"64":4,"65":6,"66":3,"67":6,"68":4,"69":0,"70":0,"71":0,"72":2,"73":2,"74":0,"75":0,"76":0,"77":2,"78":2,"79":2,"80":2,"81":2,"82":2,"83":2,"84":2,"85":2,"86":1,"87":2,"88":2,"89":2,"90":2,"91":2,"92":1,"93":1,"94":1,"95":4,"96":1,"97":1,"98":1,"99":1,"100":1,"101":1,"102":3,"103":0,"104":0,"105":0,"106":0,"107":3,"108":1,"109":1,"110":0,"111":8,"112":2,"113":4,"114":4,"115":4,"116":3,"117":3,"118":4,"119":2,"120":2,"121":2,"122":3,"123":0,"124":0,"125":3,"126":0,"127":1,"128":0,"129":0,"130":0,"131":1,"132":1,"133":1,"134":1,"135":1,"136":1,"137":1,"138":1,"139":1,"140":1,"141":1,"142":1,"143":1,"144":1,"145":0,"146":0,"147":1,"148":1,"149":1,"150":3,"151":3,"152":3,"153":3,"154":3,"155":2,"156":2,"157":2,"158":2,"159":2,"160":2,"161":2,"162":3,"163":1,"164":1,"165":1,"166":1,"167":1,"168":1,"169":1,"170":1,"171":1,"172":3,"173":3,"174":0,"175":0,"176":1,"177":2,"178":3,"179":0,"180":0,"181":0,"182":0,"183":3,"184":8,"185":1},"f":{"0":1,"1":3,"2":3,"3":10,"4":7,"5":4,"6":4,"7":6,"8":4,"9":0,"10":2,"11":1,"12":4,"13":8,"14":2,"15":4,"16":3,"17":4,"18":0,"19":0,"20":3,"21":0,"22":1,"23":0,"24":0,"25":0,"26":1,"27":1,"28":1,"29":1,"30":3,"31":2,"32":1,"33":1,"34":1,"35":3,"36":0,"37":2,"38":3,"39":0,"40":0,"41":0,"42":0,"43":3,"44":8},"b":{"0":[1,2],"1":[0],"2":[8],"3":[3,4],"4":[0,4],"5":[0,4],"6":[4],"7":[0,4],"8":[3],"9":[1,5],"10":[0,0],"11":[0],"12":[0,0],"13":[0,0],"14":[2],"15":[2],"16":[2],"17":[2],"18":[2],"19":[1],"20":[2],"21":[1],"22":[1,3],"23":[1],"24":[1],"25":[1],"26":[0,3],"27":[3,3],"28":[0],"29":[1],"30":[2,2],"31":[2,2],"32":[0,1],"33":[3,3],"34":[2],"35":[1,1],"36":[1,0],"37":[3,1],"38":[1,1],"39":[0,1]}}
,"/Users/gavin/Works/projects/self/yiird-mono/packages/vue3-ts-api-extractor/src/parser/sfc-event-comment.ts": {"path":"/Users/gavin/Works/projects/self/yiird-mono/packages/vue3-ts-api-extractor/src/parser/sfc-event-comment.ts","statementMap":{"0":{"start":{"line":1,"column":0},"end":{"line":1,"column":144}},"1":{"start":{"line":3,"column":0},"end":{"line":3,"column":45}},"2":{"start":{"line":15,"column":2},"end":{"line":15,"column":20}},"3":{"start":{"line":16,"column":2},"end":{"line":16,"column":35}},"4":{"start":{"line":17,"column":2},"end":{"line":17,"column":44}},"5":{"start":{"line":18,"column":2},"end":{"line":18,"column":67}},"6":{"start":{"line":19,"column":2},"end":{"line":19,"column":30}},"7":{"start":{"line":20,"column":2},"end":{"line":20,"column":72}},"8":{"start":{"line":21,"column":2},"end":{"line":21,"column":81}},"9":{"start":{"line":22,"column":2},"end":{"line":22,"column":46}},"10":{"start":{"line":26,"column":37},"end":{"line":26,"column":39}},"11":{"start":{"line":27,"column":2},"end":{"line":43,"column":null}},"12":{"start":{"line":28,"column":23},"end":{"line":28,"column":62}},"13":{"start":{"line":29,"column":3},"end":{"line":42,"column":6}},"14":{"start":{"line":30,"column":4},"end":{"line":41,"column":null}},"15":{"start":{"line":31,"column":45},"end":{"line":35,"column":7}},"16":{"start":{"line":36,"column":28},"end":{"line":36,"column":53}},"17":{"start":{"line":37,"column":5},"end":{"line":39,"column":null}},"18":{"start":{"line":38,"column":6},"end":{"line":38,"column":81}},"19":{"start":{"line":40,"column":5},"end":{"line":40,"column":28}},"20":{"start":{"line":44,"column":2},"end":{"line":44,"column":14}},"21":{"start":{"line":48,"column":2},"end":{"line":53,"column":null}},"22":{"start":{"line":49,"column":16},"end":{"line":49,"column":43}},"23":{"start":{"line":50,"column":3},"end":{"line":52,"column":null}},"24":{"start":{"line":51,"column":4},"end":{"line":51,"column":21}},"25":{"start":{"line":55,"column":2},"end":{"line":55,"column":12}},"26":{"start":{"line":4,"column":0},"end":{"line":4,"column":13}}},"fnMap":{"0":{"name":"(anonymous_0)","decl":{"start":{"line":14,"column":1},"end":{"line":14,"column":13}},"loc":{"start":{"line":14,"column":38},"end":{"line":23,"column":2}}},"1":{"name":"(anonymous_1)","decl":{"start":{"line":25,"column":9},"end":{"line":25,"column":25}},"loc":{"start":{"line":25,"column":25},"end":{"line":45,"column":2}}},"2":{"name":"(anonymous_2)","decl":{"start":{"line":29,"column":24},"end":{"line":29,"column":25}},"loc":{"start":{"line":29,"column":46},"end":{"line":42,"column":4}}},"3":{"name":"(anonymous_3)","decl":{"start":{"line":47,"column":9},"end":{"line":47,"column":17}},"loc":{"start":{"line":47,"column":17},"end":{"line":56,"column":2}}}},"branchMap":{"0":{"loc":{"start":{"line":18,"column":18},"end":{"line":18,"column":66}},"type":"binary-expr","locations":[{"start":{"line":18,"column":18},"end":{"line":18,"column":29}},{"start":{"line":18,"column":33},"end":{"line":18,"column":66}}]},"1":{"loc":{"start":{"line":20,"column":19},"end":{"line":20,"column":71}},"type":"binary-expr","locations":[{"start":{"line":20,"column":19},"end":{"line":20,"column":32}},{"start":{"line":20,"column":36},"end":{"line":20,"column":71}}]},"2":{"loc":{"start":{"line":21,"column":21},"end":{"line":21,"column":80}},"type":"cond-expr","locations":[{"start":{"line":21,"column":38},"end":{"line":21,"column":40}},{"start":{"line":21,"column":43},"end":{"line":21,"column":80}}]},"3":{"loc":{"start":{"line":27,"column":2},"end":{"line":43,"column":null}},"type":"if","locations":[{"start":{"line":27,"column":2},"end":{"line":43,"column":null}}]},"4":{"loc":{"start":{"line":30,"column":4},"end":{"line":41,"column":null}},"type":"if","locations":[{"start":{"line":30,"column":4},"end":{"line":41,"column":null}}]},"5":{"loc":{"start":{"line":37,"column":5},"end":{"line":39,"column":null}},"type":"if","locations":[{"start":{"line":37,"column":5},"end":{"line":39,"column":null}}]},"6":{"loc":{"start":{"line":48,"column":2},"end":{"line":53,"column":null}},"type":"if","locations":[{"start":{"line":48,"column":2},"end":{"line":53,"column":null}}]},"7":{"loc":{"start":{"line":50,"column":3},"end":{"line":52,"column":null}},"type":"if","locations":[{"start":{"line":50,"column":3},"end":{"line":52,"column":null}}]}},"s":{"0":1,"1":1,"2":2,"3":2,"4":2,"5":2,"6":2,"7":2,"8":2,"9":2,"10":2,"11":2,"12":2,"13":2,"14":3,"15":3,"16":3,"17":3,"18":3,"19":3,"20":2,"21":2,"22":2,"23":2,"24":2,"25":0,"26":1},"f":{"0":2,"1":2,"2":3,"3":2},"b":{"0":[2,2],"1":[2,2],"2":[0,2],"3":[2],"4":[3],"5":[3],"6":[2],"7":[2]}}
,"/Users/gavin/Works/projects/self/yiird-mono/packages/vue3-ts-api-extractor/src/parser/sfc-handle.ts": {"path":"/Users/gavin/Works/projects/self/yiird-mono/packages/vue3-ts-api-extractor/src/parser/sfc-handle.ts","statementMap":{"0":{"start":{"line":1,"column":0},"end":{"line":1,"column":90}},"1":{"start":{"line":3,"column":0},"end":{"line":3,"column":54}},"2":{"start":{"line":4,"column":0},"end":{"line":4,"column":52}},"3":{"start":{"line":9,"column":2},"end":{"line":9,"column":19}},"4":{"start":{"line":10,"column":2},"end":{"line":10,"column":49}},"5":{"start":{"line":14,"column":35},"end":{"line":14,"column":37}},"6":{"start":{"line":15,"column":2},"end":{"line":23,"column":null}},"7":{"start":{"line":16,"column":37},"end":{"line":16,"column":39}},"8":{"start":{"line":17,"column":3},"end":{"line":17,"column":46}},"9":{"start":{"line":18,"column":3},"end":{"line":22,"column":null}},"10":{"start":{"line":19,"column":4},"end":{"line":21,"column":7}},"11":{"start":{"line":20,"column":5},"end":{"line":20,"column":43}},"12":{"start":{"line":25,"column":2},"end":{"line":25,"column":16}},"13":{"start":{"line":29,"column":2},"end":{"line":35,"column":5}},"14":{"start":{"line":30,"column":3},"end":{"line":34,"column":null}},"15":{"start":{"line":31,"column":4},"end":{"line":31,"column":23}},"16":{"start":{"line":32,"column":10},"end":{"line":34,"column":null}},"17":{"start":{"line":33,"column":4},"end":{"line":33,"column":34}},"18":{"start":{"line":6,"column":0},"end":{"line":6,"column":13}}},"fnMap":{"0":{"name":"(anonymous_0)","decl":{"start":{"line":8,"column":1},"end":{"line":8,"column":13}},"loc":{"start":{"line":8,"column":33},"end":{"line":11,"column":2}}},"1":{"name":"(anonymous_1)","decl":{"start":{"line":13,"column":8},"end":{"line":13,"column":13}},"loc":{"start":{"line":13,"column":13},"end":{"line":26,"column":2}}},"2":{"name":"(anonymous_2)","decl":{"start":{"line":19,"column":20},"end":{"line":19,"column":21}},"loc":{"start":{"line":19,"column":29},"end":{"line":21,"column":5}}},"3":{"name":"(anonymous_3)","decl":{"start":{"line":28,"column":9},"end":{"line":28,"column":18}},"loc":{"start":{"line":28,"column":62},"end":{"line":36,"column":2}}},"4":{"name":"(anonymous_4)","decl":{"start":{"line":29,"column":24},"end":{"line":29,"column":25}},"loc":{"start":{"line":29,"column":34},"end":{"line":35,"column":3}}}},"branchMap":{"0":{"loc":{"start":{"line":15,"column":2},"end":{"line":23,"column":null}},"type":"if","locations":[{"start":{"line":15,"column":2},"end":{"line":23,"column":null}}]},"1":{"loc":{"start":{"line":18,"column":3},"end":{"line":22,"column":null}},"type":"if","locations":[{"start":{"line":18,"column":3},"end":{"line":22,"column":null}}]},"2":{"loc":{"start":{"line":30,"column":3},"end":{"line":34,"column":null}},"type":"if","locations":[{"start":{"line":30,"column":3},"end":{"line":34,"column":null}},{"start":{"line":32,"column":10},"end":{"line":34,"column":null}}]},"3":{"loc":{"start":{"line":32,"column":10},"end":{"line":34,"column":null}},"type":"if","locations":[{"start":{"line":32,"column":10},"end":{"line":34,"column":null}}]},"4":{"loc":{"start":{"line":32,"column":14},"end":{"line":32,"column":75}},"type":"binary-expr","locations":[{"start":{"line":32,"column":14},"end":{"line":32,"column":46}},{"start":{"line":32,"column":50},"end":{"line":32,"column":75}}]}},"s":{"0":1,"1":1,"2":1,"3":1,"4":1,"5":1,"6":1,"7":1,"8":1,"9":1,"10":1,"11":2,"12":1,"13":3,"14":11,"15":2,"16":9,"17":2,"18":1},"f":{"0":1,"1":1,"2":2,"3":3,"4":11},"b":{"0":[1],"1":[1],"2":[2,9],"3":[2],"4":[9,2]}}
,"/Users/gavin/Works/projects/self/yiird-mono/packages/vue3-ts-api-extractor/src/parser/sfc-method-comment.ts": {"path":"/Users/gavin/Works/projects/self/yiird-mono/packages/vue3-ts-api-extractor/src/parser/sfc-method-comment.ts","statementMap":{"0":{"start":{"line":1,"column":0},"end":{"line":1,"column":40}},"1":{"start":{"line":2,"column":0},"end":{"line":2,"column":null}},"2":{"start":{"line":14,"column":0},"end":{"line":14,"column":45}},"3":{"start":{"line":22,"column":23},"end":{"line":22,"column":28}},"4":{"start":{"line":27,"column":2},"end":{"line":27,"column":17}},"5":{"start":{"line":28,"column":2},"end":{"line":28,"column":20}},"6":{"start":{"line":29,"column":2},"end":{"line":29,"column":44}},"7":{"start":{"line":30,"column":2},"end":{"line":30,"column":67}},"8":{"start":{"line":31,"column":2},"end":{"line":31,"column":40}},"9":{"start":{"line":32,"column":2},"end":{"line":32,"column":72}},"10":{"start":{"line":33,"column":2},"end":{"line":33,"column":81}},"11":{"start":{"line":34,"column":2},"end":{"line":34,"column":34}},"12":{"start":{"line":35,"column":2},"end":{"line":35,"column":42}},"13":{"start":{"line":36,"column":2},"end":{"line":36,"column":39}},"14":{"start":{"line":40,"column":27},"end":{"line":40,"column":29}},"15":{"start":{"line":42,"column":2},"end":{"line":46,"column":null}},"16":{"start":{"line":43,"column":3},"end":{"line":43,"column":51}},"17":{"start":{"line":44,"column":9},"end":{"line":46,"column":null}},"18":{"start":{"line":45,"column":3},"end":{"line":45,"column":39}},"19":{"start":{"line":47,"column":34},"end":{"line":47,"column":36}},"20":{"start":{"line":48,"column":2},"end":{"line":50,"column":5}},"21":{"start":{"line":49,"column":3},"end":{"line":49,"column":44}},"22":{"start":{"line":51,"column":24},"end":{"line":51,"column":117}},"23":{"start":{"line":53,"column":2},"end":{"line":53,"column":29}},"24":{"start":{"line":55,"column":2},"end":{"line":63,"column":null}},"25":{"start":{"line":56,"column":16},"end":{"line":56,"column":56}},"26":{"start":{"line":57,"column":3},"end":{"line":62,"column":6}},"27":{"start":{"line":58,"column":23},"end":{"line":58,"column":57}},"28":{"start":{"line":59,"column":4},"end":{"line":61,"column":null}},"29":{"start":{"line":60,"column":5},"end":{"line":60,"column":29}},"30":{"start":{"line":64,"column":2},"end":{"line":64,"column":16}},"31":{"start":{"line":69,"column":2},"end":{"line":73,"column":null}},"32":{"start":{"line":70,"column":3},"end":{"line":70,"column":55}},"33":{"start":{"line":71,"column":9},"end":{"line":73,"column":null}},"34":{"start":{"line":72,"column":3},"end":{"line":72,"column":43}},"35":{"start":{"line":74,"column":2},"end":{"line":74,"column":20}},"36":{"start":{"line":78,"column":44},"end":{"line":78,"column":53}},"37":{"start":{"line":80,"column":2},"end":{"line":84,"column":null}},"38":{"start":{"line":81,"column":3},"end":{"line":81,"column":51}},"39":{"start":{"line":82,"column":9},"end":{"line":84,"column":null}},"40":{"start":{"line":83,"column":3},"end":{"line":83,"column":39}},"41":{"start":{"line":86,"column":2},"end":{"line":95,"column":null}},"42":{"start":{"line":87,"column":3},"end":{"line":94,"column":6}},"43":{"start":{"line":88,"column":22},"end":{"line":92,"column":6}},"44":{"start":{"line":93,"column":4},"end":{"line":93,"column":42}},"45":{"start":{"line":97,"column":2},"end":{"line":112,"column":null}},"46":{"start":{"line":98,"column":16},"end":{"line":98,"column":55}},"47":{"start":{"line":99,"column":3},"end":{"line":111,"column":6}},"48":{"start":{"line":100,"column":4},"end":{"line":110,"column":null}},"49":{"start":{"line":101,"column":18},"end":{"line":101,"column":36}},"50":{"start":{"line":102,"column":23},"end":{"line":102,"column":39}},"51":{"start":{"line":103,"column":5},"end":{"line":109,"column":null}},"52":{"start":{"line":104,"column":29},"end":{"line":104,"column":47}},"53":{"start":{"line":105,"column":6},"end":{"line":107,"column":null}},"54":{"start":{"line":106,"column":7},"end":{"line":106,"column":80}},"55":{"start":{"line":108,"column":6},"end":{"line":108,"column":65}},"56":{"start":{"line":114,"column":2},"end":{"line":114,"column":37}},"57":{"start":{"line":16,"column":0},"end":{"line":16,"column":13}}},"fnMap":{"0":{"name":"(anonymous_0)","decl":{"start":{"line":26,"column":1},"end":{"line":26,"column":13}},"loc":{"start":{"line":26,"column":57},"end":{"line":37,"column":2}}},"1":{"name":"(anonymous_1)","decl":{"start":{"line":39,"column":9},"end":{"line":39,"column":19}},"loc":{"start":{"line":39,"column":19},"end":{"line":65,"column":2}}},"2":{"name":"(anonymous_2)","decl":{"start":{"line":48,"column":23},"end":{"line":48,"column":24}},"loc":{"start":{"line":48,"column":38},"end":{"line":50,"column":3}}},"3":{"name":"(anonymous_3)","decl":{"start":{"line":57,"column":17},"end":{"line":57,"column":18}},"loc":{"start":{"line":57,"column":25},"end":{"line":62,"column":4}}},"4":{"name":"(anonymous_4)","decl":{"start":{"line":67,"column":9},"end":{"line":67,"column":20}},"loc":{"start":{"line":67,"column":20},"end":{"line":75,"column":2}}},"5":{"name":"(anonymous_5)","decl":{"start":{"line":77,"column":9},"end":{"line":77,"column":23}},"loc":{"start":{"line":77,"column":23},"end":{"line":115,"column":2}}},"6":{"name":"(anonymous_6)","decl":{"start":{"line":87,"column":23},"end":{"line":87,"column":24}},"loc":{"start":{"line":87,"column":38},"end":{"line":94,"column":4}}},"7":{"name":"(anonymous_7)","decl":{"start":{"line":99,"column":17},"end":{"line":99,"column":18}},"loc":{"start":{"line":99,"column":25},"end":{"line":111,"column":4}}}},"branchMap":{"0":{"loc":{"start":{"line":30,"column":18},"end":{"line":30,"column":66}},"type":"binary-expr","locations":[{"start":{"line":30,"column":18},"end":{"line":30,"column":29}},{"start":{"line":30,"column":33},"end":{"line":30,"column":66}}]},"1":{"loc":{"start":{"line":32,"column":19},"end":{"line":32,"column":71}},"type":"binary-expr","locations":[{"start":{"line":32,"column":19},"end":{"line":32,"column":32}},{"start":{"line":32,"column":36},"end":{"line":32,"column":71}}]},"2":{"loc":{"start":{"line":33,"column":21},"end":{"line":33,"column":80}},"type":"cond-expr","locations":[{"start":{"line":33,"column":38},"end":{"line":33,"column":40}},{"start":{"line":33,"column":43},"end":{"line":33,"column":80}}]},"3":{"loc":{"start":{"line":42,"column":2},"end":{"line":46,"column":null}},"type":"if","locations":[{"start":{"line":42,"column":2},"end":{"line":46,"column":null}},{"start":{"line":44,"column":9},"end":{"line":46,"column":null}}]},"4":{"loc":{"start":{"line":42,"column":6},"end":{"line":42,"column":86}},"type":"binary-expr","locations":[{"start":{"line":42,"column":6},"end":{"line":42,"column":38}},{"start":{"line":42,"column":42},"end":{"line":42,"column":86}}]},"5":{"loc":{"start":{"line":44,"column":9},"end":{"line":46,"column":null}},"type":"if","locations":[{"start":{"line":44,"column":9},"end":{"line":46,"column":null}}]},"6":{"loc":{"start":{"line":51,"column":68},"end":{"line":51,"column":115}},"type":"cond-expr","locations":[{"start":{"line":51,"column":86},"end":{"line":51,"column":110}},{"start":{"line":51,"column":113},"end":{"line":51,"column":115}}]},"7":{"loc":{"start":{"line":55,"column":2},"end":{"line":63,"column":null}},"type":"if","locations":[{"start":{"line":55,"column":2},"end":{"line":63,"column":null}}]},"8":{"loc":{"start":{"line":59,"column":4},"end":{"line":61,"column":null}},"type":"if","locations":[{"start":{"line":59,"column":4},"end":{"line":61,"column":null}}]},"9":{"loc":{"start":{"line":69,"column":2},"end":{"line":73,"column":null}},"type":"if","locations":[{"start":{"line":69,"column":2},"end":{"line":73,"column":null}},{"start":{"line":71,"column":9},"end":{"line":73,"column":null}}]},"10":{"loc":{"start":{"line":69,"column":6},"end":{"line":69,"column":86}},"type":"binary-expr","locations":[{"start":{"line":69,"column":6},"end":{"line":69,"column":38}},{"start":{"line":69,"column":42},"end":{"line":69,"column":86}}]},"11":{"loc":{"start":{"line":71,"column":9},"end":{"line":73,"column":null}},"type":"if","locations":[{"start":{"line":71,"column":9},"end":{"line":73,"column":null}}]},"12":{"loc":{"start":{"line":80,"column":2},"end":{"line":84,"column":null}},"type":"if","locations":[{"start":{"line":80,"column":2},"end":{"line":84,"column":null}},{"start":{"line":82,"column":9},"end":{"line":84,"column":null}}]},"13":{"loc":{"start":{"line":80,"column":6},"end":{"line":80,"column":86}},"type":"binary-expr","locations":[{"start":{"line":80,"column":6},"end":{"line":80,"column":38}},{"start":{"line":80,"column":42},"end":{"line":80,"column":86}}]},"14":{"loc":{"start":{"line":82,"column":9},"end":{"line":84,"column":null}},"type":"if","locations":[{"start":{"line":82,"column":9},"end":{"line":84,"column":null}}]},"15":{"loc":{"start":{"line":86,"column":2},"end":{"line":95,"column":null}},"type":"if","locations":[{"start":{"line":86,"column":2},"end":{"line":95,"column":null}}]},"16":{"loc":{"start":{"line":97,"column":2},"end":{"line":112,"column":null}},"type":"if","locations":[{"start":{"line":97,"column":2},"end":{"line":112,"column":null}}]},"17":{"loc":{"start":{"line":100,"column":4},"end":{"line":110,"column":null}},"type":"if","locations":[{"start":{"line":100,"column":4},"end":{"line":110,"column":null}}]},"18":{"loc":{"start":{"line":103,"column":5},"end":{"line":109,"column":null}},"type":"if","locations":[{"start":{"line":103,"column":5},"end":{"line":109,"column":null}}]},"19":{"loc":{"start":{"line":105,"column":6},"end":{"line":107,"column":null}},"type":"if","locations":[{"start":{"line":105,"column":6},"end":{"line":107,"column":null}}]}},"s":{"0":1,"1":1,"2":1,"3":2,"4":2,"5":2,"6":2,"7":2,"8":2,"9":2,"10":2,"11":2,"12":2,"13":2,"14":2,"15":2,"16":0,"17":2,"18":2,"19":2,"20":2,"21":4,"22":2,"23":2,"24":2,"25":2,"26":2,"27":0,"28":0,"29":0,"30":2,"31":2,"32":0,"33":2,"34":2,"35":2,"36":2,"37":2,"38":0,"39":2,"40":2,"41":2,"42":2,"43":4,"44":4,"45":2,"46":2,"47":2,"48":4,"49":4,"50":4,"51":4,"52":4,"53":4,"54":4,"55":4,"56":2,"57":1},"f":{"0":2,"1":2,"2":4,"3":0,"4":2,"5":2,"6":4,"7":4},"b":{"0":[2,2],"1":[2,2],"2":[0,2],"3":[0,2],"4":[2,0],"5":[2],"6":[0,2],"7":[2],"8":[0],"9":[0,2],"10":[2,0],"11":[2],"12":[0,2],"13":[2,0],"14":[2],"15":[2],"16":[2],"17":[4],"18":[4],"19":[4]}}
,"/Users/gavin/Works/projects/self/yiird-mono/packages/vue3-ts-api-extractor/src/parser/sfc-prop-comment.ts": {"path":"/Users/gavin/Works/projects/self/yiird-mono/packages/vue3-ts-api-extractor/src/parser/sfc-prop-comment.ts","statementMap":{"0":{"start":{"line":1,"column":0},"end":{"line":1,"column":52}},"1":{"start":{"line":2,"column":0},"end":{"line":2,"column":null}},"2":{"start":{"line":19,"column":0},"end":{"line":19,"column":45}},"3":{"start":{"line":27,"column":23},"end":{"line":27,"column":28}},"4":{"start":{"line":30,"column":22},"end":{"line":30,"column":27}},"5":{"start":{"line":33,"column":2},"end":{"line":33,"column":17}},"6":{"start":{"line":34,"column":2},"end":{"line":34,"column":20}},"7":{"start":{"line":35,"column":2},"end":{"line":47,"column":null}},"8":{"start":{"line":36,"column":3},"end":{"line":36,"column":31}},"9":{"start":{"line":37,"column":9},"end":{"line":47,"column":null}},"10":{"start":{"line":38,"column":3},"end":{"line":38,"column":45}},"11":{"start":{"line":39,"column":3},"end":{"line":39,"column":68}},"12":{"start":{"line":40,"column":3},"end":{"line":40,"column":41}},"13":{"start":{"line":41,"column":3},"end":{"line":41,"column":37}},"14":{"start":{"line":42,"column":3},"end":{"line":42,"column":39}},"15":{"start":{"line":43,"column":3},"end":{"line":43,"column":73}},"16":{"start":{"line":44,"column":3},"end":{"line":44,"column":82}},"17":{"start":{"line":45,"column":3},"end":{"line":45,"column":31}},"18":{"start":{"line":46,"column":3},"end":{"line":46,"column":35}},"19":{"start":{"line":50,"column":19},"end":{"line":50,"column":64}},"20":{"start":{"line":51,"column":2},"end":{"line":57,"column":null}},"21":{"start":{"line":52,"column":3},"end":{"line":56,"column":null}},"22":{"start":{"line":53,"column":4},"end":{"line":53,"column":53}},"23":{"start":{"line":55,"column":4},"end":{"line":55,"column":42}},"24":{"start":{"line":61,"column":2},"end":{"line":66,"column":null}},"25":{"start":{"line":62,"column":15},"end":{"line":62,"column":54}},"26":{"start":{"line":63,"column":3},"end":{"line":65,"column":null}},"27":{"start":{"line":64,"column":4},"end":{"line":64,"column":46}},"28":{"start":{"line":70,"column":2},"end":{"line":72,"column":null}},"29":{"start":{"line":71,"column":3},"end":{"line":71,"column":166}},"30":{"start":{"line":71,"column":63},"end":{"line":71,"column":164}},"31":{"start":{"line":76,"column":2},"end":{"line":81,"column":null}},"32":{"start":{"line":77,"column":15},"end":{"line":77,"column":55}},"33":{"start":{"line":78,"column":3},"end":{"line":80,"column":null}},"34":{"start":{"line":79,"column":4},"end":{"line":79,"column":46}},"35":{"start":{"line":83,"column":18},"end":{"line":83,"column":20}},"36":{"start":{"line":84,"column":19},"end":{"line":84,"column":53}},"37":{"start":{"line":85,"column":2},"end":{"line":100,"column":null}},"38":{"start":{"line":86,"column":3},"end":{"line":99,"column":null}},"39":{"start":{"line":87,"column":23},"end":{"line":87,"column":59}},"40":{"start":{"line":88,"column":4},"end":{"line":92,"column":7}},"41":{"start":{"line":89,"column":5},"end":{"line":91,"column":null}},"42":{"start":{"line":90,"column":6},"end":{"line":90,"column":56}},"43":{"start":{"line":93,"column":10},"end":{"line":99,"column":null}},"44":{"start":{"line":94,"column":4},"end":{"line":98,"column":null}},"45":{"start":{"line":95,"column":5},"end":{"line":95,"column":45}},"46":{"start":{"line":97,"column":5},"end":{"line":97,"column":50}},"47":{"start":{"line":101,"column":2},"end":{"line":101,"column":70}},"48":{"start":{"line":105,"column":19},"end":{"line":105,"column":54}},"49":{"start":{"line":106,"column":2},"end":{"line":110,"column":null}},"50":{"start":{"line":107,"column":3},"end":{"line":109,"column":null}},"51":{"start":{"line":108,"column":4},"end":{"line":108,"column":16}},"52":{"start":{"line":111,"column":2},"end":{"line":111,"column":15}},"53":{"start":{"line":21,"column":0},"end":{"line":21,"column":13}}},"fnMap":{"0":{"name":"(anonymous_0)","decl":{"start":{"line":32,"column":1},"end":{"line":32,"column":13}},"loc":{"start":{"line":32,"column":53},"end":{"line":48,"column":2}}},"1":{"name":"(anonymous_1)","decl":{"start":{"line":49,"column":9},"end":{"line":49,"column":17}},"loc":{"start":{"line":49,"column":17},"end":{"line":58,"column":2}}},"2":{"name":"(anonymous_2)","decl":{"start":{"line":60,"column":9},"end":{"line":60,"column":19}},"loc":{"start":{"line":60,"column":19},"end":{"line":67,"column":2}}},"3":{"name":"(anonymous_3)","decl":{"start":{"line":69,"column":9},"end":{"line":69,"column":27}},"loc":{"start":{"line":69,"column":40},"end":{"line":73,"column":2}}},"4":{"name":"(anonymous_4)","decl":{"start":{"line":71,"column":49},"end":{"line":71,"column":50}},"loc":{"start":{"line":71,"column":63},"end":{"line":71,"column":164}}},"5":{"name":"(anonymous_5)","decl":{"start":{"line":75,"column":9},"end":{"line":75,"column":20}},"loc":{"start":{"line":75,"column":20},"end":{"line":102,"column":2}}},"6":{"name":"(anonymous_6)","decl":{"start":{"line":88,"column":23},"end":{"line":88,"column":24}},"loc":{"start":{"line":88,"column":37},"end":{"line":92,"column":5}}},"7":{"name":"(anonymous_7)","decl":{"start":{"line":104,"column":9},"end":{"line":104,"column":21}},"loc":{"start":{"line":104,"column":21},"end":{"line":112,"column":2}}}},"branchMap":{"0":{"loc":{"start":{"line":35,"column":2},"end":{"line":47,"column":null}},"type":"if","locations":[{"start":{"line":35,"column":2},"end":{"line":47,"column":null}},{"start":{"line":37,"column":9},"end":{"line":47,"column":null}}]},"1":{"loc":{"start":{"line":37,"column":9},"end":{"line":47,"column":null}},"type":"if","locations":[{"start":{"line":37,"column":9},"end":{"line":47,"column":null}}]},"2":{"loc":{"start":{"line":39,"column":19},"end":{"line":39,"column":67}},"type":"binary-expr","locations":[{"start":{"line":39,"column":19},"end":{"line":39,"column":30}},{"start":{"line":39,"column":34},"end":{"line":39,"column":67}}]},"3":{"loc":{"start":{"line":43,"column":20},"end":{"line":43,"column":72}},"type":"binary-expr","locations":[{"start":{"line":43,"column":20},"end":{"line":43,"column":33}},{"start":{"line":43,"column":37},"end":{"line":43,"column":72}}]},"4":{"loc":{"start":{"line":44,"column":22},"end":{"line":44,"column":81}},"type":"cond-expr","locations":[{"start":{"line":44,"column":39},"end":{"line":44,"column":41}},{"start":{"line":44,"column":44},"end":{"line":44,"column":81}}]},"5":{"loc":{"start":{"line":50,"column":19},"end":{"line":50,"column":64}},"type":"binary-expr","locations":[{"start":{"line":50,"column":19},"end":{"line":50,"column":50}},{"start":{"line":50,"column":54},"end":{"line":50,"column":64}}]},"6":{"loc":{"start":{"line":51,"column":2},"end":{"line":57,"column":null}},"type":"if","locations":[{"start":{"line":51,"column":2},"end":{"line":57,"column":null}}]},"7":{"loc":{"start":{"line":51,"column":6},"end":{"line":51,"column":48}},"type":"binary-expr","locations":[{"start":{"line":51,"column":6},"end":{"line":51,"column":14}},{"start":{"line":51,"column":18},"end":{"line":51,"column":48}}]},"8":{"loc":{"start":{"line":52,"column":3},"end":{"line":56,"column":null}},"type":"if","locations":[{"start":{"line":52,"column":3},"end":{"line":56,"column":null}},{"start":{"line":54,"column":10},"end":{"line":56,"column":null}}]},"9":{"loc":{"start":{"line":61,"column":2},"end":{"line":66,"column":null}},"type":"if","locations":[{"start":{"line":61,"column":2},"end":{"line":66,"column":null}}]},"10":{"loc":{"start":{"line":63,"column":3},"end":{"line":65,"column":null}},"type":"if","locations":[{"start":{"line":63,"column":3},"end":{"line":65,"column":null}}]},"11":{"loc":{"start":{"line":70,"column":2},"end":{"line":72,"column":null}},"type":"if","locations":[{"start":{"line":70,"column":2},"end":{"line":72,"column":null}}]},"12":{"loc":{"start":{"line":70,"column":6},"end":{"line":70,"column":91}},"type":"binary-expr","locations":[{"start":{"line":70,"column":6},"end":{"line":70,"column":38}},{"start":{"line":70,"column":42},"end":{"line":70,"column":91}}]},"13":{"loc":{"start":{"line":71,"column":63},"end":{"line":71,"column":164}},"type":"binary-expr","locations":[{"start":{"line":71,"column":64},"end":{"line":71,"column":94}},{"start":{"line":71,"column":98},"end":{"line":71,"column":127}},{"start":{"line":71,"column":132},"end":{"line":71,"column":164}}]},"14":{"loc":{"start":{"line":76,"column":2},"end":{"line":81,"column":null}},"type":"if","locations":[{"start":{"line":76,"column":2},"end":{"line":81,"column":null}}]},"15":{"loc":{"start":{"line":78,"column":3},"end":{"line":80,"column":null}},"type":"if","locations":[{"start":{"line":78,"column":3},"end":{"line":80,"column":null}}]},"16":{"loc":{"start":{"line":85,"column":2},"end":{"line":100,"column":null}},"type":"if","locations":[{"start":{"line":85,"column":2},"end":{"line":100,"column":null}}]},"17":{"loc":{"start":{"line":86,"column":3},"end":{"line":99,"column":null}},"type":"if","locations":[{"start":{"line":86,"column":3},"end":{"line":99,"column":null}},{"start":{"line":93,"column":10},"end":{"line":99,"column":null}}]},"18":{"loc":{"start":{"line":86,"column":7},"end":{"line":86,"column":119}},"type":"binary-expr","locations":[{"start":{"line":86,"column":7},"end":{"line":86,"column":36}},{"start":{"line":86,"column":41},"end":{"line":86,"column":71}},{"start":{"line":86,"column":75},"end":{"line":86,"column":118}}]},"19":{"loc":{"start":{"line":89,"column":5},"end":{"line":91,"column":null}},"type":"if","locations":[{"start":{"line":89,"column":5},"end":{"line":91,"column":null}}]},"20":{"loc":{"start":{"line":93,"column":10},"end":{"line":99,"column":null}},"type":"if","locations":[{"start":{"line":93,"column":10},"end":{"line":99,"column":null}}]},"21":{"loc":{"start":{"line":94,"column":4},"end":{"line":98,"column":null}},"type":"if","locations":[{"start":{"line":94,"column":4},"end":{"line":98,"column":null}},{"start":{"line":96,"column":11},"end":{"line":98,"column":null}}]},"22":{"loc":{"start":{"line":101,"column":9},"end":{"line":101,"column":69}},"type":"cond-expr","locations":[{"start":{"line":101,"column":30},"end":{"line":101,"column":57}},{"start":{"line":101,"column":60},"end":{"line":101,"column":69}}]},"23":{"loc":{"start":{"line":106,"column":2},"end":{"line":110,"column":null}},"type":"if","locations":[{"start":{"line":106,"column":2},"end":{"line":110,"column":null}}]},"24":{"loc":{"start":{"line":107,"column":3},"end":{"line":109,"column":null}},"type":"if","locations":[{"start":{"line":107,"column":3},"end":{"line":109,"column":null}}]},"25":{"loc":{"start":{"line":107,"column":7},"end":{"line":107,"column":93}},"type":"binary-expr","locations":[{"start":{"line":107,"column":7},"end":{"line":107,"column":37}},{"start":{"line":107,"column":41},"end":{"line":107,"column":93}}]}},"s":{"0":1,"1":1,"2":1,"3":4,"4":4,"5":4,"6":4,"7":4,"8":0,"9":4,"10":4,"11":4,"12":4,"13":4,"14":4,"15":4,"16":4,"17":4,"18":4,"19":4,"20":4,"21":4,"22":3,"23":1,"24":4,"25":3,"26":3,"27":2,"28":11,"29":9,"30":14,"31":4,"32":3,"33":3,"34":1,"35":3,"36":3,"37":3,"38":1,"39":0,"40":0,"41":0,"42":0,"43":1,"44":1,"45":1,"46":0,"47":3,"48":4,"49":4,"50":2,"51":2,"52":2,"53":1},"f":{"0":4,"1":4,"2":4,"3":11,"4":14,"5":4,"6":0,"7":4},"b":{"0":[0,4],"1":[4],"2":[4,4],"3":[4,3],"4":[1,3],"5":[4,1],"6":[4],"7":[4,4],"8":[3,1],"9":[3],"10":[2],"11":[9],"12":[11,11],"13":[14,0,14],"14":[3],"15":[1],"16":[1],"17":[0,1],"18":[1,1,1],"19":[0],"20":[1],"21":[1,0],"22":[1,2],"23":[2],"24":[2],"25":[2,2]}}
[...]
}}},"13":{"name":"(anonymous_14)","decl":{"start":{"line":138,"column":25},"end":{"line":138,"column":26}},"loc":{"start":{"line":138,"column":41},"end":{"line":150,"column":5}}},"14":{"name":"(anonymous_15)","decl":{"start":{"line":192,"column":38},"end":{"line":192,"column":39}},"loc":{"start":{"line":192,"column":47},"end":{"line":207,"column":8}}},"15":{"name":"(anonymous_16)","decl":{"start":{"line":231,"column":1},"end":{"line":231,"column":7}},"loc":{"start":{"line":231,"column":29},"end":{"line":234,"column":2}}},"16":{"name":"(anonymous_17)","decl":{"start":{"line":232,"column":41},"end":{"line":232,"column":42}},"loc":{"start":{"line":232,"column":55},"end":{"line":232,"column":97}}},"17":{"name":"(anonymous_18)","decl":{"start":{"line":288,"column":1},"end":{"line":288,"column":7}},"loc":{"start":{"line":288,"column":24},"end":{"line":290,"column":2}}},"18":{"name":"(anonymous_19)","decl":{"start":{"line":289,"column":21},"end":{"line":289,"column":22}},"loc":{"start":{"line":289,"column":34},"end":{"line":289,"column":57}}}},"branchMap":{"0":{"loc":{"start":{"line":35,"column":43},"end":{"line":35,"column":68}},"type":"default-arg","locations":[{"start":{"line":35,"column":66},"end":{"line":35,"column":68}}]},"1":{"loc":{"start":{"line":40,"column":3},"end":{"line":48,"column":null}},"type":"if","locations":[{"start":{"line":40,"column":3},"end":{"line":48,"column":null}},{"start":{"line":46,"column":10},"end":{"line":48,"column":null}}]},"2":{"loc":{"start":{"line":42,"column":5},"end":{"line":44,"column":null}},"type":"if","locations":[{"start":{"line":42,"column":5},"end":{"line":44,"column":null}}]},"3":{"loc":{"start":{"line":46,"column":10},"end":{"line":48,"column":null}},"type":"if","locations":[{"start":{"line":46,"column":10},"end":{"line":48,"column":null}}]},"4":{"loc":{"start":{"line":57,"column":36},"end":{"line":57,"column":60}},"type":"default-arg","locations":[{"start":{"line":57,"column":58},"end":{"line":57,"column":60}}]},"5":{"loc":{"start":{"line":58,"column":40},"end":{"line":58,"column":142}},"type":"binary-expr","locations":[{"start":{"line":58,"column":41},"end":{"line":58,"column":63}},{"start":{"line":58,"column":67},"end":{"line":58,"column":116}},{"start":{"line":58,"column":121},"end":{"line":58,"column":142}}]},"6":{"loc":{"start":{"line":63,"column":3},"end":{"line":64,"column":49}},"type":"binary-expr","locations":[{"start":{"line":63,"column":4},"end":{"line":63,"column":41}},{"start":{"line":63,"column":46},"end":{"line":63,"column":72}},{"start":{"line":63,"column":76},"end":{"line":63,"column":139}},{"start":{"line":64,"column":3},"end":{"line":64,"column":49}}]},"7":{"loc":{"start":{"line":69,"column":9},"end":{"line":69,"column":128}},"type":"cond-expr","locations":[{"start":{"line":69,"column":105},"end":{"line":69,"column":115}},{"start":{"line":69,"column":118},"end":{"line":69,"column":128}}]},"8":{"loc":{"start":{"line":69,"column":9},"end":{"line":69,"column":102}},"type":"binary-expr","locations":[{"start":{"line":69,"column":9},"end":{"line":69,"column":35}},{"start":{"line":69,"column":39},"end":{"line":69,"column":102}}]},"9":{"loc":{"start":{"line":75,"column":2},"end":{"line":226,"column":null}},"type":"if","locations":[{"start":{"line":75,"column":2},"end":{"line":226,"column":null}},{"start":{"line":83,"column":9},"end":{"line":226,"column":null}}]},"10":{"loc":{"start":{"line":83,"column":9},"end":{"line":226,"column":null}},"type":"if","locations":[{"start":{"line":83,"column":9},"end":{"line":226,"column":null}},{"start":{"line":121,"column":9},"end":{"line":226,"column":null}}]},"11":{"loc":{"start":{"line":84,"column":3},"end":{"line":120,"column":null}},"type":"if","locations":[{"start":{"line":84,"column":3},"end":{"line":120,"column":null}},{"start":{"line":118,"column":10},"end":{"line":120,"column":null}}]},"12":{"loc":{"start":{"line":84,"column":7},"end":{"line":84,"column":48}},"type":"binary-expr","locations":[{"start":{"line":84,"column":7},"end":{"line":84,"column":24}},{"start":{"line":84,"column":28},"end":{"line":84,"column":48}}]},"13":{"loc":{"start":{"line":86,"column":4},"end":{"line":117,"column":null}},"type":"if","locations":[{"start":{"line":86,"column":4},"end":{"line":117,"column":null}},{"start":{"line":104,"column":11},"end":{"line":117,"column":null}}]},"14":{"loc":{"start":{"line":90,"column":6},"end":{"line":94,"column":null}},"type":"if","locations":[{"start":{"line":90,"column":6},"end":{"line":94,"column":null}},{"start":{"line":92,"column":13},"end":{"line":94,"column":null}}]},"15":{"loc":{"start":{"line":104,"column":11},"end":{"line":117,"column":null}},"type":"if","locations":[{"start":{"line":104,"column":11},"end":{"line":117,"column":null}}]},"16":{"loc":{"start":{"line":107,"column":5},"end":{"line":116,"column":null}},"type":"if","locations":[{"start":{"line":107,"column":5},"end":{"line":116,"column":null}}]},"17":{"loc":{"start":{"line":107,"column":9},"end":{"line":107,"column":50}},"type":"binary-expr","locations":[{"start":{"line":107,"column":9},"end":{"line":107,"column":19}},{"start":{"line":107,"column":23},"end":{"line":107,"column":50}}]},"18":{"loc":{"start":{"line":121,"column":9},"end":{"line":226,"column":null}},"type":"if","locations":[{"start":{"line":121,"column":9},"end":{"line":226,"column":null}},{"start":{"line":152,"column":9},"end":{"line":226,"column":null}}]},"19":{"loc":{"start":{"line":123,"column":3},"end":{"line":151,"column":null}},"type":"if","locations":[{"start":{"line":123,"column":3},"end":{"line":151,"column":null}},{"start":{"line":137,"column":10},"end":{"line":151,"column":null}}]},"20":{"loc":{"start":{"line":126,"column":5},"end":{"line":135,"column":null}},"type":"if","locations":[{"start":{"line":126,"column":5},"end":{"line":135,"column":null}}]},"21":{"loc":{"start":{"line":140,"column":5},"end":{"line":149,"column":null}},"type":"if","locations":[{"start":{"line":140,"column":5},"end":{"line":149,"column":null}}]},"22":{"loc":{"start":{"line":152,"column":9},"end":{"line":226,"column":null}},"type":"if","locations":[{"start":{"line":152,"column":9},"end":{"line":226,"column":null}},{"start":{"line":173,"column":9},"end":{"line":226,"column":null}}]},"23":{"loc":{"start":{"line":152,"column":13},"end":{"line":152,"column":68}},"type":"binary-expr","locations":[{"start":{"line":152,"column":13},"end":{"line":152,"column":40}},{"start":{"line":152,"column":44},"end":{"line":152,"column":68}}]},"24":{"loc":{"start":{"line":154,"column":3},"end":{"line":172,"column":null}},"type":"if","locations":[{"start":{"line":154,"column":3},"end":{"line":172,"column":null}}]},"25":{"loc":{"start":{"line":155,"column":4},"end":{"line":171,"column":null}},"type":"if","locations":[{"start":{"line":155,"column":4},"end":{"line":171,"column":null}},{"start":{"line":163,"column":11},"end":{"line":171,"column":null}}]},"26":{"loc":{"start":{"line":173,"column":9},"end":{"line":226,"column":null}},"type":"if","locations":[{"start":{"line":173,"column":9},"end":{"line":226,"column":null}}]},"27":{"loc":{"start":{"line":177,"column":3},"end":{"line":225,"column":null}},"type":"if","locations":[{"start":{"line":177,"column":3},"end":{"line":225,"column":null}}]},"28":{"loc":{"start":{"line":178,"column":4},"end":{"line":224,"column":null}},"type":"if","locations":[{"start":{"line":178,"column":4},"end":{"line":224,"column":null}},{"start":{"line":188,"column":11},"end":{"line":224,"column":null}}]},"29":{"loc":{"start":{"line":188,"column":11},"end":{"line":224,"column":null}},"type":"if","locations":[{"start":{"line":188,"column":11},"end":{"line":224,"column":null}}]},"30":{"loc":{"start":{"line":190,"column":5},"end":{"line":223,"column":null}},"type":"if","locations":[{"start":{"line":190,"column":5},"end":{"line":223,"column":null}}]},"31":{"loc":{"start":{"line":191,"column":6},"end":{"line":222,"column":null}},"type":"if","locations":[{"start":{"line":191,"column":6},"end":{"line":222,"column":null}},{"start":{"line":208,"column":13},"end":{"line":222,"column":null}}]},"32":{"loc":{"start":{"line":195,"column":8},"end":{"line":197,"column":null}},"type":"if","locations":[{"start":{"line":195,"column":8},"end":{"line":197,"column":null}}]},"33":{"loc":{"start":{"line":208,"column":13},"end":{"line":222,"column":null}},"type":"if","locations":[{"start":{"line":208,"column":13},"end":{"line":222,"column":null}}]},"34":{"loc":{"start":{"line":212,"column":7},"end":{"line":221,"column":null}},"type":"if","locations":[{"start":{"line":212,"column":7},"end":{"line":221,"column":null}}]},"35":{"loc":{"start":{"line":212,"column":11},"end":{"line":212,"column":52}},"type":"binary-expr","locations":[{"start":{"line":212,"column":11},"end":{"line":212,"column":21}},{"start":{"line":212,"column":25},"end":{"line":212,"column":52}}]}},"s":{"0":1,"1":1,"2":1,"3":1,"4":1,"5":3,"6":0,"7":0,"8":4,"9":4,"10":8,"11":8,"12":16,"13":4,"14":0,"15":0,"16":4,"17":4,"18":6,"19":8,"20":9,"21":3,"22":8,"23":8,"24":8,"25":1,"26":1,"27":7,"28":0,"29":0,"30":0,"31":0,"32":0,"33":0,"34":0,"35":0,"36":0,"37":0,"38":0,"39":0,"40":0,"41":0,"42":0,"43":0,"44":7,"45":2,"46":2,"47":2,"48":2,"49":2,"50":2,"51":2,"52":0,"53":0,"54":0,"55":0,"56":0,"57":5,"58":0,"59":0,"60":0,"61":0,"62":0,"63":0,"64":0,"65":5,"66":4,"67":4,"68":4,"69":4,"70":0,"71":0,"72":0,"73":4,"74":4,"75":4,"76":4,"77":4,"78":4,"79":4,"80":4,"81":0,"82":4,"83":4,"84":0,"85":0,"86":0,"87":0,"88":0,"89":0,"90":8,"91":2,"92":2,"93":2,"94":0,"95":0,"96":1},"f":{"0":3,"1":0,"2":4,"3":8,"4":16,"5":4,"6":6,"7":8,"8":9,"9":3,"10":8,"11":0,"12":2,"13":0,"14":4,"15":2,"16":2,"17":0,"18":0},"b":{"0":[0],"1":[8,0],"2":[4],"3":[0],"4":[2],"5":[8,4,8],"6":[9,4,0,5],"7":[3,0],"8":[3,3],"9":[1,7],"10":[0,7],"11":[0,0],"12":[0,0],"13":[0,0],"14":[0,0],"15":[0],"16":[0],"17":[0,0],"18":[2,5],"19":[2,0],"20":[2],"21":[0],"22":[0,5],"23":[5,5],"24":[0],"25":[0,0],"26":[4],"27":[4],"28":[0,4],"29":[4],"30":[4],"31":[4,0],"32":[0],"33":[0],"34":[0],"35":[0,0]}}
,"/Users/gavin/Works/projects/self/yiird-mono/packages/vue3-ts-api-extractor/src/utils/sfc-utils.ts": {"path":"/Users/gavin/Works/projects/self/yiird-mono/packages/vue3-ts-api-extractor/src/utils/sfc-utils.ts","statementMap":{"0":{"start":{"line":2,"column":0},"end":{"line":2,"column":null}},"1":{"start":{"line":20,"column":19},"end":{"line":28,"column":2}},"2":{"start":{"line":21,"column":24},"end":{"line":21,"column":26}},"3":{"start":{"line":22,"column":2},"end":{"line":26,"column":5}},"4":{"start":{"line":23,"column":3},"end":{"line":25,"column":null}},"5":{"start":{"line":24,"column":4},"end":{"line":24,"column":21}},"6":{"start":{"line":27,"column":2},"end":{"line":27,"column":14}},"7":{"start":{"line":30,"column":25},"end":{"line":32,"column":2}},"8":{"start":{"line":31,"column":2},"end":{"line":31,"column":44}},"9":{"start":{"line":33,"column":21},"end":{"line":35,"column":2}},"10":{"start":{"line":34,"column":2},"end":{"line":34,"column":35}},"11":{"start":{"line":37,"column":17},"end":{"line":39,"column":2}},"12":{"start":{"line":38,"column":2},"end":{"line":38,"column":63}},"13":{"start":{"line":38,"column":33},"end":{"line":38,"column":61}},"14":{"start":{"line":41,"column":18},"end":{"line":43,"column":2}},"15":{"start":{"line":42,"column":2},"end":{"line":42,"column":65}},"16":{"start":{"line":42,"column":35},"end":{"line":42,"column":63}},"17":{"start":{"line":45,"column":21},"end":{"line":55,"column":2}},"18":{"start":{"line":47,"column":2},"end":{"line":53,"column":5}},"19":{"start":{"line":48,"column":3},"end":{"line":52,"column":6}},"20":{"start":{"line":49,"column":4},"end":{"line":51,"column":null}},"21":{"start":{"line":50,"column":5},"end":{"line":50,"column":19}},"22":{"start":{"line":54,"column":2},"end":{"line":54,"column":17}},"23":{"start":{"line":58,"column":15},"end":{"line":58,"column":59}},"24":{"start":{"line":59,"column":36},"end":{"line":64,"column":4}},"25":{"start":{"line":66,"column":2},"end":{"line":76,"column":null}},"26":{"start":{"line":67,"column":19},"end":{"line":67,"column":49}},"27":{"start":{"line":68,"column":3},"end":{"line":75,"column":null}},"28":{"start":{"line":69,"column":4},"end":{"line":69,"column":63}},"29":{"start":{"line":70,"column":4},"end":{"line":74,"column":7}},"30":{"start":{"line":71,"column":5},"end":{"line":73,"column":null}},"31":{"start":{"line":72,"column":6},"end":{"line":72,"column":80}},"32":{"start":{"line":77,"column":2},"end":{"line":77,"column":22}},"33":{"start":{"line":80,"column":30},"end":{"line":100,"column":2}},"34":{"start":{"line":81,"column":15},"end":{"line":81,"column":44}},"35":{"start":{"line":82,"column":18},"end":{"line":82,"column":48}},"36":{"start":{"line":83,"column":2},"end":{"line":98,"column":null}},"37":{"start":{"line":84,"column":36},"end":{"line":89,"column":5}},"38":{"start":{"line":90,"column":3},"end":{"line":96,"column":null}},"39":{"start":{"line":91,"column":4},"end":{"line":95,"column":7}},"40":{"start":{"line":92,"column":5},"end":{"line":94,"column":null}},"41":{"start":{"line":93,"column":6},"end":{"line":93,"column":79}},"42":{"start":{"line":97,"column":3},"end":{"line":97,"column":22}},"43":{"start":{"line":99,"column":2},"end":{"line":99,"column":14}},"44":{"start":{"line":103,"column":2},"end":{"line":103,"column":43}},"45":{"start":{"line":107,"column":2},"end":{"line":107,"column":43}},"46":{"start":{"line":111,"column":2},"end":{"line":111,"column":51}},"47":{"start":{"line":115,"column":2},"end":{"line":115,"column":41}},"48":{"start":{"line":19,"column":0},"end":{"line":19,"column":13}}},"fnMap":{"0":{"name":"(anonymous_0)","decl":{"start":{"line":20,"column":19},"end":{"line":20,"column":20}},"loc":{"start":{"line":20,"column":34},"end":{"line":28,"column":2}}},"1":{"name":"(anonymous_1)","decl":{"start":{"line":22,"column":29},"end":{"line":22,"column":30}},"loc":{"start":{"line":22,"column":39},"end":{"line":26,"column":3}}},"2":{"name":"(anonymous_2)","decl":{"start":{"line":30,"column":25},"end":{"line":30,"column":26}},"loc":{"start":{"line":30,"column":51},"end":{"line":32,"column":2}}},"3":{"name":"(anonymous_3)","decl":{"start":{"line":33,"column":21},"end":{"line":33,"column":22}},"loc":{"start":{"line":33,"column":36},"end":{"line":35,"column":2}}},"4":{"name":"(anonymous_4)","decl":{"start":{"line":37,"column":17},"end":{"line":37,"column":18}},"loc":{"start":{"line":37,"column":49},"end":{"line":39,"column":2}}},"5":{"name":"(anonymous_5)","decl":{"start":{"line":38,"column":24},"end":{"line":38,"column":25}},"loc":{"start":{"line":38,"column":33},"end":{"line":38,"column":61}}},"6":{"name":"(anonymous_6)","decl":{"start":{"line":41,"column":18},"end":{"line":41,"column":19}},"loc":{"start":{"line":41,"column":50},"end":{"line":43,"column":2}}},"7":{"name":"(anonymous_7)","decl":{"start":{"line":42,"column":26},"end":{"line":42,"column":27}},"loc":{"start":{"line":42,"column":35},"end":{"line":42,"column":63}}},"8":{"name":"(anonymous_8)","decl":{"start":{"line":45,"column":21},"end":{"line":45,"column":22}},"loc":{"start":{"line":45,"column":86},"end":{"line":55,"column":2}}},"9":{"name":"(anonymous_9)","decl":{"start":{"line":47,"column":15},"end":{"line":47,"column":16}},"loc":{"start":{"line":47,"column":23},"end":{"line":53,"column":3}}},"10":{"name":"(anonymous_10)","decl":{"start":{"line":48,"column":21},"end":{"line":48,"column":22}},"loc":{"start":{"line":48,"column":29},"end":{"line":52,"column":4}}},"11":{"name":"(anonymous_11)","decl":{"start":{"line":57,"column":1},"end":{"line":57,"column":7}},"loc":{"start":{"line":57,"column":73},"end":{"line":78,"column":2}}},"12":{"name":"(anonymous_12)","decl":{"start":{"line":70,"column":54},"end":{"line":70,"column":55}},"loc":{"start":{"line":70,"column":70},"end":{"line":74,"column":5}}},"13":{"name":"(anonymous_13)","decl":{"start":{"line":80,"column":30},"end":{"line":80,"column":31}},"loc":{"start":{"line":80,"column":107},"end":{"line":100,"column":2}}},"14":{"name":"(anonymous_14)","decl":{"start":{"line":91,"column":54},"end":{"line":91,"column":55}},"loc":{"start":{"line":91,"column":70},"end":{"line":95,"column":5}}},"15":{"name":"(anonymous_15)","decl":{"start":{"line":102,"column":1},"end":{"line":102,"column":7}},"loc":{"start":{"line":102,"column":42},"end":{"line":104,"column":2}}},"16":{"name":"(anonymous_16)","decl":{"start":{"line":106,"column":1},"end":{"line":106,"column":7}},"loc":{"start":{"line":106,"column":42},"end":{"line":108,"column":2}}},"17":{"name":"(anonymous_17)","decl":{"start":{"line":110,"column":1},"end":{"line":110,"column":7}},"loc":{"start":{"line":110,"column":45},"end":{"line":112,"column":2}}},"18":{"name":"(anonymous_18)","decl":{"start":{"line":114,"column":1},"end":{"line":114,"column":7}},"loc":{"start":{"line":114,"column":40},"end":{"line":116,"column":2}}}},"branchMap":{"0":{"loc":{"start":{"line":23,"column":3},"end":{"line":25,"column":null}},"type":"if","locations":[{"start":{"line":23,"column":3},"end":{"line":25,"column":null}}]},"1":{"loc":{"start":{"line":49,"column":4},"end":{"line":51,"column":null}},"type":"if","locations":[{"start":{"line":49,"column":4},"end":{"line":51,"column":null}}]},"2":{"loc":{"start":{"line":49,"column":8},"end":{"line":49,"column":61}},"type":"binary-expr","locations":[{"start":{"line":49,"column":8},"end":{"line":49,"column":30}},{"start":{"line":49,"column":34},"end":{"line":49,"column":61}}]},"3":{"loc":{"start":{"line":66,"column":2},"end":{"line":76,"column":null}},"type":"if","locations":[{"start":{"line":66,"column":2},"end":{"line":76,"column":null}}]},"4":{"loc":{"start":{"line":68,"column":3},"end":{"line":75,"column":null}},"type":"if","locations":[{"start":{"line":68,"column":3},"end":{"line":75,"column":null}}]},"5":{"loc":{"start":{"line":68,"column":7},"end":{"line":68,"column":76}},"type":"binary-expr","locations":[{"start":{"line":68,"column":7},"end":{"line":68,"column":30}},{"start":{"line":68,"column":34},"end":{"line":68,"column":76}}]},"6":{"loc":{"start":{"line":71,"column":5},"end":{"line":73,"column":null}},"type":"if","locations":[{"start":{"line":71,"column":5},"end":{"line":73,"column":null}}]},"7":{"loc":{"start":{"line":71,"column":9},"end":{"line":71,"column":70}},"type":"binary-expr","locations":[{"start":{"line":71,"column":9},"end":{"line":71,"column":40}},{"start":{"line":71,"column":44},"end":{"line":71,"column":70}}]},"8":{"loc":{"start":{"line":83,"column":2},"end":{"line":98,"column":null}},"type":"if","locations":[{"start":{"line":83,"column":2},"end":{"line":98,"column":null}}]},"9":{"loc":{"start":{"line":83,"column":6},"end":{"line":83,"column":29}},"type":"binary-expr","locations":[{"start":{"line":83,"column":6},"end":{"line":83,"column":13}},{"start":{"line":83,"column":17},"end":{"line":83,"column":29}}]},"10":{"loc":{"start":{"line":90,"column":3},"end":{"line":96,"column":null}},"type":"if","locations":[{"start":{"line":90,"column":3},"end":{"line":96,"column":null}}]},"11":{"loc":{"start":{"line":90,"column":7},"end":{"line":90,"column":75}},"type":"binary-expr","locations":[{"start":{"line":90,"column":7},"end":{"line":90,"column":29}},{"start":{"line":90,"column":33},"end":{"line":90,"column":75}}]},"12":{"loc":{"start":{"line":92,"column":5},"end":{"line":94,"column":null}},"type":"if","locations":[{"start":{"line":92,"column":5},"end":{"line":94,"column":null}}]}},"s":{"0":1,"1":1,"2":11,"3":11,"4":56,"5":14,"6":11,"7":1,"8":33,"9":1,"10":0,"11":1,"12":9,"13":12,"14":1,"15":6,"16":11,"17":1,"18":21,"19":52,"20":70,"21":6,"22":21,"23":12,"24":12,"25":12,"26":12,"27":12,"28":2,"29":2,"30":4,"31":4,"32":12,"33":1,"34":9,"35":9,"36":9,"37":4,"38":4,"39":4,"40":8,"41":8,"42":4,"43":5,"44":3,"45":2,"46":2,"47":20,"48":1},"f":{"0":11,"1":56,"2":33,"3":0,"4":9,"5":12,"6":6,"7":11,"8":21,"9":52,"10":70,"11":12,"12":4,"13":9,"14":8,"15":3,"16":2,"17":2,"18":20},"b":{"0":[14],"1":[6],"2":[70,31],"3":[12],"4":[2],"5":[12,2],"6":[4],"7":[4,4],"8":[4],"9":[9,4],"10":[4],"11":[4,4],"12":[8]}}
}
