{"/Users/congcong/Public/projects/yiird/yiird-mono/packages/vue3-ts-api-extractor/src/types.ts": {"path":"/Users/congcong/Public/projects/yiird/yiird-mono/packages/vue3-ts-api-extractor/src/types.ts","statementMap":{"0":{"start":{"line":26,"column":0},"end":{"line":26,"column":null}},"1":{"start":{"line":27,"column":1},"end":{"line":27,"column":null}},"2":{"start":{"line":28,"column":1},"end":{"line":28,"column":null}},"3":{"start":{"line":29,"column":1},"end":{"line":29,"column":null}},"4":{"start":{"line":30,"column":1},"end":{"line":30,"column":null}},"5":{"start":{"line":66,"column":1},"end":{"line":66,"column":55}},"6":{"start":{"line":65,"column":0},"end":{"line":65,"column":16}},"7":{"start":{"line":70,"column":1},"end":{"line":70,"column":50}},"8":{"start":{"line":69,"column":0},"end":{"line":69,"column":16}},"9":{"start":{"line":74,"column":1},"end":{"line":74,"column":50}},"10":{"start":{"line":73,"column":0},"end":{"line":73,"column":16}},"11":{"start":{"line":78,"column":1},"end":{"line":78,"column":55}},"12":{"start":{"line":77,"column":0},"end":{"line":77,"column":16}}},"fnMap":{"0":{"name":"(anonymous_0)","decl":{"start":{"line":26,"column":0},"end":{"line":26,"column":12}},"loc":{"start":{"line":26,"column":26},"end":{"line":31,"column":1}}},"1":{"name":"isDeclarationInitalizer","decl":{"start":{"line":65,"column":16},"end":{"line":65,"column":39}},"loc":{"start":{"line":65,"column":62},"end":{"line":67,"column":1}}},"2":{"name":"isImportInitalizer","decl":{"start":{"line":69,"column":16},"end":{"line":69,"column":34}},"loc":{"start":{"line":69,"column":57},"end":{"line":71,"column":1}}},"3":{"name":"isExportInitalizer","decl":{"start":{"line":73,"column":16},"end":{"line":73,"column":34}},"loc":{"start":{"line":73,"column":57},"end":{"line":75,"column":1}}},"4":{"name":"isExportFromInitalizer","decl":{"start":{"line":77,"column":16},"end":{"line":77,"column":38}},"loc":{"start":{"line":77,"column":61},"end":{"line":79,"column":1}}}},"branchMap":{"0":{"loc":{"start":{"line":26,"column":12},"end":{"line":26,"column":null}},"type":"binary-expr","locations":[{"start":{"line":26,"column":12},"end":{"line":26,"column":26}},{"start":{"line":26,"column":12},"end":{"line":26,"column":null}}]}},"s":{"0":5,"1":5,"2":5,"3":5,"4":5,"5":76,"6":5,"7":68,"8":5,"9":148,"10":5,"11":76,"12":5},"f":{"0":5,"1":76,"2":68,"3":148,"4":76},"b":{"0":[5,5]}}
,"/Users/congcong/Public/projects/yiird/yiird-mono/packages/vue3-ts-api-extractor/src/parser/loader.ts": {"path":"/Users/congcong/Public/projects/yiird/yiird-mono/packages/vue3-ts-api-extractor/src/parser/loader.ts","statementMap":{"0":{"start":{"line":1,"column":0},"end":{"line":1,"column":52}},"1":{"start":{"line":3,"column":0},"end":{"line":3,"column":71}},"2":{"start":{"line":4,"column":0},"end":{"line":4,"column":34}},"3":{"start":{"line":5,"column":0},"end":{"line":5,"column":38}},"4":{"start":{"line":6,"column":0},"end":{"line":6,"column":37}},"5":{"start":{"line":7,"column":0},"end":{"line":7,"column":null}},"6":{"start":{"line":22,"column":0},"end":{"line":22,"column":null}},"7":{"start":{"line":33,"column":0},"end":{"line":33,"column":49}},"8":{"start":{"line":35,"column":27},"end":{"line":40,"column":1}},"9":{"start":{"line":36,"column":42},"end":{"line":36,"column":44}},"10":{"start":{"line":37,"column":1},"end":{"line":37,"column":37}},"11":{"start":{"line":38,"column":1},"end":{"line":38,"column":35}},"12":{"start":{"line":39,"column":1},"end":{"line":39,"column":24}},"13":{"start":{"line":42,"column":44},"end":{"line":47,"column":2}},"14":{"start":{"line":54,"column":18},"end":{"line":54,"column":23}},"15":{"start":{"line":59,"column":22},"end":{"line":59,"column":23}},"16":{"start":{"line":63,"column":61},"end":{"line":63,"column":70}},"17":{"start":{"line":67,"column":71},"end":{"line":67,"column":80}},"18":{"start":{"line":69,"column":61},"end":{"line":69,"column":70}},"19":{"start":{"line":71,"column":69},"end":{"line":71,"column":78}},"20":{"start":{"line":74,"column":2},"end":{"line":74,"column":10}},"21":{"start":{"line":75,"column":2},"end":{"line":75,"column":28}},"22":{"start":{"line":76,"column":2},"end":{"line":76,"column":24}},"23":{"start":{"line":77,"column":2},"end":{"line":77,"column":37}},"24":{"start":{"line":78,"column":2},"end":{"line":78,"column":47}},"25":{"start":{"line":79,"column":2},"end":{"line":93,"column":null}},"26":{"start":{"line":80,"column":3},"end":{"line":80,"column":22}},"27":{"start":{"line":81,"column":27},"end":{"line":81,"column":55}},"28":{"start":{"line":82,"column":15},"end":{"line":82,"column":54}},"29":{"start":{"line":83,"column":18},"end":{"line":83,"column":48}},"30":{"start":{"line":84,"column":3},"end":{"line":86,"column":null}},"31":{"start":{"line":85,"column":4},"end":{"line":85,"column":22}},"32":{"start":{"line":87,"column":3},"end":{"line":87,"column":25}},"33":{"start":{"line":88,"column":20},"end":{"line":88,"column":43}},"34":{"start":{"line":89,"column":3},"end":{"line":89,"column":37}},"35":{"start":{"line":90,"column":3},"end":{"line":90,"column":38}},"36":{"start":{"line":92,"column":3},"end":{"line":92,"column":31}},"37":{"start":{"line":94,"column":2},"end":{"line":94,"column":66}},"38":{"start":{"line":95,"column":2},"end":{"line":95,"column":15}},"39":{"start":{"line":96,"column":2},"end":{"line":96,"column":50}},"40":{"start":{"line":103,"column":2},"end":{"line":103,"column":64}},"41":{"start":{"line":104,"column":2},"end":{"line":104,"column":74}},"42":{"start":{"line":105,"column":2},"end":{"line":105,"column":64}},"43":{"start":{"line":106,"column":2},"end":{"line":106,"column":72}},"44":{"start":{"line":109,"column":17},"end":{"line":109,"column":73}},"45":{"start":{"line":111,"column":2},"end":{"line":111,"column":35}},"46":{"start":{"line":113,"column":2},"end":{"line":113,"column":104}},"47":{"start":{"line":115,"column":16},"end":{"line":117,"column":4}},"48":{"start":{"line":118,"column":2},"end":{"line":134,"column":5}},"49":{"start":{"line":119,"column":3},"end":{"line":133,"column":null}},"50":{"start":{"line":120,"column":24},"end":{"line":120,"column":56}},"51":{"start":{"line":121,"column":4},"end":{"line":132,"column":7}},"52":{"start":{"line":122,"column":18},"end":{"line":122,"column":33}},"53":{"start":{"line":123,"column":5},"end":{"line":131,"column":null}},"54":{"start":{"line":124,"column":6},"end":{"line":124,"column":52}},"55":{"start":{"line":125,"column":12},"end":{"line":131,"column":null}},"56":{"start":{"line":126,"column":6},"end":{"line":126,"column":56}},"57":{"start":{"line":127,"column":12},"end":{"line":131,"column":null}},"58":{"start":{"line":128,"column":6},"end":{"line":128,"column":57}},"59":{"start":{"line":129,"column":12},"end":{"line":131,"column":null}},"60":{"start":{"line":130,"column":6},"end":{"line":130,"column":52}},"61":{"start":{"line":138,"column":2},"end":{"line":144,"column":5}},"62":{"start":{"line":139,"column":3},"end":{"line":143,"column":null}},"63":{"start":{"line":140,"column":4},"end":{"line":140,"column":71}},"64":{"start":{"line":142,"column":4},"end":{"line":142,"column":62}},"65":{"start":{"line":148,"column":2},"end":{"line":150,"column":null}},"66":{"start":{"line":149,"column":3},"end":{"line":149,"column":54}},"67":{"start":{"line":151,"column":2},"end":{"line":151,"column":100}},"68":{"start":{"line":155,"column":2},"end":{"line":161,"column":5}},"69":{"start":{"line":156,"column":3},"end":{"line":160,"column":null}},"70":{"start":{"line":157,"column":4},"end":{"line":157,"column":71}},"71":{"start":{"line":159,"column":4},"end":{"line":159,"column":62}},"72":{"start":{"line":165,"column":32},"end":{"line":165,"column":80}},"73":{"start":{"line":167,"column":2},"end":{"line":173,"column":null}},"74":{"start":{"line":168,"column":3},"end":{"line":172,"column":null}},"75":{"start":{"line":169,"column":4},"end":{"line":169,"column":101}},"76":{"start":{"line":171,"column":4},"end":{"line":171,"column":56}},"77":{"start":{"line":174,"column":2},"end":{"line":191,"column":null}},"78":{"start":{"line":175,"column":28},"end":{"line":175,"column":71}},"79":{"start":{"line":176,"column":3},"end":{"line":190,"column":null}},"80":{"start":{"line":177,"column":4},"end":{"line":189,"column":null}},"81":{"start":{"line":178,"column":27},"end":{"line":178,"column":112}},"82":{"start":{"line":179,"column":5},"end":{"line":188,"column":null}},"83":{"start":{"line":180,"column":25},"end":{"line":180,"column":62}},"84":{"start":{"line":181,"column":6},"end":{"line":187,"column":null}},"85":{"start":{"line":182,"column":7},"end":{"line":184,"column":null}},"86":{"start":{"line":183,"column":8},"end":{"line":183,"column":37}},"87":{"start":{"line":185,"column":28},"end":{"line":185,"column":89}},"88":{"start":{"line":186,"column":7},"end":{"line":186,"column":41}},"89":{"start":{"line":192,"column":2},"end":{"line":194,"column":null}},"90":{"start":{"line":193,"column":3},"end":{"line":193,"column":35}},"91":{"start":{"line":195,"column":2},"end":{"line":195,"column":16}},"92":{"start":{"line":204,"column":2},"end":{"line":230,"column":null}},"93":{"start":{"line":205,"column":50},"end":{"line":205,"column":52}},"94":{"start":{"line":206,"column":3},"end":{"line":226,"column":6}},"95":{"start":{"line":207,"column":4},"end":{"line":225,"column":null}},"96":{"start":{"line":208,"column":25},"end":{"line":208,"column":74}},"97":{"start":{"line":209,"column":5},"end":{"line":216,"column":null}},"98":{"start":{"line":210,"column":6},"end":{"line":215,"column":null}},"99":{"start":{"line":211,"column":27},"end":{"line":211,"column":49}},"100":{"start":{"line":212,"column":7},"end":{"line":214,"column":null}},"101":{"start":{"line":213,"column":8},"end":{"line":213,"column":40}},"102":{"start":{"line":217,"column":11},"end":{"line":225,"column":null}},"103":{"start":{"line":218,"column":33},"end":{"line":218,"column":84}},"104":{"start":{"line":219,"column":5},"end":{"line":221,"column":null}},"105":{"start":{"line":220,"column":6},"end":{"line":220,"column":96}},"106":{"start":{"line":222,"column":5},"end":{"line":222,"column":31}},"107":{"start":{"line":224,"column":5},"end":{"line":224,"column":31}},"108":{"start":{"line":227,"column":3},"end":{"line":229,"column":null}},"109":{"start":{"line":228,"column":4},"end":{"line":228,"column":73}},"110":{"start":{"line":231,"column":2},"end":{"line":231,"column":20}},"111":{"start":{"line":235,"column":2},"end":{"line":235,"column":36}},"112":{"start":{"line":239,"column":2},"end":{"line":239,"column":46}},"113":{"start":{"line":246,"column":2},"end":{"line":246,"column":29}},"114":{"start":{"line":247,"column":2},"end":{"line":247,"column":24}},"115":{"start":{"line":248,"column":2},"end":{"line":248,"column":20}},"116":{"start":{"line":256,"column":17},"end":{"line":256,"column":34}},"117":{"start":{"line":257,"column":2},"end":{"line":264,"column":5}},"118":{"start":{"line":258,"column":3},"end":{"line":263,"column":null}},"119":{"start":{"line":259,"column":4},"end":{"line":259,"column":11}},"120":{"start":{"line":261,"column":22},"end":{"line":261,"column":110}},"121":{"start":{"line":262,"column":4},"end":{"line":262,"column":39}},"122":{"start":{"line":265,"column":2},"end":{"line":265,"column":16}},"123":{"start":{"line":269,"column":2},"end":{"line":269,"column":38}},"124":{"start":{"line":273,"column":2},"end":{"line":273,"column":33}},"125":{"start":{"line":277,"column":2},"end":{"line":277,"column":33}},"126":{"start":{"line":281,"column":2},"end":{"line":281,"column":22}},"127":{"start":{"line":285,"column":2},"end":{"line":285,"column":19}},"128":{"start":{"line":289,"column":2},"end":{"line":289,"column":22}},"129":{"start":{"line":293,"column":2},"end":{"line":293,"column":21}},"130":{"start":{"line":297,"column":2},"end":{"line":297,"column":24}},"131":{"start":{"line":300,"column":2},"end":{"line":300,"column":27}},"132":{"start":{"line":49,"column":0},"end":{"line":49,"column":13}},"133":{"start":{"line":306,"column":28},"end":{"line":306,"column":30}},"134":{"start":{"line":307,"column":43},"end":{"line":307,"column":52}},"135":{"start":{"line":308,"column":45},"end":{"line":308,"column":54}},"136":{"start":{"line":309,"column":35},"end":{"line":313,"column":3}},"137":{"start":{"line":316,"column":2},"end":{"line":316,"column":10}},"138":{"start":{"line":317,"column":2},"end":{"line":317,"column":67}},"139":{"start":{"line":318,"column":2},"end":{"line":318,"column":34}},"140":{"start":{"line":319,"column":2},"end":{"line":319,"column":24}},"141":{"start":{"line":320,"column":2},"end":{"line":320,"column":42}},"142":{"start":{"line":334,"column":2},"end":{"line":348,"column":5}},"143":{"start":{"line":336,"column":33},"end":{"line":339,"column":5}},"144":{"start":{"line":340,"column":3},"end":{"line":346,"column":null}},"145":{"start":{"line":341,"column":4},"end":{"line":341,"column":30}},"146":{"start":{"line":342,"column":4},"end":{"line":342,"column":76}},"147":{"start":{"line":344,"column":4},"end":{"line":344,"column":53}},"148":{"start":{"line":345,"column":4},"end":{"line":345,"column":89}},"149":{"start":{"line":347,"column":3},"end":{"line":347,"column":30}},"150":{"start":{"line":352,"column":27},"end":{"line":352,"column":29}},"151":{"start":{"line":353,"column":20},"end":{"line":353,"column":49}},"152":{"start":{"line":354,"column":2},"end":{"line":354,"column":40}},"153":{"start":{"line":355,"column":2},"end":{"line":355,"column":54}},"154":{"start":{"line":356,"column":2},"end":{"line":365,"column":5}},"155":{"start":{"line":357,"column":16},"end":{"line":357,"column":43}},"156":{"start":{"line":358,"column":3},"end":{"line":361,"column":null}},"157":{"start":{"line":359,"column":4},"end":{"line":359,"column":31}},"158":{"start":{"line":360,"column":4},"end":{"line":360,"column":40}},"159":{"start":{"line":362,"column":3},"end":{"line":362,"column":24}},"160":{"start":{"line":363,"column":19},"end":{"line":363,"column":49}},"161":{"start":{"line":364,"column":3},"end":{"line":364,"column":27}},"162":{"start":{"line":366,"column":2},"end":{"line":366,"column":16}},"163":{"start":{"line":374,"column":14},"end":{"line":374,"column":25}},"164":{"start":{"line":375,"column":2},"end":{"line":375,"column":35}},"165":{"start":{"line":378,"column":32},"end":{"line":378,"column":34}},"166":{"start":{"line":379,"column":2},"end":{"line":381,"column":5}},"167":{"start":{"line":380,"column":3},"end":{"line":380,"column":50}},"168":{"start":{"line":383,"column":2},"end":{"line":383,"column":35}},"169":{"start":{"line":387,"column":54},"end":{"line":387,"column":56}},"170":{"start":{"line":388,"column":2},"end":{"line":403,"column":null}},"171":{"start":{"line":389,"column":3},"end":{"line":395,"column":6}},"172":{"start":{"line":390,"column":19},"end":{"line":390,"column":45}},"173":{"start":{"line":391,"column":4},"end":{"line":394,"column":7}},"174":{"start":{"line":397,"column":3},"end":{"line":402,"column":6}},"175":{"start":{"line":398,"column":4},"end":{"line":401,"column":7}},"176":{"start":{"line":404,"column":2},"end":{"line":406,"column":5}},"177":{"start":{"line":404,"column":25},"end":{"line":404,"column":75}},"178":{"start":{"line":405,"column":3},"end":{"line":405,"column":55}},"179":{"start":{"line":410,"column":2},"end":{"line":410,"column":21}},"180":{"start":{"line":414,"column":2},"end":{"line":414,"column":69}},"181":{"start":{"line":414,"column":38},"end":{"line":414,"column":67}},"182":{"start":{"line":418,"column":2},"end":{"line":418,"column":22}},"183":{"start":{"line":422,"column":2},"end":{"line":422,"column":36}},"184":{"start":{"line":426,"column":2},"end":{"line":426,"column":23}},"185":{"start":{"line":304,"column":0},"end":{"line":304,"column":13}}},"fnMap":{"0":{"name":"(anonymous_7)","decl":{"start":{"line":35,"column":27},"end":{"line":35,"column":28}},"loc":{"start":{"line":35,"column":65},"end":{"line":40,"column":1}}},"1":{"name":"(anonymous_8)","decl":{"start":{"line":73,"column":1},"end":{"line":73,"column":13}},"loc":{"start":{"line":73,"column":46},"end":{"line":97,"column":2}}},"2":{"name":"(anonymous_9)","decl":{"start":{"line":102,"column":9},"end":{"line":102,"column":14}},"loc":{"start":{"line":102,"column":14},"end":{"line":135,"column":2}}},"3":{"name":"(anonymous_10)","decl":{"start":{"line":118,"column":16},"end":{"line":118,"column":17}},"loc":{"start":{"line":118,"column":25},"end":{"line":134,"column":3}}},"4":{"name":"(anonymous_11)","decl":{"start":{"line":121,"column":24},"end":{"line":121,"column":25}},"loc":{"start":{"line":121,"column":39},"end":{"line":132,"column":5}}},"5":{"name":"(anonymous_12)","decl":{"start":{"line":137,"column":9},"end":{"line":137,"column":23}},"loc":{"start":{"line":137,"column":23},"end":{"line":145,"column":2}}},"6":{"name":"(anonymous_13)","decl":{"start":{"line":138,"column":34},"end":{"line":138,"column":35}},"loc":{"start":{"line":138,"column":50},"end":{"line":144,"column":3}}},"7":{"name":"(anonymous_14)","decl":{"start":{"line":147,"column":9},"end":{"line":147,"column":18}},"loc":{"start":{"line":147,"column":29},"end":{"line":152,"column":2}}},"8":{"name":"(anonymous_15)","decl":{"start":{"line":154,"column":9},"end":{"line":154,"column":28}},"loc":{"start":{"line":154,"column":28},"end":{"line":162,"column":2}}},"9":{"name":"(anonymous_16)","decl":{"start":{"line":155,"column":39},"end":{"line":155,"column":40}},"loc":{"start":{"line":155,"column":55},"end":{"line":161,"column":3}}},"10":{"name":"(anonymous_17)","decl":{"start":{"line":164,"column":8},"end":{"line":164,"column":21}},"loc":{"start":{"line":164,"column":44},"end":{"line":196,"column":2}}},"11":{"name":"(anonymous_18)","decl":{"start":{"line":203,"column":9},"end":{"line":203,"column":33}},"loc":{"start":{"line":203,"column":50},"end":{"line":232,"column":2}}},"12":{"name":"(anonymous_19)","decl":{"start":{"line":206,"column":33},"end":{"line":206,"column":34}},"loc":{"start":{"line":206,"column":46},"end":{"line":226,"column":4}}},"13":{"name":"(anonymous_20)","decl":{"start":{"line":234,"column":9},"end":{"line":234,"column":26}},"loc":{"start":{"line":234,"column":26},"end":{"line":236,"column":2}}},"14":{"name":"(anonymous_21)","decl":{"start":{"line":238,"column":9},"end":{"line":238,"column":24}},"loc":{"start":{"line":238,"column":24},"end":{"line":240,"column":2}}},"15":{"name":"(anonymous_22)","decl":{"start":{"line":245,"column":9},"end":{"line":245,"column":24}},"loc":{"start":{"line":245,"column":24},"end":{"line":249,"column":2}}},"16":{"name":"(anonymous_23)","decl":{"start":{"line":255,"column":8},"end":{"line":255,"column":21}},"loc":{"start":{"line":255,"column":21},"end":{"line":266,"column":2}}},"17":{"name":"(anonymous_24)","decl":{"start":{"line":257,"column":34},"end":{"line":257,"column":35}},"loc":{"start":{"line":257,"column":44},"end":{"line":264,"column":3}}},"18":{"name":"(anonymous_25)","decl":{"start":{"line":268,"column":8},"end":{"line":268,"column":23}},"loc":{"start":{"line":268,"column":23},"end":{"line":270,"column":2}}},"19":{"name":"(anonymous_26)","decl":{"start":{"line":272,"column":8},"end":{"line":272,"column":29}},"loc":{"start":{"line":272,"column":29},"end":{"line":274,"column":2}}},"20":{"name":"(anonymous_27)","decl":{"start":{"line":276,"column":8},"end":{"line":276,"column":21}},"loc":{"start":{"line":276,"column":21},"end":{"line":278,"column":2}}},"21":{"name":"(anonymous_28)","decl":{"start":{"line":280,"column":8},"end":{"line":280,"column":17}},"loc":{"start":{"line":280,"column":17},"end":{"line":282,"column":2}}},"22":{"name":"(anonymous_29)","decl":{"start":{"line":284,"column":8},"end":{"line":284,"column":14}},"loc":{"start":{"line":284,"column":14},"end":{"line":286,"column":2}}},"23":{"name":"(anonymous_30)","decl":{"start":{"line":288,"column":8},"end":{"line":288,"column":17}},"loc":{"start":{"line":288,"column":17},"end":{"line":290,"column":2}}},"24":{"name":"(anonymous_31)","decl":{"start":{"line":292,"column":8},"end":{"line":292,"column":13}},"loc":{"start":{"line":292,"column":13},"end":{"line":294,"column":2}}},"25":{"name":"(anonymous_32)","decl":{"start":{"line":296,"column":8},"end":{"line":296,"column":19}},"loc":{"start":{"line":296,"column":19},"end":{"line":298,"column":2}}},"26":{"name":"(anonymous_33)","decl":{"start":{"line":299,"column":8},"end":{"line":299,"column":22}},"loc":{"start":{"line":299,"column":22},"end":{"line":301,"column":2}}},"27":{"name":"(anonymous_34)","decl":{"start":{"line":315,"column":1},"end":{"line":315,"column":13}},"loc":{"start":{"line":315,"column":35},"end":{"line":326,"column":2}}},"28":{"name":"(anonymous_35)","decl":{"start":{"line":332,"column":9},"end":{"line":332,"column":23}},"loc":{"start":{"line":332,"column":23},"end":{"line":349,"column":2}}},"29":{"name":"(anonymous_36)","decl":{"start":{"line":334,"column":33},"end":{"line":334,"column":34}},"loc":{"start":{"line":334,"column":45},"end":{"line":348,"column":3}}},"30":{"name":"(anonymous_37)","decl":{"start":{"line":351,"column":9},"end":{"line":351,"column":23}},"loc":{"start":{"line":351,"column":40},"end":{"line":367,"column":2}}},"31":{"name":"(anonymous_38)","decl":{"start":{"line":356,"column":36},"end":{"line":356,"column":37}},"loc":{"start":{"line":356,"column":50},"end":{"line":365,"column":3}}},"32":{"name":"(anonymous_39)","decl":{"start":{"line":373,"column":8},"end":{"line":373,"column":12}},"loc":{"start":{"line":373,"column":30},"end":{"line":384,"column":2}}},"33":{"name":"(anonymous_40)","decl":{"start":{"line":379,"column":16},"end":{"line":379,"column":17}},"loc":{"start":{"line":379,"column":25},"end":{"line":381,"column":3}}},"34":{"name":"(anonymous_41)","decl":{"start":{"line":386,"column":11},"end":{"line":386,"column":26}},"loc":{"start":{"line":386,"column":49},"end":{"line":407,"column":2}}},"35":{"name":"(anonymous_42)","decl":{"start":{"line":389,"column":21},"end":{"line":389,"column":22}},"loc":{"start":{"line":389,"column":34},"end":{"line":395,"column":4}}},"36":{"name":"(anonymous_43)","decl":{"start":{"line":397,"column":24},"end":{"line":397,"column":25}},"loc":{"start":{"line":397,"column":41},"end":{"line":402,"column":4}}},"37":{"name":"(anonymous_44)","decl":{"start":{"line":404,"column":12},"end":{"line":404,"column":13}},"loc":{"start":{"line":404,"column":25},"end":{"line":404,"column":75}}},"38":{"name":"(anonymous_45)","decl":{"start":{"line":404,"column":86},"end":{"line":404,"column":87}},"loc":{"start":{"line":404,"column":95},"end":{"line":406,"column":3}}},"39":{"name":"(anonymous_46)","decl":{"start":{"line":409,"column":8},"end":{"line":409,"column":16}},"loc":{"start":{"line":409,"column":16},"end":{"line":411,"column":2}}},"40":{"name":"(anonymous_47)","decl":{"start":{"line":413,"column":8},"end":{"line":413,"column":15}},"loc":{"start":{"line":413,"column":15},"end":{"line":415,"column":2}}},"41":{"name":"(anonymous_48)","decl":{"start":{"line":414,"column":28},"end":{"line":414,"column":29}},"loc":{"start":{"line":414,"column":38},"end":{"line":414,"column":67}}},"42":{"name":"(anonymous_49)","decl":{"start":{"line":417,"column":8},"end":{"line":417,"column":19}},"loc":{"start":{"line":417,"column":19},"end":{"line":419,"column":2}}},"43":{"name":"(anonymous_50)","decl":{"start":{"line":421,"column":8},"end":{"line":421,"column":16}},"loc":{"start":{"line":421,"column":33},"end":{"line":423,"column":2}}},"44":{"name":"(anonymous_51)","decl":{"start":{"line":425,"column":8},"end":{"line":425,"column":18}},"loc":{"start":{"line":425,"column":18},"end":{"line":427,"column":2}}}},"branchMap":{"0":{"loc":{"start":{"line":79,"column":2},"end":{"line":93,"column":null}},"type":"if","locations":[{"start":{"line":79,"column":2},"end":{"line":93,"column":null}},{"start":{"line":91,"column":9},"end":{"line":93,"column":null}}]},"1":{"loc":{"start":{"line":84,"column":3},"end":{"line":86,"column":null}},"type":"if","locations":[{"start":{"line":84,"column":3},"end":{"line":86,"column":null}}]},"2":{"loc":{"start":{"line":119,"column":3},"end":{"line":133,"column":null}},"type":"if","locations":[{"start":{"line":119,"column":3},"end":{"line":133,"column":null}}]},"3":{"loc":{"start":{"line":123,"column":5},"end":{"line":131,"column":null}},"type":"if","locations":[{"start":{"line":123,"column":5},"end":{"line":131,"column":null}},{"start":{"line":125,"column":12},"end":{"line":131,"column":null}}]},"4":{"loc":{"start":{"line":125,"column":12},"end":{"line":131,"column":null}},"type":"if","locations":[{"start":{"line":125,"column":12},"end":{"line":131,"column":null}},{"start":{"line":127,"column":12},"end":{"line":131,"column":null}}]},"5":{"loc":{"start":{"line":127,"column":12},"end":{"line":131,"column":null}},"type":"if","locations":[{"start":{"line":127,"column":12},"end":{"line":131,"column":null}},{"start":{"line":129,"column":12},"end":{"line":131,"column":null}}]},"6":{"loc":{"start":{"line":129,"column":12},"end":{"line":131,"column":null}},"type":"if","locations":[{"start":{"line":129,"column":12},"end":{"line":131,"column":null}}]},"7":{"loc":{"start":{"line":139,"column":3},"end":{"line":143,"column":null}},"type":"if","locations":[{"start":{"line":139,"column":3},"end":{"line":143,"column":null}},{"start":{"line":141,"column":10},"end":{"line":143,"column":null}}]},"8":{"loc":{"start":{"line":148,"column":2},"end":{"line":150,"column":null}},"type":"if","locations":[{"start":{"line":148,"column":2},"end":{"line":150,"column":null}}]},"9":{"loc":{"start":{"line":151,"column":9},"end":{"line":151,"column":99}},"type":"cond-expr","locations":[{"start":{"line":151,"column":57},"end":{"line":151,"column":92}},{"start":{"line":151,"column":95},"end":{"line":151,"column":99}}]},"10":{"loc":{"start":{"line":156,"column":3},"end":{"line":160,"column":null}},"type":"if","locations":[{"start":{"line":156,"column":3},"end":{"line":160,"column":null}},{"start":{"line":158,"column":10},"end":{"line":160,"column":null}}]},"11":{"loc":{"start":{"line":167,"column":2},"end":{"line":173,"column":null}},"type":"if","locations":[{"start":{"line":167,"column":2},"end":{"line":173,"column":null}}]},"12":{"loc":{"start":{"line":168,"column":3},"end":{"line":172,"column":null}},"type":"if","locations":[{"start":{"line":168,"column":3},"end":{"line":172,"column":null}},{"start":{"line":170,"column":10},"end":{"line":172,"column":null}}]},"13":{"loc":{"start":{"line":169,"column":13},"end":{"line":169,"column":100}},"type":"binary-expr","locations":[{"start":{"line":169,"column":13},"end":{"line":169,"column":45}},{"start":{"line":169,"column":49},"end":{"line":169,"column":100}}]},"14":{"loc":{"start":{"line":174,"column":2},"end":{"line":191,"column":null}},"type":"if","locations":[{"start":{"line":174,"column":2},"end":{"line":191,"column":null}}]},"15":{"loc":{"start":{"line":176,"column":3},"end":{"line":190,"column":null}},"type":"if","locations":[{"start":{"line":176,"column":3},"end":{"line":190,"column":null}}]},"16":{"loc":{"start":{"line":177,"column":4},"end":{"line":189,"column":null}},"type":"if","locations":[{"start":{"line":177,"column":4},"end":{"line":189,"column":null}}]},"17":{"loc":{"start":{"line":179,"column":5},"end":{"line":188,"column":null}},"type":"if","locations":[{"start":{"line":179,"column":5},"end":{"line":188,"column":null}}]},"18":{"loc":{"start":{"line":181,"column":6},"end":{"line":187,"column":null}},"type":"if","locations":[{"start":{"line":181,"column":6},"end":{"line":187,"column":null}}]},"19":{"loc":{"start":{"line":182,"column":7},"end":{"line":184,"column":null}},"type":"if","locations":[{"start":{"line":182,"column":7},"end":{"line":184,"column":null}}]},"20":{"loc":{"start":{"line":192,"column":2},"end":{"line":194,"column":null}},"type":"if","locations":[{"start":{"line":192,"column":2},"end":{"line":194,"column":null}}]},"21":{"loc":{"start":{"line":204,"column":2},"end":{"line":230,"column":null}},"type":"if","locations":[{"start":{"line":204,"column":2},"end":{"line":230,"column":null}}]},"22":{"loc":{"start":{"line":207,"column":4},"end":{"line":225,"column":null}},"type":"if","locations":[{"start":{"line":207,"column":4},"end":{"line":225,"column":null}},{"start":{"line":217,"column":11},"end":{"line":225,"column":null}}]},"23":{"loc":{"start":{"line":209,"column":5},"end":{"line":216,"column":null}},"type":"if","locations":[{"start":{"line":209,"column":5},"end":{"line":216,"column":null}}]},"24":{"loc":{"start":{"line":210,"column":6},"end":{"line":215,"column":null}},"type":"if","locations":[{"start":{"line":210,"column":6},"end":{"line":215,"column":null}}]},"25":{"loc":{"start":{"line":212,"column":7},"end":{"line":214,"column":null}},"type":"if","locations":[{"start":{"line":212,"column":7},"end":{"line":214,"column":null}}]},"26":{"loc":{"start":{"line":217,"column":11},"end":{"line":225,"column":null}},"type":"if","locations":[{"start":{"line":217,"column":11},"end":{"line":225,"column":null}},{"start":{"line":223,"column":11},"end":{"line":225,"column":null}}]},"27":{"loc":{"start":{"line":217,"column":15},"end":{"line":217,"column":98}},"type":"binary-expr","locations":[{"start":{"line":217,"column":15},"end":{"line":217,"column":45}},{"start":{"line":217,"column":49},"end":{"line":217,"column":98}}]},"28":{"loc":{"start":{"line":219,"column":5},"end":{"line":221,"column":null}},"type":"if","locations":[{"start":{"line":219,"column":5},"end":{"line":221,"column":null}}]},"29":{"loc":{"start":{"line":227,"column":3},"end":{"line":229,"column":null}},"type":"if","locations":[{"start":{"line":227,"column":3},"end":{"line":229,"column":null}}]},"30":{"loc":{"start":{"line":258,"column":3},"end":{"line":263,"column":null}},"type":"if","locations":[{"start":{"line":258,"column":3},"end":{"line":263,"column":null}},{"start":{"line":260,"column":10},"end":{"line":263,"column":null}}]},"31":{"loc":{"start":{"line":262,"column":4},"end":{"line":262,"column":38}},"type":"binary-expr","locations":[{"start":{"line":262,"column":4},"end":{"line":262,"column":13}},{"start":{"line":262,"column":17},"end":{"line":262,"column":38}}]},"32":{"loc":{"start":{"line":340,"column":3},"end":{"line":346,"column":null}},"type":"if","locations":[{"start":{"line":340,"column":3},"end":{"line":346,"column":null}},{"start":{"line":343,"column":10},"end":{"line":346,"column":null}}]},"33":{"loc":{"start":{"line":355,"column":2},"end":{"line":355,"column":53}},"type":"binary-expr","locations":[{"start":{"line":355,"column":2},"end":{"line":355,"column":28}},{"start":{"line":355,"column":32},"end":{"line":355,"column":53}}]},"34":{"loc":{"start":{"line":358,"column":3},"end":{"line":361,"column":null}},"type":"if","locations":[{"start":{"line":358,"column":3},"end":{"line":361,"column":null}}]},"35":{"loc":{"start":{"line":375,"column":2},"end":{"line":375,"column":34}},"type":"binary-expr","locations":[{"start":{"line":375,"column":2},"end":{"line":375,"column":10}},{"start":{"line":375,"column":15},"end":{"line":375,"column":33}}]},"36":{"loc":{"start":{"line":388,"column":2},"end":{"line":403,"column":null}},"type":"if","locations":[{"start":{"line":388,"column":2},"end":{"line":403,"column":null}},{"start":{"line":396,"column":9},"end":{"line":403,"column":null}}]},"37":{"loc":{"start":{"line":393,"column":11},"end":{"line":393,"column":28}},"type":"binary-expr","locations":[{"start":{"line":393,"column":11},"end":{"line":393,"column":23}},{"start":{"line":393,"column":27},"end":{"line":393,"column":28}}]},"38":{"loc":{"start":{"line":404,"column":25},"end":{"line":404,"column":75}},"type":"cond-expr","locations":[{"start":{"line":404,"column":45},"end":{"line":404,"column":46}},{"start":{"line":404,"column":49},"end":{"line":404,"column":75}}]},"39":{"loc":{"start":{"line":404,"column":49},"end":{"line":404,"column":75}},"type":"cond-expr","locations":[{"start":{"line":404,"column":69},"end":{"line":404,"column":71}},{"start":{"line":404,"column":74},"end":{"line":404,"column":75}}]}},"s":{"0":5,"1":5,"2":5,"3":5,"4":5,"5":5,"6":5,"7":5,"8":5,"9":26,"10":26,"11":26,"12":26,"13":5,"14":58,"15":58,"16":58,"17":58,"18":58,"19":58,"20":58,"21":58,"22":58,"23":58,"24":58,"25":58,"26":26,"27":26,"28":26,"29":26,"30":26,"31":0,"32":26,"33":26,"34":26,"35":26,"36":32,"37":58,"38":58,"39":58,"40":58,"41":58,"42":58,"43":58,"44":58,"45":58,"46":58,"47":58,"48":58,"49":152,"50":140,"51":140,"52":148,"53":148,"54":72,"55":76,"56":0,"57":76,"58":8,"59":68,"60":68,"61":60,"62":74,"63":0,"64":74,"65":124,"66":34,"67":124,"68":60,"69":8,"70":0,"71":8,"72":30,"73":30,"74":12,"75":0,"76":12,"77":30,"78":18,"79":18,"80":18,"81":18,"82":18,"83":18,"84":18,"85":18,"86":2,"87":18,"88":18,"89":30,"90":30,"91":30,"92":22,"93":22,"94":22,"95":66,"96":22,"97":22,"98":22,"99":22,"100":22,"101":22,"102":44,"103":0,"104":0,"105":0,"106":0,"107":44,"108":22,"109":22,"110":0,"111":110,"112":18,"113":60,"114":60,"115":60,"116":58,"117":58,"118":68,"119":44,"120":24,"121":24,"122":58,"123":0,"124":0,"125":26,"126":0,"127":1,"128":0,"129":0,"130":0,"131":0,"132":5,"133":6,"134":6,"135":6,"136":6,"137":6,"138":6,"139":6,"140":6,"141":6,"142":6,"143":6,"144":6,"145":0,"146":0,"147":6,"148":6,"149":6,"150":58,"151":58,"152":58,"153":58,"154":58,"155":24,"156":24,"157":12,"158":12,"159":24,"160":24,"161":24,"162":58,"163":6,"164":6,"165":6,"166":6,"167":34,"168":6,"169":6,"170":6,"171":6,"172":58,"173":58,"174":0,"175":0,"176":6,"177":132,"178":58,"179":2,"180":0,"181":0,"182":2,"183":27,"184":110,"185":5},"f":{"0":26,"1":58,"2":58,"3":152,"4":148,"5":60,"6":74,"7":124,"8":60,"9":8,"10":30,"11":22,"12":66,"13":110,"14":18,"15":60,"16":58,"17":68,"18":0,"19":0,"20":26,"21":0,"22":1,"23":0,"24":0,"25":0,"26":0,"27":6,"28":6,"29":6,"30":58,"31":24,"32":6,"33":34,"34":6,"35":58,"36":0,"37":132,"38":58,"39":2,"40":0,"41":0,"42":2,"43":27,"44":110},"b":{"0":[26,32],"1":[0],"2":[140],"3":[72,76],"4":[0,76],"5":[8,68],"6":[68],"7":[0,74],"8":[34],"9":[22,102],"10":[0,8],"11":[12],"12":[0,12],"13":[0,0],"14":[18],"15":[18],"16":[18],"17":[18],"18":[18],"19":[2],"20":[30],"21":[22],"22":[22,44],"23":[22],"24":[22],"25":[22],"26":[0,44],"27":[44,44],"28":[0],"29":[22],"30":[44,24],"31":[24,24],"32":[0,6],"33":[58,58],"34":[12],"35":[6,2],"36":[6,0],"37":[58,26],"38":[26,106],"39":[52,54]}}
,"/Users/congcong/Public/projects/yiird/yiird-mono/packages/vue3-ts-api-extractor/src/parser/sfc-event-comment.ts": {"path":"/Users/congcong/Public/projects/yiird/yiird-mono/packages/vue3-ts-api-extractor/src/parser/sfc-event-comment.ts","statementMap":{"0":{"start":{"line":1,"column":0},"end":{"line":1,"column":144}},"1":{"start":{"line":3,"column":0},"end":{"line":3,"column":45}},"2":{"start":{"line":15,"column":2},"end":{"line":15,"column":20}},"3":{"start":{"line":16,"column":2},"end":{"line":16,"column":35}},"4":{"start":{"line":17,"column":2},"end":{"line":17,"column":44}},"5":{"start":{"line":18,"column":2},"end":{"line":18,"column":67}},"6":{"start":{"line":19,"column":2},"end":{"line":19,"column":30}},"7":{"start":{"line":20,"column":2},"end":{"line":20,"column":72}},"8":{"start":{"line":21,"column":2},"end":{"line":21,"column":81}},"9":{"start":{"line":22,"column":2},"end":{"line":22,"column":46}},"10":{"start":{"line":26,"column":37},"end":{"line":26,"column":39}},"11":{"start":{"line":27,"column":2},"end":{"line":43,"column":null}},"12":{"start":{"line":28,"column":23},"end":{"line":28,"column":62}},"13":{"start":{"line":29,"column":3},"end":{"line":42,"column":6}},"14":{"start":{"line":30,"column":4},"end":{"line":41,"column":null}},"15":{"start":{"line":31,"column":45},"end":{"line":34,"column":7}},"16":{"start":{"line":35,"column":18},"end":{"line":35,"column":59}},"17":{"start":{"line":36,"column":5},"end":{"line":39,"column":null}},"18":{"start":{"line":37,"column":44},"end":{"line":37,"column":80}},"19":{"start":{"line":38,"column":6},"end":{"line":38,"column":67}},"20":{"start":{"line":40,"column":5},"end":{"line":40,"column":28}},"21":{"start":{"line":44,"column":2},"end":{"line":44,"column":14}},"22":{"start":{"line":48,"column":2},"end":{"line":53,"column":null}},"23":{"start":{"line":49,"column":16},"end":{"line":49,"column":43}},"24":{"start":{"line":50,"column":3},"end":{"line":52,"column":null}},"25":{"start":{"line":51,"column":4},"end":{"line":51,"column":21}},"26":{"start":{"line":55,"column":2},"end":{"line":55,"column":12}},"27":{"start":{"line":4,"column":0},"end":{"line":4,"column":13}}},"fnMap":{"0":{"name":"(anonymous_0)","decl":{"start":{"line":14,"column":1},"end":{"line":14,"column":13}},"loc":{"start":{"line":14,"column":38},"end":{"line":23,"column":2}}},"1":{"name":"(anonymous_1)","decl":{"start":{"line":25,"column":9},"end":{"line":25,"column":25}},"loc":{"start":{"line":25,"column":25},"end":{"line":45,"column":2}}},"2":{"name":"(anonymous_2)","decl":{"start":{"line":29,"column":24},"end":{"line":29,"column":25}},"loc":{"start":{"line":29,"column":46},"end":{"line":42,"column":4}}},"3":{"name":"(anonymous_3)","decl":{"start":{"line":47,"column":9},"end":{"line":47,"column":17}},"loc":{"start":{"line":47,"column":17},"end":{"line":56,"column":2}}}},"branchMap":{"0":{"loc":{"start":{"line":18,"column":18},"end":{"line":18,"column":66}},"type":"binary-expr","locations":[{"start":{"line":18,"column":18},"end":{"line":18,"column":29}},{"start":{"line":18,"column":33},"end":{"line":18,"column":66}}]},"1":{"loc":{"start":{"line":20,"column":19},"end":{"line":20,"column":71}},"type":"binary-expr","locations":[{"start":{"line":20,"column":19},"end":{"line":20,"column":32}},{"start":{"line":20,"column":36},"end":{"line":20,"column":71}}]},"2":{"loc":{"start":{"line":21,"column":21},"end":{"line":21,"column":80}},"type":"cond-expr","locations":[{"start":{"line":21,"column":38},"end":{"line":21,"column":40}},{"start":{"line":21,"column":43},"end":{"line":21,"column":80}}]},"3":{"loc":{"start":{"line":27,"column":2},"end":{"line":43,"column":null}},"type":"if","locations":[{"start":{"line":27,"column":2},"end":{"line":43,"column":null}}]},"4":{"loc":{"start":{"line":30,"column":4},"end":{"line":41,"column":null}},"type":"if","locations":[{"start":{"line":30,"column":4},"end":{"line":41,"column":null}}]},"5":{"loc":{"start":{"line":36,"column":5},"end":{"line":39,"column":null}},"type":"if","locations":[{"start":{"line":36,"column":5},"end":{"line":39,"column":null}}]},"6":{"loc":{"start":{"line":38,"column":25},"end":{"line":38,"column":66}},"type":"cond-expr","locations":[{"start":{"line":38,"column":49},"end":{"line":38,"column":59}},{"start":{"line":38,"column":62},"end":{"line":38,"column":66}}]},"7":{"loc":{"start":{"line":48,"column":2},"end":{"line":53,"column":null}},"type":"if","locations":[{"start":{"line":48,"column":2},"end":{"line":53,"column":null}}]},"8":{"loc":{"start":{"line":50,"column":3},"end":{"line":52,"column":null}},"type":"if","locations":[{"start":{"line":50,"column":3},"end":{"line":52,"column":null}}]}},"s":{"0":4,"1":4,"2":2,"3":2,"4":2,"5":2,"6":2,"7":2,"8":2,"9":2,"10":2,"11":2,"12":2,"13":2,"14":3,"15":3,"16":3,"17":3,"18":3,"19":3,"20":3,"21":2,"22":2,"23":2,"24":2,"25":2,"26":0,"27":4},"f":{"0":2,"1":2,"2":3,"3":2},"b":{"0":[2,2],"1":[2,2],"2":[0,2],"3":[2],"4":[3],"5":[3],"6":[2,1],"7":[2],"8":[2]}}
,"/Users/congcong/Public/projects/yiird/yiird-mono/packages/vue3-ts-api-extractor/src/parser/sfc-method-comment.ts": {"path":"/Users/congcong/Public/projects/yiird/yiird-mono/packages/vue3-ts-api-extractor/src/parser/sfc-method-comment.ts","statementMap":{"0":{"start":{"line":1,"column":0},"end":{"line":1,"column":40}},"1":{"start":{"line":2,"column":0},"end":{"line":2,"column":null}},"2":{"start":{"line":14,"column":0},"end":{"line":14,"column":45}},"3":{"start":{"line":22,"column":23},"end":{"line":22,"column":28}},"4":{"start":{"line":27,"column":2},"end":{"line":27,"column":17}},"5":{"start":{"line":28,"column":2},"end":{"line":28,"column":20}},"6":{"start":{"line":29,"column":2},"end":{"line":29,"column":44}},"7":{"start":{"line":30,"column":2},"end":{"line":30,"column":67}},"8":{"start":{"line":31,"column":2},"end":{"line":31,"column":40}},"9":{"start":{"line":32,"column":2},"end":{"line":32,"column":72}},"10":{"start":{"line":33,"column":2},"end":{"line":33,"column":81}},"11":{"start":{"line":34,"column":2},"end":{"line":34,"column":34}},"12":{"start":{"line":35,"column":2},"end":{"line":35,"column":42}},"13":{"start":{"line":36,"column":2},"end":{"line":36,"column":39}},"14":{"start":{"line":40,"column":27},"end":{"line":40,"column":29}},"15":{"start":{"line":42,"column":2},"end":{"line":46,"column":null}},"16":{"start":{"line":43,"column":3},"end":{"line":43,"column":51}},"17":{"start":{"line":44,"column":9},"end":{"line":46,"column":null}},"18":{"start":{"line":45,"column":3},"end":{"line":45,"column":39}},"19":{"start":{"line":47,"column":34},"end":{"line":47,"column":36}},"20":{"start":{"line":48,"column":2},"end":{"line":50,"column":5}},"21":{"start":{"line":49,"column":3},"end":{"line":49,"column":44}},"22":{"start":{"line":51,"column":24},"end":{"line":51,"column":117}},"23":{"start":{"line":53,"column":2},"end":{"line":53,"column":29}},"24":{"start":{"line":55,"column":2},"end":{"line":63,"column":null}},"25":{"start":{"line":56,"column":16},"end":{"line":56,"column":56}},"26":{"start":{"line":57,"column":3},"end":{"line":62,"column":6}},"27":{"start":{"line":58,"column":23},"end":{"line":58,"column":57}},"28":{"start":{"line":59,"column":4},"end":{"line":61,"column":null}},"29":{"start":{"line":60,"column":5},"end":{"line":60,"column":29}},"30":{"start":{"line":64,"column":2},"end":{"line":64,"column":16}},"31":{"start":{"line":69,"column":2},"end":{"line":73,"column":null}},"32":{"start":{"line":70,"column":3},"end":{"line":70,"column":55}},"33":{"start":{"line":71,"column":9},"end":{"line":73,"column":null}},"34":{"start":{"line":72,"column":3},"end":{"line":72,"column":43}},"35":{"start":{"line":74,"column":2},"end":{"line":74,"column":20}},"36":{"start":{"line":78,"column":44},"end":{"line":78,"column":53}},"37":{"start":{"line":80,"column":2},"end":{"line":84,"column":null}},"38":{"start":{"line":81,"column":3},"end":{"line":81,"column":51}},"39":{"start":{"line":82,"column":9},"end":{"line":84,"column":null}},"40":{"start":{"line":83,"column":3},"end":{"line":83,"column":39}},"41":{"start":{"line":86,"column":2},"end":{"line":95,"column":null}},"42":{"start":{"line":87,"column":3},"end":{"line":94,"column":6}},"43":{"start":{"line":88,"column":22},"end":{"line":92,"column":6}},"44":{"start":{"line":93,"column":4},"end":{"line":93,"column":42}},"45":{"start":{"line":97,"column":2},"end":{"line":114,"column":null}},"46":{"start":{"line":98,"column":16},"end":{"line":98,"column":55}},"47":{"start":{"line":99,"column":3},"end":{"line":113,"column":6}},"48":{"start":{"line":100,"column":4},"end":{"line":112,"column":null}},"49":{"start":{"line":101,"column":18},"end":{"line":101,"column":36}},"50":{"start":{"line":102,"column":18},"end":{"line":102,"column":52}},"51":{"start":{"line":103,"column":23},"end":{"line":103,"column":39}},"52":{"start":{"line":105,"column":5},"end":{"line":111,"column":null}},"53":{"start":{"line":106,"column":6},"end":{"line":109,"column":null}},"54":{"start":{"line":107,"column":45},"end":{"line":107,"column":81}},"55":{"start":{"line":108,"column":7},"end":{"line":108,"column":66}},"56":{"start":{"line":110,"column":6},"end":{"line":110,"column":65}},"57":{"start":{"line":116,"column":2},"end":{"line":116,"column":37}},"58":{"start":{"line":16,"column":0},"end":{"line":16,"column":13}}},"fnMap":{"0":{"name":"(anonymous_0)","decl":{"start":{"line":26,"column":1},"end":{"line":26,"column":13}},"loc":{"start":{"line":26,"column":57},"end":{"line":37,"column":2}}},"1":{"name":"(anonymous_1)","decl":{"start":{"line":39,"column":9},"end":{"line":39,"column":19}},"loc":{"start":{"line":39,"column":19},"end":{"line":65,"column":2}}},"2":{"name":"(anonymous_2)","decl":{"start":{"line":48,"column":23},"end":{"line":48,"column":24}},"loc":{"start":{"line":48,"column":38},"end":{"line":50,"column":3}}},"3":{"name":"(anonymous_3)","decl":{"start":{"line":57,"column":17},"end":{"line":57,"column":18}},"loc":{"start":{"line":57,"column":25},"end":{"line":62,"column":4}}},"4":{"name":"(anonymous_4)","decl":{"start":{"line":67,"column":9},"end":{"line":67,"column":20}},"loc":{"start":{"line":67,"column":20},"end":{"line":75,"column":2}}},"5":{"name":"(anonymous_5)","decl":{"start":{"line":77,"column":9},"end":{"line":77,"column":23}},"loc":{"start":{"line":77,"column":23},"end":{"line":117,"column":2}}},"6":{"name":"(anonymous_6)","decl":{"start":{"line":87,"column":23},"end":{"line":87,"column":24}},"loc":{"start":{"line":87,"column":38},"end":{"line":94,"column":4}}},"7":{"name":"(anonymous_7)","decl":{"start":{"line":99,"column":17},"end":{"line":99,"column":18}},"loc":{"start":{"line":99,"column":25},"end":{"line":113,"column":4}}}},"branchMap":{"0":{"loc":{"start":{"line":30,"column":18},"end":{"line":30,"column":66}},"type":"binary-expr","locations":[{"start":{"line":30,"column":18},"end":{"line":30,"column":29}},{"start":{"line":30,"column":33},"end":{"line":30,"column":66}}]},"1":{"loc":{"start":{"line":32,"column":19},"end":{"line":32,"column":71}},"type":"binary-expr","locations":[{"start":{"line":32,"column":19},"end":{"line":32,"column":32}},{"start":{"line":32,"column":36},"end":{"line":32,"column":71}}]},"2":{"loc":{"start":{"line":33,"column":21},"end":{"line":33,"column":80}},"type":"cond-expr","locations":[{"start":{"line":33,"column":38},"end":{"line":33,"column":40}},{"start":{"line":33,"column":43},"end":{"line":33,"column":80}}]},"3":{"loc":{"start":{"line":42,"column":2},"end":{"line":46,"column":null}},"type":"if","locations":[{"start":{"line":42,"column":2},"end":{"line":46,"column":null}},{"start":{"line":44,"column":9},"end":{"line":46,"column":null}}]},"4":{"loc":{"start":{"line":42,"column":6},"end":{"line":42,"column":86}},"type":"binary-expr","locations":[{"start":{"line":42,"column":6},"end":{"line":42,"column":38}},{"start":{"line":42,"column":42},"end":{"line":42,"column":86}}]},"5":{"loc":{"start":{"line":44,"column":9},"end":{"line":46,"column":null}},"type":"if","locations":[{"start":{"line":44,"column":9},"end":{"line":46,"column":null}}]},"6":{"loc":{"start":{"line":51,"column":68},"end":{"line":51,"column":115}},"type":"cond-expr","locations":[{"start":{"line":51,"column":86},"end":{"line":51,"column":110}},{"start":{"line":51,"column":113},"end":{"line":51,"column":115}}]},"7":{"loc":{"start":{"line":55,"column":2},"end":{"line":63,"column":null}},"type":"if","locations":[{"start":{"line":55,"column":2},"end":{"line":63,"column":null}}]},"8":{"loc":{"start":{"line":59,"column":4},"end":{"line":61,"column":null}},"type":"if","locations":[{"start":{"line":59,"column":4},"end":{"line":61,"column":null}}]},"9":{"loc":{"start":{"line":69,"column":2},"end":{"line":73,"column":null}},"type":"if","locations":[{"start":{"line":69,"column":2},"end":{"line":73,"column":null}},{"start":{"line":71,"column":9},"end":{"line":73,"column":null}}]},"10":{"loc":{"start":{"line":69,"column":6},"end":{"line":69,"column":86}},"type":"binary-expr","locations":[{"start":{"line":69,"column":6},"end":{"line":69,"column":38}},{"start":{"line":69,"column":42},"end":{"line":69,"column":86}}]},"11":{"loc":{"start":{"line":71,"column":9},"end":{"line":73,"column":null}},"type":"if","locations":[{"start":{"line":71,"column":9},"end":{"line":73,"column":null}}]},"12":{"loc":{"start":{"line":80,"column":2},"end":{"line":84,"column":null}},"type":"if","locations":[{"start":{"line":80,"column":2},"end":{"line":84,"column":null}},{"start":{"line":82,"column":9},"end":{"line":84,"column":null}}]},"13":{"loc":{"start":{"line":80,"column":6},"end":{"line":80,"column":86}},"type":"binary-expr","locations":[{"start":{"line":80,"column":6},"end":{"line":80,"column":38}},{"start":{"line":80,"column":42},"end":{"line":80,"column":86}}]},"14":{"loc":{"start":{"line":82,"column":9},"end":{"line":84,"column":null}},"type":"if","locations":[{"start":{"line":82,"column":9},"end":{"line":84,"column":null}}]},"15":{"loc":{"start":{"line":86,"column":2},"end":{"line":95,"column":null}},"type":"if","locations":[{"start":{"line":86,"column":2},"end":{"line":95,"column":null}}]},"16":{"loc":{"start":{"line":97,"column":2},"end":{"line":114,"column":null}},"type":"if","locations":[{"start":{"line":97,"column":2},"end":{"line":114,"column":null}}]},"17":{"loc":{"start":{"line":100,"column":4},"end":{"line":112,"column":null}},"type":"if","locations":[{"start":{"line":100,"column":4},"end":{"line":112,"column":null}}]},"18":{"loc":{"start":{"line":105,"column":5},"end":{"line":111,"column":null}},"type":"if","locations":[{"start":{"line":105,"column":5},"end":{"line":111,"column":null}}]},"19":{"loc":{"start":{"line":106,"column":6},"end":{"line":109,"column":null}},"type":"if","locations":[{"start":{"line":106,"column":6},"end":{"line":109,"column":null}}]},"20":{"loc":{"start":{"line":108,"column":24},"end":{"line":108,"column":65}},"type":"cond-expr","locations":[{"start":{"line":108,"column":48},"end":{"line":108,"column":58}},{"start":{"line":108,"column":61},"end":{"line":108,"column":65}}]}},"s":{"0":4,"1":4,"2":4,"3":2,"4":2,"5":2,"6":2,"7":2,"8":2,"9":2,"10":2,"11":2,"12":2,"13":2,"14":2,"15":2,"16":0,"17":2,"18":2,"19":2,"20":2,"21":4,"22":2,"23":2,"24":2,"25":2,"26":2,"27":0,"28":0,"29":0,"30":2,"31":2,"32":0,"33":2,"34":2,"35":2,"36":2,"37":2,"38":0,"39":2,"40":2,"41":2,"42":2,"43":4,"44":4,"45":2,"46":2,"47":2,"48":4,"49":4,"50":4,"51":4,"52":4,"53":4,"54":4,"55":4,"56":4,"57":2,"58":4},"f":{"0":2,"1":2,"2":4,"3":0,"4":2,"5":2,"6":4,"7":4},"b":{"0":[2,2],"1":[2,2],"2":[0,2],"3":[0,2],"4":[2,0],"5":[2],"6":[0,2],"7":[2],"8":[0],"9":[0,2],"10":[2,0],"11":[2],"12":[0,2],"13":[2,0],"14":[2],"15":[2],"16":[2],"17":[4],"18":[4],"19":[4],"20":[1,3]}}
,"/Users/congcong/Public/projects/yiird/yiird-mono/packages/vue3-ts-api-extractor/src/parser/sfc-prop-comment.ts": {"path":"/Users/congcong/Public/projects/yiird/yiird-mono/packages/vue3-ts-api-extractor/src/parser/sfc-prop-comment.ts","statementMap":{"0":{"start":{"line":1,"column":0},"end":{"line":1,"column":52}},"1":{"start":{"line":2,"column":0},"end":{"line":2,"column":null}},"2":{"start":{"line":19,"column":0},"end":{"line":19,"column":45}},"3":{"start":{"line":27,"column":23},"end":{"line":27,"column":28}},"4":{"start":{"line":30,"column":22},"end":{"line":30,"column":27}},"5":{"start":{"line":33,"column":2},"end":{"line":33,"column":17}},"6":{"start":{"line":34,"column":2},"end":{"line":34,"column":20}},"7":{"start":{"line":35,"column":2},"end":{"line":47,"column":null}},"8":{"start":{"line":36,"column":3},"end":{"line":36,"column":31}},"9":{"start":{"line":37,"column":9},"end":{"line":47,"column":null}},"10":{"start":{"line":38,"column":3},"end":{"line":38,"column":45}},"11":{"start":{"line":39,"column":3},"end":{"line":39,"column":68}},"12":{"start":{"line":40,"column":3},"end":{"line":40,"column":41}},"13":{"start":{"line":41,"column":3},"end":{"line":41,"column":37}},"14":{"start":{"line":42,"column":3},"end":{"line":42,"column":39}},"15":{"start":{"line":43,"column":3},"end":{"line":43,"column":73}},"16":{"start":{"line":44,"column":3},"end":{"line":44,"column":82}},"17":{"start":{"line":45,"column":3},"end":{"line":45,"column":31}},"18":{"start":{"line":46,"column":3},"end":{"line":46,"column":35}},"19":{"start":{"line":50,"column":19},"end":{"line":50,"column":64}},"20":{"start":{"line":51,"column":2},"end":{"line":57,"column":null}},"21":{"start":{"line":52,"column":3},"end":{"line":56,"column":null}},"22":{"start":{"line":53,"column":4},"end":{"line":53,"column":53}},"23":{"start":{"line":55,"column":4},"end":{"line":55,"column":42}},"24":{"start":{"line":61,"column":2},"end":{"line":66,"column":null}},"25":{"start":{"line":62,"column":15},"end":{"line":62,"column":54}},"26":{"start":{"line":63,"column":3},"end":{"line":65,"column":null}},"27":{"start":{"line":64,"column":4},"end":{"line":64,"column":46}},"28":{"start":{"line":70,"column":2},"end":{"line":72,"column":null}},"29":{"start":{"line":71,"column":3},"end":{"line":71,"column":166}},"30":{"start":{"line":71,"column":63},"end":{"line":71,"column":164}},"31":{"start":{"line":76,"column":2},"end":{"line":81,"column":null}},"32":{"start":{"line":77,"column":15},"end":{"line":77,"column":55}},"33":{"start":{"line":78,"column":3},"end":{"line":80,"column":null}},"34":{"start":{"line":79,"column":4},"end":{"line":79,"column":46}},"35":{"start":{"line":83,"column":18},"end":{"line":83,"column":20}},"36":{"start":{"line":84,"column":19},"end":{"line":84,"column":53}},"37":{"start":{"line":85,"column":2},"end":{"line":100,"column":null}},"38":{"start":{"line":86,"column":3},"end":{"line":99,"column":null}},"39":{"start":{"line":87,"column":23},"end":{"line":87,"column":59}},"40":{"start":{"line":88,"column":4},"end":{"line":92,"column":7}},"41":{"start":{"line":89,"column":5},"end":{"line":91,"column":null}},"42":{"start":{"line":90,"column":6},"end":{"line":90,"column":56}},"43":{"start":{"line":93,"column":10},"end":{"line":99,"column":null}},"44":{"start":{"line":94,"column":4},"end":{"line":98,"column":null}},"45":{"start":{"line":95,"column":5},"end":{"line":95,"column":45}},"46":{"start":{"line":97,"column":5},"end":{"line":97,"column":50}},"47":{"start":{"line":101,"column":2},"end":{"line":101,"column":70}},"48":{"start":{"line":105,"column":19},"end":{"line":105,"column":54}},"49":{"start":{"line":106,"column":2},"end":{"line":110,"column":null}},"50":{"start":{"line":107,"column":3},"end":{"line":109,"column":null}},"51":{"start":{"line":108,"column":4},"end":{"line":108,"column":16}},"52":{"start":{"line":111,"column":2},"end":{"line":111,"column":15}},"53":{"start":{"line":21,"column":0},"end":{"line":21,"column":13}}},"fnMap":{"0":{"name":"(anonymous_0)","decl":{"start":{"line":32,"column":1},"end":{"line":32,"column":13}},"loc":{"start":{"line":32,"column":53},"end":{"line":48,"column":2}}},"1":{"name":"(anonymous_1)","decl":{"start":{"line":49,"column":9},"end":{"line":49,"column":17}},"loc":{"start":{"line":49,"column":17},"end":{"line":58,"column":2}}},"2":{"name":"(anonymous_2)","decl":{"start":{"line":60,"column":9},"end":{"line":60,"column":19}},"loc":{"start":{"line":60,"column":19},"end":{"line":67,"column":2}}},"3":{"name":"(anonymous_3)","decl":{"start":{"line":69,"column":9},"end":{"line":69,"column":27}},"loc":{"start":{"line":69,"column":40},"end":{"line":73,"column":2}}},"4":{"name":"(anonymous_4)","decl":{"start":{"line":71,"column":49},"end":{"line":71,"column":50}},"loc":{"start":{"line":71,"column":63},"end":{"line":71,"column":164}}},"5":{"name":"(anonymous_5)","decl":{"start":{"line":75,"column":9},"end":{"line":75,"column":20}},"loc":{"start":{"line":75,"column":20},"end":{"line":102,"column":2}}},"6":{"name":"(anonymous_6)","decl":{"start":{"line":88,"column":23},"end":{"line":88,"column":24}},"loc":{"start":{"line":88,"column":37},"end":{"line":92,"column":5}}},"7":{"name":"(anonymous_7)","decl":{"start":{"line":104,"column":9},"end":{"line":104,"column":21}},"loc":{"start":{"line":104,"column":21},"end":{"line":112,"column":2}}}},"branchMap":{"0":{"loc":{"start":{"line":35,"column":2},"end":{"line":47,"column":null}},"type":"if","locations":[{"start":{"line":35,"column":2},"end":{"line":47,"column":null}},{"start":{"line":37,"column":9},"end":{"line":47,"column":null}}]},"1":{"loc":{"start":{"line":37,"column":9},"end":{"line":47,"column":null}},"type":"if","locations":[{"start":{"line":37,"column":9},"end":{"line":47,"column":null}}]},"2":{"loc":{"start":{"line":39,"column":19},"end":{"line":39,"column":67}},"type":"binary-expr","locations":[{"start":{"line":39,"column":19},"end":{"line":39,"column":30}},{"start":{"line":39,"column":34},"end":{"line":39,"column":67}}]},"3":{"loc":{"start":{"line":43,"column":20},"end":{"line":43,"column":72}},"type":"binary-expr","locations":[{"start":{"line":43,"column":20},"end":{"line":43,"column":33}},{"start":{"line":43,"column":37},"end":{"line":43,"column":72}}]},"4":{"loc":{"start":{"line":44,"column":22},"end":{"line":44,"column":81}},"type":"cond-expr","locations":[{"start":{"line":44,"column":39},"end":{"line":44,"column":41}},{"start":{"line":44,"column":44},"end":{"line":44,"column":81}}]},"5":{"loc":{"start":{"line":50,"column":19},"end":{"line":50,"column":64}},"type":"binary-expr","locations":[{"start":{"line":50,"column":19},"end":{"line":50,"column":50}},{"start":{"line":50,"column":54},"end":{"line":50,"column":64}}]},"6":{"loc":{"start":{"line":51,"column":2},"end":{"line":57,"column":null}},"type":"if","locations":[{"start":{"line":51,"column":2},"end":{"line":57,"column":null}}]},"7":{"loc":{"start":{"line":51,"column":6},"end":{"line":51,"column":48}},"type":"binary-expr","locations":[{"start":{"line":51,"column":6},"end":{"line":51,"column":14}},{"start":{"line":51,"column":18},"end":{"line":51,"column":48}}]},"8":{"loc":{"start":{"line":52,"column":3},"end":{"line":56,"column":null}},"type":"if","locations":[{"start":{"line":52,"column":3},"end":{"line":56,"column":null}},{"start":{"line":54,"column":10},"end":{"line":56,"column":null}}]},"9":{"loc":{"start":{"line":61,"column":2},"end":{"line":66,"column":null}},"type":"if","locations":[{"start":{"line":61,"column":2},"end":{"line":66,"column":null}}]},"10":{"loc":{"start":{"line":63,"column":3},"end":{"line":65,"column":null}},"type":"if","locations":[{"start":{"line":63,"column":3},"end":{"line":65,"column":null}}]},"11":{"loc":{"start":{"line":70,"column":2},"end":{"line":72,"column":null}},"type":"if","locations":[{"start":{"line":70,"column":2},"end":{"line":72,"column":null}}]},"12":{"loc":{"start":{"line":70,"column":6},"end":{"line":70,"column":91}},"type":"binary-expr","locations":[{"start":{"line":70,"column":6},"end":{"line":70,"column":38}},{"start":{"line":70,"column":42},"end":{"line":70,"column":91}}]},"13":{"loc":{"start":{"line":71,"column":63},"end":{"line":71,"column":164}},"type":"binary-expr","locations":[{"start":{"line":71,"column":64},"end":{"line":71,"column":94}},{"start":{"line":71,"column":98},"end":{"line":71,"column":127}},{"start":{"line":71,"column":132},"end":{"line":71,"column":164}}]},"14":{"loc":{"start":{"line":76,"column":2},"end":{"line":81,"column":null}},"type":"if","locations":[{"start":{"line":76,"column":2},"end":{"line":81,"column":null}}]},"15":{"loc":{"start":{"line":78,"column":3},"end":{"line":80,"column":null}},"type":"if","locations":[{"start":{"line":78,"column":3},"end":{"line":80,"column":null}}]},"16":{"loc":{"start":{"line":85,"column":2},"end":{"line":100,"column":null}},"type":"if","locations":[{"start":{"line":85,"column":2},"end":{"line":100,"column":null}}]},"17":{"loc":{"start":{"line":86,"column":3},"end":{"line":99,"column":null}},"type":"if","locations":[{"start":{"line":86,"column":3},"end":{"line":99,"column":null}},{"start":{"line":93,"column":10},"end":{"line":99,"column":null}}]},"18":{"loc":{"start":{"line":86,"column":7},"end":{"line":86,"column":119}},"type":"binary-expr","locations":[{"start":{"line":86,"column":7},"end":{"line":86,"column":36}},{"start":{"line":86,"column":41},"end":{"line":86,"column":71}},{"start":{"line":86,"column":75},"end":{"line":86,"column":118}}]},"19":{"loc":{"start":{"line":89,"column":5},"end":{"line":91,"column":null}},"type":"if","locations":[{"start":{"line":89,"column":5},"end":{"line":91,"column":null}}]},"20":{"loc":{"start":{"line":93,"column":10},"end":{"line":99,"column":null}},"type":"if","locations":[{"start":{"line":93,"column":10},"end":{"line":99,"column":null}}]},"21":{"loc":{"start":{"line":94,"column":4},"end":{"line":98,"column":null}},"type":"if","locations":[{"start":{"line":94,"column":4},"end":{"line":98,"column":null}},{"start":{"line":96,"column":11},"end":{"line":98,"column":null}}]},"22":{"loc":{"start":{"line":101,"column":9},"end":{"line":101,"column":69}},"type":"cond-expr","locations":[{"start":{"line":101,"column":30},"end":{"line":101,"column":57}},{"start":{"line":101,"column":60},"end":{"line":101,"column":69}}]},"23":{"loc":{"start":{"line":106,"column":2},"end":{"line":110,"column":null}},"type":"if","locations":[{"start":{"line":106,"column":2},"end":{"line":110,"column":null}}]},"24":{"loc":{"start":{"line":107,"column":3},"end":{"line":109,"column":null}},"type":"if","locations":[{"start":{"line":107,"column":3},"end":{"line":109,"column":null}}]},"25":{"loc":{"start":{"line":107,"column":7},"end":{"line":107,"column":93}},"type":"binary-expr","locations":[{"start":{"line":107,"column":7},"end":{"line":107,"column":37}},{"start":{"line":107,"column":41},"end":{"line":107,"column":93}}]}},"s":{"0":4,"1":4,"2":4,"3":30,"4":30,"5":30,"6":30,"7":30,"8":0,"9":30,"10":30,"11":30,"12":30,"13":30,"14":30,"15":30,"16":30,"17":30,"18":30,"19":30,"20":30,"21":30,"22":22,"23":8,"24":30,"25":30,"26":30,"27":22,"28":79,"29":57,"30":106,"31":30,"32":30,"33":30,"34":11,"35":19,"36":19,"37":19,"38":11,"39":0,"40":0,"41":0,"42":0,"43":11,"44":11,"45":11,"46":0,"47":19,"48":30,"49":30,"50":19,"51":19,"52":11,"53":4},"f":{"0":30,"1":30,"2":30,"3":79,"4":106,"5":30,"6":0,"7":30},"b":{"0":[0,30],"1":[30],"2":[30,30],"3":[30,30],"4":[0,30],"5":[30,11],"6":[30],"7":[30,30],"8":[22,8],"9":[30],"10":[22],"11":[57],"12":[79,79],"13":[106,0,106],"14":[30],"15":[11],"16":[11],"17":[0,11],"18":[11,11,11],"19":[0],"20":[11],"21":[11,0],"22":[11,8],"23":[19],"24":[19],"25":[19,19]}}
,"/Users/congcong/Public/projects/yiird/yiird-mono/packages/vue3-ts-api-extractor/src/parser/sfc-script-handle.ts": {"path":"/Users/congcong/Public/projects/yiird/yiird-mono/packages/vue3-ts-api-extractor/src/parser/sfc-script-handle.ts","statementMap":{"0":{"start":{"line":1,"column":0},"end":{"line":1,"column":52}},"1":{"start":{"line":2,"column":0},"end":{"line":2,"column":34}},"2":{"start":{"line":3,"column":0},"end":{"line":3,"column":null}},"3":{"start":{"line":21,"column":0},"end":{"line":21,"column":45}},"4":{"start":{"line":23,"column":0},"end":{"line":23,"column":54}},"5":{"start":{"line":24,"column":0},"end":{"line":24,"column":56}},"6":{"start":{"line":25,"column":0},"end":{"line":25,"column":52}},"7":{"start":{"line":36,"column":2},"end":{"line":36,"column":30}},"8":{"start":{"line":37,"column":24},"end":{"line":37,"column":70}},"9":{"start":{"line":38,"column":2},"end":{"line":40,"column":null}},"10":{"start":{"line":39,"column":3},"end":{"line":39,"column":89}},"11":{"start":{"line":41,"column":2},"end":{"line":41,"column":38}},"12":{"start":{"line":42,"column":2},"end":{"line":42,"column":40}},"13":{"start":{"line":43,"column":2},"end":{"line":43,"column":25}},"14":{"start":{"line":44,"column":2},"end":{"line":44,"column":30}},"15":{"start":{"line":45,"column":2},"end":{"line":45,"column":46}},"16":{"start":{"line":46,"column":2},"end":{"line":46,"column":42}},"17":{"start":{"line":49,"column":20},"end":{"line":49,"column":47}},"18":{"start":{"line":50,"column":2},"end":{"line":62,"column":null}},"19":{"start":{"line":51,"column":16},"end":{"line":51,"column":56}},"20":{"start":{"line":52,"column":3},"end":{"line":61,"column":null}},"21":{"start":{"line":53,"column":4},"end":{"line":55,"column":null}},"22":{"start":{"line":54,"column":5},"end":{"line":54,"column":29}},"23":{"start":{"line":57,"column":26},"end":{"line":57,"column":36}},"24":{"start":{"line":58,"column":4},"end":{"line":60,"column":null}},"25":{"start":{"line":59,"column":5},"end":{"line":59,"column":80}},"26":{"start":{"line":64,"column":2},"end":{"line":64,"column":27}},"27":{"start":{"line":68,"column":24},"end":{"line":68,"column":43}},"28":{"start":{"line":70,"column":2},"end":{"line":78,"column":null}},"29":{"start":{"line":71,"column":18},"end":{"line":71,"column":54}},"30":{"start":{"line":72,"column":3},"end":{"line":77,"column":null}},"31":{"start":{"line":73,"column":16},"end":{"line":73,"column":47}},"32":{"start":{"line":74,"column":4},"end":{"line":76,"column":null}},"33":{"start":{"line":75,"column":5},"end":{"line":75,"column":40}},"34":{"start":{"line":82,"column":35},"end":{"line":82,"column":37}},"35":{"start":{"line":83,"column":26},"end":{"line":83,"column":67}},"36":{"start":{"line":85,"column":2},"end":{"line":94,"column":null}},"37":{"start":{"line":86,"column":22},"end":{"line":86,"column":66}},"38":{"start":{"line":87,"column":3},"end":{"line":93,"column":6}},"39":{"start":{"line":88,"column":4},"end":{"line":92,"column":null}},"40":{"start":{"line":89,"column":5},"end":{"line":89,"column":47}},"41":{"start":{"line":90,"column":11},"end":{"line":92,"column":null}},"42":{"start":{"line":91,"column":5},"end":{"line":91,"column":47}},"43":{"start":{"line":95,"column":2},"end":{"line":95,"column":16}},"44":{"start":{"line":99,"column":2},"end":{"line":106,"column":null}},"45":{"start":{"line":100,"column":3},"end":{"line":100,"column":26}},"46":{"start":{"line":101,"column":9},"end":{"line":106,"column":null}},"47":{"start":{"line":103,"column":3},"end":{"line":103,"column":24}},"48":{"start":{"line":104,"column":9},"end":{"line":106,"column":null}},"49":{"start":{"line":105,"column":3},"end":{"line":105,"column":55}},"50":{"start":{"line":110,"column":37},"end":{"line":110,"column":39}},"51":{"start":{"line":111,"column":28},"end":{"line":111,"column":71}},"52":{"start":{"line":112,"column":2},"end":{"line":120,"column":null}},"53":{"start":{"line":113,"column":3},"end":{"line":119,"column":null}},"54":{"start":{"line":114,"column":4},"end":{"line":118,"column":7}},"55":{"start":{"line":115,"column":5},"end":{"line":117,"column":null}},"56":{"start":{"line":116,"column":6},"end":{"line":116,"column":50}},"57":{"start":{"line":121,"column":2},"end":{"line":121,"column":16}},"58":{"start":{"line":125,"column":36},"end":{"line":125,"column":38}},"59":{"start":{"line":126,"column":22},"end":{"line":135,"column":3}},"60":{"start":{"line":127,"column":26},"end":{"line":127,"column":28}},"61":{"start":{"line":128,"column":3},"end":{"line":133,"column":6}},"62":{"start":{"line":129,"column":19},"end":{"line":131,"column":6}},"63":{"start":{"line":132,"column":4},"end":{"line":132,"column":27}},"64":{"start":{"line":134,"column":3},"end":{"line":134,"column":17}},"65":{"start":{"line":136,"column":21},"end":{"line":136,"column":60}},"66":{"start":{"line":138,"column":2},"end":{"line":142,"column":5}},"67":{"start":{"line":139,"column":3},"end":{"line":141,"column":null}},"68":{"start":{"line":140,"column":4},"end":{"line":140,"column":48}},"69":{"start":{"line":144,"column":2},"end":{"line":144,"column":16}},"70":{"start":{"line":149,"column":2},"end":{"line":153,"column":null}},"71":{"start":{"line":150,"column":3},"end":{"line":150,"column":40}},"72":{"start":{"line":151,"column":9},"end":{"line":153,"column":null}},"73":{"start":{"line":152,"column":3},"end":{"line":152,"column":27}},"74":{"start":{"line":154,"column":2},"end":{"line":165,"column":null}},"75":{"start":{"line":155,"column":3},"end":{"line":164,"column":null}},"76":{"start":{"line":156,"column":21},"end":{"line":156,"column":96}},"77":{"start":{"line":156,"column":62},"end":{"line":156,"column":95}},"78":{"start":{"line":157,"column":4},"end":{"line":163,"column":null}},"79":{"start":{"line":158,"column":5},"end":{"line":162,"column":null}},"80":{"start":{"line":159,"column":6},"end":{"line":161,"column":41}},"81":{"start":{"line":160,"column":7},"end":{"line":160,"column":71}},"82":{"start":{"line":161,"column":13},"end":{"line":161,"column":41}},"83":{"start":{"line":26,"column":0},"end":{"line":26,"column":13}}},"fnMap":{"0":{"name":"(anonymous_0)","decl":{"start":{"line":35,"column":1},"end":{"line":35,"column":13}},"loc":{"start":{"line":35,"column":33},"end":{"line":47,"column":2}}},"1":{"name":"(anonymous_1)","decl":{"start":{"line":48,"column":9},"end":{"line":48,"column":17}},"loc":{"start":{"line":48,"column":17},"end":{"line":65,"column":2}}},"2":{"name":"(anonymous_2)","decl":{"start":{"line":67,"column":9},"end":{"line":67,"column":23}},"loc":{"start":{"line":67,"column":36},"end":{"line":79,"column":2}}},"3":{"name":"(anonymous_3)","decl":{"start":{"line":81,"column":8},"end":{"line":81,"column":13}},"loc":{"start":{"line":81,"column":13},"end":{"line":96,"column":2}}},"4":{"name":"(anonymous_4)","decl":{"start":{"line":87,"column":23},"end":{"line":87,"column":24}},"loc":{"start":{"line":87,"column":36},"end":{"line":93,"column":4}}},"5":{"name":"(anonymous_5)","decl":{"start":{"line":98,"column":9},"end":{"line":98,"column":31}},"loc":{"start":{"line":98,"column":42},"end":{"line":107,"column":2}}},"6":{"name":"(anonymous_6)","decl":{"start":{"line":109,"column":8},"end":{"line":109,"column":15}},"loc":{"start":{"line":109,"column":15},"end":{"line":122,"column":2}}},"7":{"name":"(anonymous_7)","decl":{"start":{"line":114,"column":41},"end":{"line":114,"column":42}},"loc":{"start":{"line":114,"column":54},"end":{"line":118,"column":5}}},"8":{"name":"(anonymous_8)","decl":{"start":{"line":124,"column":8},"end":{"line":124,"column":13}},"loc":{"start":{"line":124,"column":13},"end":{"line":145,"column":2}}},"9":{"name":"(anonymous_9)","decl":{"start":{"line":126,"column":22},"end":{"line":126,"column":23}},"loc":{"start":{"line":126,"column":40},"end":{"line":135,"column":3}}},"10":{"name":"(anonymous_10)","decl":{"start":{"line":128,"column":17},"end":{"line":128,"column":18}},"loc":{"start":{"line":128,"column":27},"end":{"line":133,"column":4}}},"11":{"name":"(anonymous_11)","decl":{"start":{"line":138,"column":21},"end":{"line":138,"column":22}},"loc":{"start":{"line":138,"column":35},"end":{"line":142,"column":3}}},"12":{"name":"(anonymous_12)","decl":{"start":{"line":147,"column":9},"end":{"line":147,"column":36}},"loc":{"start":{"line":147,"column":49},"end":{"line":166,"column":2}}},"13":{"name":"(anonymous_13)","decl":{"start":{"line":156,"column":48},"end":{"line":156,"column":49}},"loc":{"start":{"line":156,"column":62},"end":{"line":156,"column":95}}}},"branchMap":{"0":{"loc":{"start":{"line":38,"column":2},"end":{"line":40,"column":null}},"type":"if","locations":[{"start":{"line":38,"column":2},"end":{"line":40,"column":null}}]},"1":{"loc":{"start":{"line":38,"column":6},"end":{"line":38,"column":49}},"type":"binary-expr","locations":[{"start":{"line":38,"column":6},"end":{"line":38,"column":20}},{"start":{"line":38,"column":24},"end":{"line":38,"column":49}}]},"2":{"loc":{"start":{"line":50,"column":2},"end":{"line":62,"column":null}},"type":"if","locations":[{"start":{"line":50,"column":2},"end":{"line":62,"column":null}}]},"3":{"loc":{"start":{"line":52,"column":3},"end":{"line":61,"column":null}},"type":"if","locations":[{"start":{"line":52,"column":3},"end":{"line":61,"column":null}},{"start":{"line":56,"column":10},"end":{"line":61,"column":null}}]},"4":{"loc":{"start":{"line":53,"column":4},"end":{"line":55,"column":null}},"type":"if","locations":[{"start":{"line":53,"column":4},"end":{"line":55,"column":null}}]},"5":{"loc":{"start":{"line":53,"column":8},"end":{"line":53,"column":49}},"type":"binary-expr","locations":[{"start":{"line":53,"column":8},"end":{"line":53,"column":20}},{"start":{"line":53,"column":24},"end":{"line":53,"column":49}}]},"6":{"loc":{"start":{"line":58,"column":4},"end":{"line":60,"column":null}},"type":"if","locations":[{"start":{"line":58,"column":4},"end":{"line":60,"column":null}}]},"7":{"loc":{"start":{"line":58,"column":8},"end":{"line":58,"column":59}},"type":"binary-expr","locations":[{"start":{"line":58,"column":8},"end":{"line":58,"column":21}},{"start":{"line":58,"column":25},"end":{"line":58,"column":59}}]},"8":{"loc":{"start":{"line":64,"column":9},"end":{"line":64,"column":26}},"type":"binary-expr","locations":[{"start":{"line":64,"column":9},"end":{"line":64,"column":20}},{"start":{"line":64,"column":24},"end":{"line":64,"column":26}}]},"9":{"loc":{"start":{"line":70,"column":2},"end":{"line":78,"column":null}},"type":"if","locations":[{"start":{"line":70,"column":2},"end":{"line":78,"column":null}}]},"10":{"loc":{"start":{"line":72,"column":3},"end":{"line":77,"column":null}},"type":"if","locations":[{"start":{"line":72,"column":3},"end":{"line":77,"column":null}}]},"11":{"loc":{"start":{"line":72,"column":7},"end":{"line":72,"column":26}},"type":"binary-expr","locations":[{"start":{"line":72,"column":7},"end":{"line":72,"column":13}},{"start":{"line":72,"column":17},"end":{"line":72,"column":26}}]},"12":{"loc":{"start":{"line":74,"column":4},"end":{"line":76,"column":null}},"type":"if","locations":[{"start":{"line":74,"column":4},"end":{"line":76,"column":null}}]},"13":{"loc":{"start":{"line":85,"column":2},"end":{"line":94,"column":null}},"type":"if","locations":[{"start":{"line":85,"column":2},"end":{"line":94,"column":null}}]},"14":{"loc":{"start":{"line":88,"column":4},"end":{"line":92,"column":null}},"type":"if","locations":[{"start":{"line":88,"column":4},"end":{"line":92,"column":null}},{"start":{"line":90,"column":11},"end":{"line":92,"column":null}}]},"15":{"loc":{"start":{"line":90,"column":11},"end":{"line":92,"column":null}},"type":"if","locations":[{"start":{"line":90,"column":11},"end":{"line":92,"column":null}}]},"16":{"loc":{"start":{"line":99,"column":2},"end":{"line":106,"column":null}},"type":"if","locations":[{"start":{"line":99,"column":2},"end":{"line":106,"column":null}},{"start":{"line":101,"column":9},"end":{"line":106,"column":null}}]},"17":{"loc":{"start":{"line":101,"column":9},"end":{"line":106,"column":null}},"type":"if","locations":[{"start":{"line":101,"column":9},"end":{"line":106,"column":null}},{"start":{"line":104,"column":9},"end":{"line":106,"column":null}}]},"18":{"loc":{"start":{"line":104,"column":9},"end":{"line":106,"column":null}},"type":"if","locations":[{"start":{"line":104,"column":9},"end":{"line":106,"column":null}}]},"19":{"loc":{"start":{"line":112,"column":2},"end":{"line":120,"column":null}},"type":"if","locations":[{"start":{"line":112,"column":2},"end":{"line":120,"column":null}}]},"20":{"loc":{"start":{"line":112,"column":6},"end":{"line":112,"column":52}},"type":"binary-expr","locations":[{"start":{"line":112,"column":6},"end":{"line":112,"column":23}},{"start":{"line":112,"column":27},"end":{"line":112,"column":52}}]},"21":{"loc":{"start":{"line":113,"column":3},"end":{"line":119,"column":null}},"type":"if","locations":[{"start":{"line":113,"column":3},"end":{"line":119,"column":null}}]},"22":{"loc":{"start":{"line":115,"column":5},"end":{"line":117,"column":null}},"type":"if","locations":[{"start":{"line":115,"column":5},"end":{"line":117,"column":null}}]},"23":{"loc":{"start":{"line":115,"column":9},"end":{"line":115,"column":72}},"type":"binary-expr","locations":[{"start":{"line":115,"column":9},"end":{"line":115,"column":38}},{"start":{"line":115,"column":42},"end":{"line":115,"column":72}}]},"24":{"loc":{"start":{"line":139,"column":3},"end":{"line":141,"column":null}},"type":"if","locations":[{"start":{"line":139,"column":3},"end":{"line":141,"column":null}}]},"25":{"loc":{"start":{"line":149,"column":2},"end":{"line":153,"column":null}},"type":"if","locations":[{"start":{"line":149,"column":2},"end":{"line":153,"column":null}},{"start":{"line":151,"column":9},"end":{"line":153,"column":null}}]},"26":{"loc":{"start":{"line":149,"column":6},"end":{"line":149,"column":91}},"type":"binary-expr","locations":[{"start":{"line":149,"column":6},"end":{"line":149,"column":34}},{"start":{"line":149,"column":38},"end":{"line":149,"column":91}}]},"27":{"loc":{"start":{"line":151,"column":9},"end":{"line":153,"column":null}},"type":"if","locations":[{"start":{"line":151,"column":9},"end":{"line":153,"column":null}}]},"28":{"loc":{"start":{"line":154,"column":2},"end":{"line":165,"column":null}},"type":"if","locations":[{"start":{"line":154,"column":2},"end":{"line":165,"column":null}}]},"29":{"loc":{"start":{"line":155,"column":3},"end":{"line":164,"column":null}},"type":"if","locations":[{"start":{"line":155,"column":3},"end":{"line":164,"column":null}}]},"30":{"loc":{"start":{"line":157,"column":4},"end":{"line":163,"column":null}},"type":"if","locations":[{"start":{"line":157,"column":4},"end":{"line":163,"column":null}}]},"31":{"loc":{"start":{"line":158,"column":5},"end":{"line":162,"column":null}},"type":"if","locations":[{"start":{"line":158,"column":5},"end":{"line":162,"column":null}}]},"32":{"loc":{"start":{"line":159,"column":6},"end":{"line":161,"column":41}},"type":"if","locations":[{"start":{"line":159,"column":6},"end":{"line":161,"column":41}},{"start":{"line":161,"column":13},"end":{"line":161,"column":41}}]}},"s":{"0":4,"1":4,"2":4,"3":4,"4":4,"5":4,"6":4,"7":8,"8":8,"9":8,"10":0,"11":8,"12":8,"13":8,"14":8,"15":8,"16":8,"17":8,"18":8,"19":0,"20":0,"21":0,"22":0,"23":0,"24":0,"25":0,"26":8,"27":24,"28":24,"29":24,"30":24,"31":24,"32":24,"33":24,"34":11,"35":11,"36":11,"37":11,"38":11,"39":30,"40":30,"41":0,"42":0,"43":11,"44":11,"45":11,"46":0,"47":0,"48":0,"49":0,"50":1,"51":1,"52":1,"53":1,"54":1,"55":2,"56":2,"57":1,"58":1,"59":1,"60":1,"61":1,"62":1,"63":1,"64":1,"65":1,"66":1,"67":2,"68":2,"69":1,"70":12,"71":12,"72":0,"73":0,"74":12,"75":12,"76":12,"77":13,"78":12,"79":12,"80":12,"81":8,"82":4,"83":4},"f":{"0":8,"1":8,"2":24,"3":11,"4":30,"5":11,"6":1,"7":2,"8":1,"9":1,"10":1,"11":2,"12":12,"13":13},"b":{"0":[0],"1":[8,8],"2":[0],"3":[0,0],"4":[0],"5":[0,0],"6":[0],"7":[0,0],"8":[8,0],"9":[24],"10":[24],"11":[24,24],"12":[24],"13":[11],"14":[30,0],"15":[0],"16":[11,0],"17":[0,0],"18":[0],"19":[1],"20":[1,1],"21":[1],"22":[2],"23":[2,0],"24":[2],"25":[12,0],"26":[12,12],"27":[0],"28":[12],"29":[12],"30":[12],"31":[12],"32":[8,4]}}
,"/Users/congcong/Public/projects/yiird/yiird-mono/packages/vue3-ts-api-extractor/src/utils/parse-utils.ts": {"path":"/Users/congcong/Public/projects/yiird/yiird-mono/packages/vue3-ts-api-extractor/src/utils/parse-utils.ts","statementMap":{"0":{"start":{"line":1,"column":0},"end":{"line":1,"column":52}},"1":{"start":{"line":2,"column":0},"end":{"line":2,"column":20}},"2":{"start":{"line":3,"column":0},"end":{"line":3,"column":24}},"3":{"start":{"line":4,"column":0},"end":{"line":4,"column":null}},"4":{"start":{"line":23,"column":0},"end":{"line":23,"column":123}},"5":{"start":{"line":27,"column":2},"end":{"line":27,"column":46}},"6":{"start":{"line":31,"column":14},"end":{"line":31,"column":82}},"7":{"start":{"line":32,"column":2},"end":{"line":32,"column":13}},"8":{"start":{"line":37,"column":20},"end":{"line":37,"column":75}},"9":{"start":{"line":39,"column":2},"end":{"line":49,"column":5}},"10":{"start":{"line":40,"column":3},"end":{"line":48,"column":null}},"11":{"start":{"line":41,"column":4},"end":{"line":45,"column":7}},"12":{"start":{"line":42,"column":5},"end":{"line":44,"column":null}},"13":{"start":{"line":43,"column":6},"end":{"line":43,"column":32}},"14":{"start":{"line":46,"column":10},"end":{"line":48,"column":null}},"15":{"start":{"line":47,"column":4},"end":{"line":47,"column":24}},"16":{"start":{"line":50,"column":2},"end":{"line":50,"column":18}},"17":{"start":{"line":54,"column":2},"end":{"line":54,"column":100}},"18":{"start":{"line":58,"column":2},"end":{"line":58,"column":155}},"19":{"start":{"line":58,"column":40},"end":{"line":58,"column":142}},"20":{"start":{"line":62,"column":2},"end":{"line":65,"column":4}},"21":{"start":{"line":69,"column":2},"end":{"line":69,"column":129}},"22":{"start":{"line":73,"column":27},"end":{"line":73,"column":29}},"23":{"start":{"line":74,"column":10},"end":{"line":74,"column":14}},"24":{"start":{"line":75,"column":2},"end":{"line":226,"column":null}},"25":{"start":{"line":76,"column":40},"end":{"line":81,"column":5}},"26":{"start":{"line":82,"column":3},"end":{"line":82,"column":37}},"27":{"start":{"line":83,"column":9},"end":{"line":226,"column":null}},"28":{"start":{"line":84,"column":3},"end":{"line":120,"column":null}},"29":{"start":{"line":85,"column":17},"end":{"line":85,"column":72}},"30":{"start":{"line":86,"column":4},"end":{"line":117,"c
[...]
olumn":0},"end":{"line":25,"column":13}}},"fnMap":{"0":{"name":"(anonymous_1)","decl":{"start":{"line":26,"column":1},"end":{"line":26,"column":7}},"loc":{"start":{"line":26,"column":34},"end":{"line":28,"column":2}}},"1":{"name":"(anonymous_2)","decl":{"start":{"line":30,"column":1},"end":{"line":30,"column":7}},"loc":{"start":{"line":30,"column":31},"end":{"line":33,"column":2}}},"2":{"name":"(anonymous_3)","decl":{"start":{"line":35,"column":1},"end":{"line":35,"column":7}},"loc":{"start":{"line":35,"column":68},"end":{"line":51,"column":2}}},"3":{"name":"(anonymous_4)","decl":{"start":{"line":39,"column":21},"end":{"line":39,"column":22}},"loc":{"start":{"line":39,"column":29},"end":{"line":49,"column":3}}},"4":{"name":"(anonymous_5)","decl":{"start":{"line":41,"column":22},"end":{"line":41,"column":23}},"loc":{"start":{"line":41,"column":35},"end":{"line":45,"column":5}}},"5":{"name":"(anonymous_6)","decl":{"start":{"line":53,"column":1},"end":{"line":53,"column":7}},"loc":{"start":{"line":53,"column":82},"end":{"line":55,"column":2}}},"6":{"name":"(anonymous_7)","decl":{"start":{"line":57,"column":1},"end":{"line":57,"column":7}},"loc":{"start":{"line":57,"column":60},"end":{"line":59,"column":2}}},"7":{"name":"(anonymous_8)","decl":{"start":{"line":58,"column":26},"end":{"line":58,"column":27}},"loc":{"start":{"line":58,"column":40},"end":{"line":58,"column":142}}},"8":{"name":"(anonymous_9)","decl":{"start":{"line":61,"column":1},"end":{"line":61,"column":7}},"loc":{"start":{"line":61,"column":54},"end":{"line":66,"column":2}}},"9":{"name":"(anonymous_10)","decl":{"start":{"line":68,"column":1},"end":{"line":68,"column":7}},"loc":{"start":{"line":68,"column":52},"end":{"line":70,"column":2}}},"10":{"name":"(anonymous_11)","decl":{"start":{"line":72,"column":1},"end":{"line":72,"column":7}},"loc":{"start":{"line":72,"column":35},"end":{"line":229,"column":2}}},"11":{"name":"(anonymous_12)","decl":{"start":{"line":87,"column":40},"end":{"line":87,"column":41}},"loc":{"start":{"line":87,"column":54},"end":{"line":103,"column":6}}},"12":{"name":"(anonymous_13)","decl":{"start":{"line":124,"column":25},"end":{"line":124,"column":26}},"loc":{"start":{"line":124,"column":41},"end":{"line":136,"column":5}}},"13":{"name":"(anonymous_14)","decl":{"start":{"line":138,"column":25},"end":{"line":138,"column":26}},"loc":{"start":{"line":138,"column":41},"end":{"line":150,"column":5}}},"14":{"name":"(anonymous_15)","decl":{"start":{"line":192,"column":38},"end":{"line":192,"column":39}},"loc":{"start":{"line":192,"column":47},"end":{"line":207,"column":8}}},"15":{"name":"(anonymous_16)","decl":{"start":{"line":231,"column":1},"end":{"line":231,"column":7}},"loc":{"start":{"line":231,"column":29},"end":{"line":234,"column":2}}},"16":{"name":"(anonymous_17)","decl":{"start":{"line":232,"column":41},"end":{"line":232,"column":42}},"loc":{"start":{"line":232,"column":55},"end":{"line":232,"column":97}}},"17":{"name":"(anonymous_18)","decl":{"start":{"line":288,"column":1},"end":{"line":288,"column":7}},"loc":{"start":{"line":288,"column":24},"end":{"line":290,"column":2}}},"18":{"name":"(anonymous_19)","decl":{"start":{"line":289,"column":21},"end":{"line":289,"column":22}},"loc":{"start":{"line":289,"column":34},"end":{"line":289,"column":57}}}},"branchMap":{"0":{"loc":{"start":{"line":35,"column":43},"end":{"line":35,"column":68}},"type":"default-arg","locations":[{"start":{"line":35,"column":66},"end":{"line":35,"column":68}}]},"1":{"loc":{"start":{"line":40,"column":3},"end":{"line":48,"column":null}},"type":"if","locations":[{"start":{"line":40,"column":3},"end":{"line":48,"column":null}},{"start":{"line":46,"column":10},"end":{"line":48,"column":null}}]},"2":{"loc":{"start":{"line":42,"column":5},"end":{"line":44,"column":null}},"type":"if","locations":[{"start":{"line":42,"column":5},"end":{"line":44,"column":null}}]},"3":{"loc":{"start":{"line":46,"column":10},"end":{"line":48,"column":null}},"type":"if","locations":[{"start":{"line":46,"column":10},"end":{"line":48,"column":null}}]},"4":{"loc":{"start":{"line":57,"column":36},"end":{"line":57,"column":60}},"type":"default-arg","locations":[{"start":{"line":57,"column":58},"end":{"line":57,"column":60}}]},"5":{"loc":{"start":{"line":58,"column":40},"end":{"line":58,"column":142}},"type":"binary-expr","locations":[{"start":{"line":58,"column":41},"end":{"line":58,"column":63}},{"start":{"line":58,"column":67},"end":{"line":58,"column":116}},{"start":{"line":58,"column":121},"end":{"line":58,"column":142}}]},"6":{"loc":{"start":{"line":63,"column":3},"end":{"line":64,"column":49}},"type":"binary-expr","locations":[{"start":{"line":63,"column":4},"end":{"line":63,"column":41}},{"start":{"line":63,"column":46},"end":{"line":63,"column":72}},{"start":{"line":63,"column":76},"end":{"line":63,"column":139}},{"start":{"line":64,"column":3},"end":{"line":64,"column":49}}]},"7":{"loc":{"start":{"line":69,"column":9},"end":{"line":69,"column":128}},"type":"cond-expr","locations":[{"start":{"line":69,"column":105},"end":{"line":69,"column":115}},{"start":{"line":69,"column":118},"end":{"line":69,"column":128}}]},"8":{"loc":{"start":{"line":69,"column":9},"end":{"line":69,"column":102}},"type":"binary-expr","locations":[{"start":{"line":69,"column":9},"end":{"line":69,"column":35}},{"start":{"line":69,"column":39},"end":{"line":69,"column":102}}]},"9":{"loc":{"start":{"line":75,"column":2},"end":{"line":226,"column":null}},"type":"if","locations":[{"start":{"line":75,"column":2},"end":{"line":226,"column":null}},{"start":{"line":83,"column":9},"end":{"line":226,"column":null}}]},"10":{"loc":{"start":{"line":83,"column":9},"end":{"line":226,"column":null}},"type":"if","locations":[{"start":{"line":83,"column":9},"end":{"line":226,"column":null}},{"start":{"line":121,"column":9},"end":{"line":226,"column":null}}]},"11":{"loc":{"start":{"line":84,"column":3},"end":{"line":120,"column":null}},"type":"if","locations":[{"start":{"line":84,"column":3},"end":{"line":120,"column":null}},{"start":{"line":118,"column":10},"end":{"line":120,"column":null}}]},"12":{"loc":{"start":{"line":84,"column":7},"end":{"line":84,"column":48}},"type":"binary-expr","locations":[{"start":{"line":84,"column":7},"end":{"line":84,"column":24}},{"start":{"line":84,"column":28},"end":{"line":84,"column":48}}]},"13":{"loc":{"start":{"line":86,"column":4},"end":{"line":117,"column":null}},"type":"if","locations":[{"start":{"line":86,"column":4},"end":{"line":117,"column":null}},{"start":{"line":104,"column":11},"end":{"line":117,"column":null}}]},"14":{"loc":{"start":{"line":90,"column":6},"end":{"line":94,"column":null}},"type":"if","locations":[{"start":{"line":90,"column":6},"end":{"line":94,"column":null}},{"start":{"line":92,"column":13},"end":{"line":94,"column":null}}]},"15":{"loc":{"start":{"line":104,"column":11},"end":{"line":117,"column":null}},"type":"if","locations":[{"start":{"line":104,"column":11},"end":{"line":117,"column":null}}]},"16":{"loc":{"start":{"line":107,"column":5},"end":{"line":116,"column":null}},"type":"if","locations":[{"start":{"line":107,"column":5},"end":{"line":116,"column":null}}]},"17":{"loc":{"start":{"line":107,"column":9},"end":{"line":107,"column":50}},"type":"binary-expr","locations":[{"start":{"line":107,"column":9},"end":{"line":107,"column":19}},{"start":{"line":107,"column":23},"end":{"line":107,"column":50}}]},"18":{"loc":{"start":{"line":121,"column":9},"end":{"line":226,"column":null}},"type":"if","locations":[{"start":{"line":121,"column":9},"end":{"line":226,"column":null}},{"start":{"line":152,"column":9},"end":{"line":226,"column":null}}]},"19":{"loc":{"start":{"line":123,"column":3},"end":{"line":151,"column":null}},"type":"if","locations":[{"start":{"line":123,"column":3},"end":{"line":151,"column":null}},{"start":{"line":137,"column":10},"end":{"line":151,"column":null}}]},"20":{"loc":{"start":{"line":126,"column":5},"end":{"line":135,"column":null}},"type":"if","locations":[{"start":{"line":126,"column":5},"end":{"line":135,"column":null}}]},"21":{"loc":{"start":{"line":140,"column":5},"end":{"line":149,"column":null}},"type":"if","locations":[{"start":{"line":140,"column":5},"end":{"line":149,"column":null}}]},"22":{"loc":{"start":{"line":152,"column":9},"end":{"line":226,"column":null}},"type":"if","locations":[{"start":{"line":152,"column":9},"end":{"line":226,"column":null}},{"start":{"line":173,"column":9},"end":{"line":226,"column":null}}]},"23":{"loc":{"start":{"line":152,"column":13},"end":{"line":152,"column":68}},"type":"binary-expr","locations":[{"start":{"line":152,"column":13},"end":{"line":152,"column":40}},{"start":{"line":152,"column":44},"end":{"line":152,"column":68}}]},"24":{"loc":{"start":{"line":154,"column":3},"end":{"line":172,"column":null}},"type":"if","locations":[{"start":{"line":154,"column":3},"end":{"line":172,"column":null}}]},"25":{"loc":{"start":{"line":155,"column":4},"end":{"line":171,"column":null}},"type":"if","locations":[{"start":{"line":155,"column":4},"end":{"line":171,"column":null}},{"start":{"line":163,"column":11},"end":{"line":171,"column":null}}]},"26":{"loc":{"start":{"line":173,"column":9},"end":{"line":226,"column":null}},"type":"if","locations":[{"start":{"line":173,"column":9},"end":{"line":226,"column":null}}]},"27":{"loc":{"start":{"line":177,"column":3},"end":{"line":225,"column":null}},"type":"if","locations":[{"start":{"line":177,"column":3},"end":{"line":225,"column":null}}]},"28":{"loc":{"start":{"line":178,"column":4},"end":{"line":224,"column":null}},"type":"if","locations":[{"start":{"line":178,"column":4},"end":{"line":224,"column":null}},{"start":{"line":188,"column":11},"end":{"line":224,"column":null}}]},"29":{"loc":{"start":{"line":188,"column":11},"end":{"line":224,"column":null}},"type":"if","locations":[{"start":{"line":188,"column":11},"end":{"line":224,"column":null}}]},"30":{"loc":{"start":{"line":190,"column":5},"end":{"line":223,"column":null}},"type":"if","locations":[{"start":{"line":190,"column":5},"end":{"line":223,"column":null}}]},"31":{"loc":{"start":{"line":191,"column":6},"end":{"line":222,"column":null}},"type":"if","locations":[{"start":{"line":191,"column":6},"end":{"line":222,"column":null}},{"start":{"line":208,"column":13},"end":{"line":222,"column":null}}]},"32":{"loc":{"start":{"line":195,"column":8},"end":{"line":197,"column":null}},"type":"if","locations":[{"start":{"line":195,"column":8},"end":{"line":197,"column":null}}]},"33":{"loc":{"start":{"line":208,"column":13},"end":{"line":222,"column":null}},"type":"if","locations":[{"start":{"line":208,"column":13},"end":{"line":222,"column":null}}]},"34":{"loc":{"start":{"line":212,"column":7},"end":{"line":221,"column":null}},"type":"if","locations":[{"start":{"line":212,"column":7},"end":{"line":221,"column":null}}]},"35":{"loc":{"start":{"line":212,"column":11},"end":{"line":212,"column":52}},"type":"binary-expr","locations":[{"start":{"line":212,"column":11},"end":{"line":212,"column":21}},{"start":{"line":212,"column":25},"end":{"line":212,"column":52}}]}},"s":{"0":5,"1":5,"2":5,"3":5,"4":5,"5":58,"6":0,"7":0,"8":42,"9":42,"10":84,"11":84,"12":168,"13":42,"14":0,"15":0,"16":42,"17":42,"18":86,"19":136,"20":168,"21":34,"22":140,"23":140,"24":140,"25":26,"26":26,"27":114,"28":0,"29":0,"30":0,"31":0,"32":0,"33":0,"34":0,"35":0,"36":0,"37":0,"38":0,"39":0,"40":0,"41":0,"42":0,"43":0,"44":114,"45":54,"46":54,"47":46,"48":46,"49":46,"50":46,"51":46,"52":8,"53":8,"54":8,"55":8,"56":8,"57":60,"58":0,"59":0,"60":0,"61":0,"62":0,"63":0,"64":0,"65":60,"66":60,"67":60,"68":60,"69":60,"70":0,"71":0,"72":0,"73":60,"74":60,"75":60,"76":60,"77":60,"78":68,"79":68,"80":68,"81":0,"82":68,"83":68,"84":0,"85":0,"86":0,"87":0,"88":0,"89":0,"90":140,"91":54,"92":46,"93":54,"94":0,"95":0,"96":5},"f":{"0":58,"1":0,"2":42,"3":84,"4":168,"5":42,"6":86,"7":136,"8":168,"9":34,"10":140,"11":0,"12":46,"13":8,"14":68,"15":54,"16":46,"17":0,"18":0},"b":{"0":[0],"1":[84,0],"2":[42],"3":[0],"4":[18],"5":[136,68,136],"6":[168,66,0,102],"7":[34,0],"8":[34,34],"9":[26,114],"10":[0,114],"11":[0,0],"12":[0,0],"13":[0,0],"14":[0,0],"15":[0],"16":[0],"17":[0,0],"18":[54,60],"19":[46,8],"20":[46],"21":[8],"22":[0,60],"23":[60,60],"24":[0],"25":[0,0],"26":[60],"27":[60],"28":[0,60],"29":[60],"30":[60],"31":[60,0],"32":[0],"33":[0],"34":[0],"35":[0,0]}}
,"/Users/congcong/Public/projects/yiird/yiird-mono/packages/vue3-ts-api-extractor/src/utils/sfc-utils.ts": {"path":"/Users/congcong/Public/projects/yiird/yiird-mono/packages/vue3-ts-api-extractor/src/utils/sfc-utils.ts","statementMap":{"0":{"start":{"line":2,"column":0},"end":{"line":2,"column":179}},"1":{"start":{"line":6,"column":19},"end":{"line":14,"column":2}},"2":{"start":{"line":7,"column":24},"end":{"line":7,"column":26}},"3":{"start":{"line":8,"column":2},"end":{"line":12,"column":5}},"4":{"start":{"line":9,"column":3},"end":{"line":11,"column":null}},"5":{"start":{"line":10,"column":4},"end":{"line":10,"column":21}},"6":{"start":{"line":13,"column":2},"end":{"line":13,"column":14}},"7":{"start":{"line":16,"column":25},"end":{"line":18,"column":2}},"8":{"start":{"line":17,"column":2},"end":{"line":17,"column":44}},"9":{"start":{"line":19,"column":21},"end":{"line":21,"column":2}},"10":{"start":{"line":20,"column":2},"end":{"line":20,"column":35}},"11":{"start":{"line":23,"column":17},"end":{"line":25,"column":2}},"12":{"start":{"line":24,"column":2},"end":{"line":24,"column":63}},"13":{"start":{"line":24,"column":33},"end":{"line":24,"column":61}},"14":{"start":{"line":27,"column":18},"end":{"line":29,"column":2}},"15":{"start":{"line":28,"column":2},"end":{"line":28,"column":65}},"16":{"start":{"line":28,"column":35},"end":{"line":28,"column":63}},"17":{"start":{"line":31,"column":21},"end":{"line":62,"column":2}},"18":{"start":{"line":33,"column":40},"end":{"line":33,"column":42}},"19":{"start":{"line":34,"column":2},"end":{"line":40,"column":5}},"20":{"start":{"line":35,"column":3},"end":{"line":39,"column":6}},"21":{"start":{"line":36,"column":4},"end":{"line":38,"column":null}},"22":{"start":{"line":37,"column":5},"end":{"line":37,"column":22}},"23":{"start":{"line":42,"column":2},"end":{"line":60,"column":null}},"24":{"start":{"line":43,"column":26},"end":{"line":43,"column":51}},"25":{"start":{"line":44,"column":3},"end":{"line":59,"column":null}},"26":{"start":{"line":45,"column":4},"end":{"line":58,"column":7}},"27":{"start":{"line":46,"column":5},"end":{"line":57,"column":null}},"28":{"start":{"line":47,"column":40},"end":{"line":50,"column":8}},"29":{"start":{"line":51,"column":19},"end":{"line":51,"column":61}},"30":{"start":{"line":52,"column":6},"end":{"line":55,"column":null}},"31":{"start":{"line":53,"column":30},"end":{"line":53,"column":60}},"32":{"start":{"line":54,"column":7},"end":{"line":54,"column":73}},"33":{"start":{"line":56,"column":6},"end":{"line":56,"column":32}},"34":{"start":{"line":61,"column":2},"end":{"line":61,"column":20}},"35":{"start":{"line":65,"column":2},"end":{"line":65,"column":43}},"36":{"start":{"line":69,"column":2},"end":{"line":69,"column":43}},"37":{"start":{"line":73,"column":2},"end":{"line":73,"column":41}},"38":{"start":{"line":5,"column":0},"end":{"line":5,"column":13}}},"fnMap":{"0":{"name":"(anonymous_0)","decl":{"start":{"line":6,"column":19},"end":{"line":6,"column":20}},"loc":{"start":{"line":6,"column":34},"end":{"line":14,"column":2}}},"1":{"name":"(anonymous_1)","decl":{"start":{"line":8,"column":29},"end":{"line":8,"column":30}},"loc":{"start":{"line":8,"column":39},"end":{"line":12,"column":3}}},"2":{"name":"(anonymous_2)","decl":{"start":{"line":16,"column":25},"end":{"line":16,"column":26}},"loc":{"start":{"line":16,"column":51},"end":{"line":18,"column":2}}},"3":{"name":"(anonymous_3)","decl":{"start":{"line":19,"column":21},"end":{"line":19,"column":22}},"loc":{"start":{"line":19,"column":36},"end":{"line":21,"column":2}}},"4":{"name":"(anonymous_4)","decl":{"start":{"line":23,"column":17},"end":{"line":23,"column":18}},"loc":{"start":{"line":23,"column":49},"end":{"line":25,"column":2}}},"5":{"name":"(anonymous_5)","decl":{"start":{"line":24,"column":24},"end":{"line":24,"column":25}},"loc":{"start":{"line":24,"column":33},"end":{"line":24,"column":61}}},"6":{"name":"(anonymous_6)","decl":{"start":{"line":27,"column":18},"end":{"line":27,"column":19}},"loc":{"start":{"line":27,"column":50},"end":{"line":29,"column":2}}},"7":{"name":"(anonymous_7)","decl":{"start":{"line":28,"column":26},"end":{"line":28,"column":27}},"loc":{"start":{"line":28,"column":35},"end":{"line":28,"column":63}}},"8":{"name":"(anonymous_8)","decl":{"start":{"line":31,"column":21},"end":{"line":31,"column":22}},"loc":{"start":{"line":31,"column":72},"end":{"line":62,"column":2}}},"9":{"name":"(anonymous_9)","decl":{"start":{"line":34,"column":15},"end":{"line":34,"column":16}},"loc":{"start":{"line":34,"column":23},"end":{"line":40,"column":3}}},"10":{"name":"(anonymous_10)","decl":{"start":{"line":35,"column":21},"end":{"line":35,"column":22}},"loc":{"start":{"line":35,"column":29},"end":{"line":39,"column":4}}},"11":{"name":"(anonymous_11)","decl":{"start":{"line":45,"column":46},"end":{"line":45,"column":47}},"loc":{"start":{"line":45,"column":62},"end":{"line":58,"column":5}}},"12":{"name":"(anonymous_12)","decl":{"start":{"line":64,"column":1},"end":{"line":64,"column":7}},"loc":{"start":{"line":64,"column":42},"end":{"line":66,"column":2}}},"13":{"name":"(anonymous_13)","decl":{"start":{"line":68,"column":1},"end":{"line":68,"column":7}},"loc":{"start":{"line":68,"column":42},"end":{"line":70,"column":2}}},"14":{"name":"(anonymous_14)","decl":{"start":{"line":72,"column":1},"end":{"line":72,"column":7}},"loc":{"start":{"line":72,"column":40},"end":{"line":74,"column":2}}}},"branchMap":{"0":{"loc":{"start":{"line":9,"column":3},"end":{"line":11,"column":null}},"type":"if","locations":[{"start":{"line":9,"column":3},"end":{"line":11,"column":null}}]},"1":{"loc":{"start":{"line":36,"column":4},"end":{"line":38,"column":null}},"type":"if","locations":[{"start":{"line":36,"column":4},"end":{"line":38,"column":null}}]},"2":{"loc":{"start":{"line":36,"column":8},"end":{"line":36,"column":57}},"type":"binary-expr","locations":[{"start":{"line":36,"column":8},"end":{"line":36,"column":30}},{"start":{"line":36,"column":34},"end":{"line":36,"column":57}}]},"3":{"loc":{"start":{"line":42,"column":2},"end":{"line":60,"column":null}},"type":"if","locations":[{"start":{"line":42,"column":2},"end":{"line":60,"column":null}}]},"4":{"loc":{"start":{"line":44,"column":3},"end":{"line":59,"column":null}},"type":"if","locations":[{"start":{"line":44,"column":3},"end":{"line":59,"column":null}}]},"5":{"loc":{"start":{"line":44,"column":7},"end":{"line":44,"column":59}},"type":"binary-expr","locations":[{"start":{"line":44,"column":7},"end":{"line":44,"column":21}},{"start":{"line":44,"column":25},"end":{"line":44,"column":59}}]},"6":{"loc":{"start":{"line":46,"column":5},"end":{"line":57,"column":null}},"type":"if","locations":[{"start":{"line":46,"column":5},"end":{"line":57,"column":null}}]},"7":{"loc":{"start":{"line":52,"column":6},"end":{"line":55,"column":null}},"type":"if","locations":[{"start":{"line":52,"column":6},"end":{"line":55,"column":null}}]},"8":{"loc":{"start":{"line":54,"column":23},"end":{"line":54,"column":72}},"type":"cond-expr","locations":[{"start":{"line":54,"column":51},"end":{"line":54,"column":65}},{"start":{"line":54,"column":68},"end":{"line":54,"column":72}}]}},"s":{"0":4,"1":4,"2":58,"3":58,"4":266,"5":62,"6":58,"7":4,"8":69,"9":4,"10":0,"11":4,"12":84,"13":114,"14":4,"15":6,"16":11,"17":4,"18":15,"19":15,"20":34,"21":46,"22":4,"23":15,"24":4,"25":4,"26":4,"27":8,"28":8,"29":8,"30":8,"31":8,"32":8,"33":8,"34":15,"35":0,"36":0,"37":0,"38":4},"f":{"0":58,"1":266,"2":69,"3":0,"4":84,"5":114,"6":6,"7":11,"8":15,"9":34,"10":46,"11":8,"12":0,"13":0,"14":0},"b":{"0":[62],"1":[4],"2":[46,19],"3":[4],"4":[4],"5":[4,4],"6":[8],"7":[8],"8":[1,7]}}
}
