TN:
SF:src/types.ts
FN:26,(anonymous_0)
FN:65,isDeclarationInitalizer
FN:69,isImportInitalizer
FN:73,isExportInitalizer
FN:77,isExportFromInitalizer
FNF:5
FNH:5
FNDA:4,(anonymous_0)
FNDA:52,isDeclarationInitalizer
FNDA:44,isImportInitalizer
FNDA:88,isExportInitalizer
FNDA:52,isExportFromInitalizer
DA:26,4
DA:27,4
DA:28,4
DA:29,4
DA:30,4
DA:65,4
DA:66,52
DA:69,4
DA:70,44
DA:73,4
DA:74,88
DA:77,4
DA:78,52
LF:13
LH:13
BRDA:26,0,0,4
BRDA:26,0,1,4
BRF:2
BRH:2
end_of_record
TN:
SF:src/parser/loader.ts
FN:35,(anonymous_7)
FN:73,(anonymous_8)
FN:102,(anonymous_9)
FN:118,(anonymous_10)
FN:121,(anonymous_11)
FN:137,(anonymous_12)
FN:138,(anonymous_13)
FN:147,(anonymous_14)
FN:154,(anonymous_15)
FN:155,(anonymous_16)
FN:164,(anonymous_17)
FN:203,(anonymous_18)
FN:206,(anonymous_19)
FN:234,(anonymous_20)
FN:238,(anonymous_21)
FN:245,(anonymous_22)
FN:255,(anonymous_23)
FN:257,(anonymous_24)
FN:263,(anonymous_25)
FN:267,(anonymous_26)
FN:271,(anonymous_27)
FN:275,(anonymous_28)
FN:279,(anonymous_29)
FN:283,(anonymous_30)
FN:287,(anonymous_31)
FN:291,(anonymous_32)
FN:294,(anonymous_33)
FN:310,(anonymous_34)
FN:316,(anonymous_35)
FN:317,(anonymous_36)
FN:327,(anonymous_37)
FN:329,(anonymous_38)
FN:350,(anonymous_39)
FN:354,(anonymous_40)
FN:357,(anonymous_41)
FN:373,(anonymous_42)
FN:378,(anonymous_43)
FN:391,(anonymous_44)
FN:394,(anonymous_45)
FN:402,(anonymous_46)
FN:409,(anonymous_47)
FN:409,(anonymous_48)
FN:414,(anonymous_49)
FN:418,(anonymous_50)
FN:419,(anonymous_51)
FN:422,(anonymous_52)
FN:426,(anonymous_53)
FN:430,(anonymous_54)
FNF:48
FNH:32
FNDA:24,(anonymous_7)
FNDA:32,(anonymous_8)
FNDA:32,(anonymous_9)
FNDA:88,(anonymous_10)
FNDA:88,(anonymous_11)
FNDA:32,(anonymous_12)
FNDA:36,(anonymous_13)
FNDA:76,(anonymous_14)
FNDA:32,(anonymous_15)
FNDA:8,(anonymous_16)
FNDA:20,(anonymous_17)
FNDA:12,(anonymous_18)
FNDA:36,(anonymous_19)
FNDA:8,(anonymous_20)
FNDA:8,(anonymous_21)
FNDA:32,(anonymous_22)
FNDA:32,(anonymous_23)
FNDA:44,(anonymous_24)
FNDA:0,(anonymous_25)
FNDA:0,(anonymous_26)
FNDA:16,(anonymous_27)
FNDA:0,(anonymous_28)
FNDA:1,(anonymous_29)
FNDA:0,(anonymous_30)
FNDA:0,(anonymous_31)
FNDA:0,(anonymous_32)
FNDA:0,(anonymous_33)
FNDA:4,(anonymous_34)
FNDA:0,(anonymous_35)
FNDA:0,(anonymous_36)
FNDA:4,(anonymous_37)
FNDA:4,(anonymous_38)
FNDA:4,(anonymous_39)
FNDA:32,(anonymous_40)
FNDA:36,(anonymous_41)
FNDA:0,(anonymous_42)
FNDA:0,(anonymous_43)
FNDA:4,(anonymous_44)
FNDA:32,(anonymous_45)
FNDA:0,(anonymous_46)
FNDA:28,(anonymous_47)
FNDA:32,(anonymous_48)
FNDA:0,(anonymous_49)
FNDA:0,(anonymous_50)
FNDA:0,(anonymous_51)
FNDA:0,(anonymous_52)
FNDA:16,(anonymous_53)
FNDA:8,(anonymous_54)
DA:1,4
DA:3,4
DA:4,4
DA:5,4
DA:6,4
DA:7,4
DA:22,4
DA:33,4
DA:35,4
DA:36,24
DA:37,24
DA:38,24
DA:39,24
DA:42,4
DA:49,4
DA:54,32
DA:59,32
DA:63,32
DA:67,32
DA:69,32
DA:71,32
DA:74,32
DA:75,32
DA:76,32
DA:77,32
DA:78,32
DA:79,32
DA:80,24
DA:81,24
DA:82,24
DA:83,24
DA:84,24
DA:85,0
DA:87,24
DA:88,24
DA:89,24
DA:90,24
DA:92,8
DA:94,32
DA:95,32
DA:96,32
DA:103,32
DA:104,32
DA:105,32
DA:106,32
DA:109,32
DA:111,32
DA:113,32
DA:115,32
DA:118,32
DA:119,88
DA:120,80
DA:121,80
DA:122,88
DA:123,88
DA:124,36
DA:125,52
DA:126,0
DA:127,52
DA:128,8
DA:129,44
DA:130,44
DA:138,32
DA:139,36
DA:140,0
DA:142,36
DA:148,76
DA:149,8
DA:151,76
DA:155,32
DA:156,8
DA:157,0
DA:159,8
DA:165,20
DA:167,20
DA:168,12
DA:169,0
DA:171,12
DA:174,20
DA:175,8
DA:176,8
DA:177,8
DA:178,8
DA:179,8
DA:180,8
DA:181,8
DA:182,8
DA:183,0
DA:185,8
DA:186,8
DA:192,20
DA:193,20
DA:195,20
DA:204,12
DA:205,12
DA:206,12
DA:207,36
DA:208,12
DA:209,12
DA:210,12
DA:211,12
DA:212,12
DA:213,12
DA:217,24
DA:218,0
DA:219,0
DA:220,0
DA:222,0
DA:224,24
DA:227,12
DA:228,12
DA:231,0
DA:235,8
DA:239,8
DA:246,32
DA:247,32
DA:248,32
DA:256,32
DA:257,32
DA:258,44
DA:260,32
DA:264,0
DA:268,0
DA:272,16
DA:276,0
DA:280,1
DA:284,0
DA:288,0
DA:292,0
DA:295,0
DA:299,4
DA:301,4
DA:302,4
DA:303,4
DA:304,4
DA:311,4
DA:312,4
DA:313,4
DA:314,4
DA:315,4
DA:316,4
DA:317,0
DA:318,0
DA:329,4
DA:331,4
DA:335,4
DA:336,0
DA:337,0
DA:339,4
DA:340,4
DA:342,4
DA:351,4
DA:352,4
DA:354,4
DA:355,32
DA:356,32
DA:357,32
DA:359,36
DA:360,36
DA:361,12
DA:362,12
DA:364,36
DA:368,4
DA:372,0
DA:373,0
DA:374,0
DA:376,0
DA:377,0
DA:378,0
DA:379,0
DA:382,0
DA:383,0
DA:385,0
DA:388,4
DA:392,4
DA:393,4
DA:394,4
DA:395,32
DA:396,32
DA:402,0
DA:403,0
DA:409,28
DA:410,32
DA:415,0
DA:419,0
DA:423,0
DA:427,16
DA:431,8
LF:188
LH:151
BRDA:79,0,0,24
BRDA:79,0,1,8
BRDA:84,1,0,0
BRDA:119,2,0,80
BRDA:123,3,0,36
BRDA:123,3,1,52
BRDA:125,4,0,0
BRDA:125,4,1,52
BRDA:127,5,0,8
BRDA:127,5,1,44
BRDA:129,6,0,44
BRDA:139,7,0,0
BRDA:139,7,1,36
BRDA:148,8,0,8
BRDA:151,9,0,12
BRDA:151,9,1,64
BRDA:156,10,0,0
BRDA:156,10,1,8
BRDA:167,11,0,12
BRDA:168,12,0,0
BRDA:168,12,1,12
BRDA:169,13,0,0
BRDA:169,13,1,0
BRDA:174,14,0,8
BRDA:176,15,0,8
BRDA:177,16,0,8
BRDA:179,17,0,8
BRDA:181,18,0,8
BRDA:182,19,0,0
BRDA:192,20,0,20
BRDA:204,21,0,12
BRDA:207,22,0,12
BRDA:207,22,1,24
BRDA:209,23,0,12
BRDA:210,24,0,12
BRDA:212,25,0,12
BRDA:217,26,0,0
BRDA:217,26,1,24
BRDA:217,27,0,24
BRDA:217,27,1,24
BRDA:219,28,0,0
BRDA:227,29,0,12
BRDA:258,30,0,44
BRDA:258,30,1,44
BRDA:335,31,0,0
BRDA:335,31,1,4
BRDA:352,32,0,4
BRDA:352,32,1,0
BRDA:360,33,0,12
BRDA:368,34,0,0
BRDA:368,34,1,4
BRDA:376,35,0,0
BRDA:376,36,0,0
BRDA:376,36,1,0
BRDA:379,37,0,0
BRDA:382,38,0,0
BRDA:393,39,0,4
BRDA:393,39,1,0
BRDA:398,40,0,32
BRDA:398,40,1,32
BRDA:409,41,0,0
BRDA:409,41,1,28
BRDA:409,42,0,0
BRDA:409,42,1,28
BRF:64
BRH:43
end_of_record
TN:
SF:src/parser/sfc-event-comment.ts
FN:14,(anonymous_0)
FN:25,(anonymous_1)
FN:29,(anonymous_2)
FN:47,(anonymous_3)
FNF:4
FNH:4
FNDA:1,(anonymous_0)
FNDA:1,(anonymous_1)
FNDA:2,(anonymous_2)
FNDA:1,(anonymous_3)
DA:1,4
DA:3,4
DA:4,4
DA:15,1
DA:16,1
DA:17,1
DA:18,1
DA:19,1
DA:20,1
DA:21,1
DA:22,1
DA:26,1
DA:27,1
DA:28,1
DA:29,1
DA:30,2
DA:31,2
DA:35,2
DA:36,2
DA:37,2
DA:38,2
DA:40,2
DA:44,1
DA:48,1
DA:49,1
DA:50,1
DA:51,1
DA:55,0
LF:28
LH:27
BRDA:18,0,0,1
BRDA:18,0,1,1
BRDA:20,1,0,1
BRDA:20,1,1,1
BRDA:21,2,0,0
BRDA:21,2,1,1
BRDA:27,3,0,1
BRDA:30,4,0,2
BRDA:36,5,0,2
BRDA:38,6,0,1
BRDA:38,6,1,1
BRDA:48,7,0,1
BRDA:50,8,0,1
BRF:13
BRH:12
end_of_record
TN:
SF:src/parser/sfc-method-comment.ts
FN:26,(anonymous_0)
FN:39,(anonymous_1)
FN:48,(anonymous_2)
FN:57,(anonymous_3)
FN:67,(anonymous_4)
FN:77,(anonymous_5)
FN:87,(anonymous_6)
FN:99,(anonymous_7)
FNF:8
FNH:7
FNDA:2,(anonymous_0)
FNDA:2,(anonymous_1)
FNDA:4,(anonymous_2)
FNDA:0,(anonymous_3)
FNDA:2,(anonymous_4)
FNDA:2,(anonymous_5)
FNDA:4,(anonymous_6)
FNDA:4,(anonymous_7)
DA:1,4
DA:2,4
DA:14,4
DA:16,4
DA:22,2
DA:27,2
DA:28,2
DA:29,2
DA:30,2
DA:31,2
DA:32,2
DA:33,2
DA:34,2
DA:35,2
DA:36,2
DA:40,2
DA:42,2
DA:43,0
DA:44,2
DA:45,2
DA:47,2
DA:48,2
DA:49,4
DA:51,2
DA:53,2
DA:55,2
DA:56,2
DA:57,2
DA:58,0
DA:59,0
DA:60,0
DA:64,2
DA:69,2
DA:70,0
DA:71,2
DA:72,2
DA:74,2
DA:78,2
DA:80,2
DA:81,0
DA:82,2
DA:83,2
DA:86,2
DA:87,2
DA:88,4
DA:93,4
DA:97,2
DA:98,2
DA:99,2
DA:100,4
DA:101,4
DA:102,4
DA:103,4
DA:105,4
DA:106,4
DA:107,4
DA:108,4
DA:110,4
DA:116,2
LF:59
LH:53
BRDA:30,0,0,2
BRDA:30,0,1,2
BRDA:32,1,0,2
BRDA:32,1,1,2
BRDA:33,2,0,0
BRDA:33,2,1,2
BRDA:42,3,0,0
BRDA:42,3,1,2
BRDA:42,4,0,2
BRDA:42,4,1,0
BRDA:44,5,0,2
BRDA:51,6,0,0
BRDA:51,6,1,2
BRDA:55,7,0,2
BRDA:59,8,0,0
BRDA:69,9,0,0
BRDA:69,9,1,2
BRDA:69,10,0,2
BRDA:69,10,1,0
BRDA:71,11,0,2
BRDA:80,12,0,0
BRDA:80,12,1,2
BRDA:80,13,0,2
BRDA:80,13,1,0
BRDA:82,14,0,2
BRDA:86,15,0,2
BRDA:97,16,0,2
BRDA:100,17,0,4
BRDA:105,18,0,4
BRDA:106,19,0,4
BRDA:108,20,0,1
BRDA:108,20,1,3
BRF:32
BRH:23
end_of_record
TN:
SF:src/parser/sfc-prop-comment.ts
FN:32,(anonymous_0)
FN:49,(anonymous_1)
FN:60,(anonymous_2)
FN:69,(anonymous_3)
FN:71,(anonymous_4)
FN:75,(anonymous_5)
FN:88,(anonymous_6)
FN:104,(anonymous_7)
FNF:8
FNH:7
FNDA:30,(anonymous_0)
FNDA:30,(anonymous_1)
FNDA:30,(anonymous_2)
FNDA:79,(anonymous_3)
FNDA:106,(anonymous_4)
FNDA:30,(anonymous_5)
FNDA:0,(anonymous_6)
FNDA:30,(anonymous_7)
DA:1,4
DA:2,4
DA:19,4
DA:21,4
DA:27,30
DA:30,30
DA:33,30
DA:34,30
DA:35,30
DA:36,0
DA:37,30
DA:38,30
DA:39,30
DA:40,30
DA:41,30
DA:42,30
DA:43,30
DA:44,30
DA:45,30
DA:46,30
DA:50,30
DA:51,30
DA:52,30
DA:53,22
DA:55,8
DA:61,30
DA:62,30
DA:63,30
DA:64,22
DA:70,79
DA:71,106
DA:76,30
DA:77,30
DA:78,30
DA:79,11
DA:83,19
DA:84,19
DA:85,19
DA:86,11
DA:87,0
DA:88,0
DA:89,0
DA:90,0
DA:93,11
DA:94,11
DA:95,11
DA:97,0
DA:101,19
DA:105,30
DA:106,30
DA:107,19
DA:108,19
DA:111,11
LF:53
LH:47
BRDA:35,0,0,0
BRDA:35,0,1,30
BRDA:37,1,0,30
BRDA:39,2,0,30
BRDA:39,2,1,30
BRDA:43,3,0,30
BRDA:43,3,1,30
BRDA:44,4,0,0
BRDA:44,4,1,30
BRDA:50,5,0,30
BRDA:50,5,1,11
BRDA:51,6,0,30
BRDA:51,7,0,30
BRDA:51,7,1,30
BRDA:52,8,0,22
BRDA:52,8,1,8
BRDA:61,9,0,30
BRDA:63,10,0,22
BRDA:70,11,0,57
BRDA:70,12,0,79
BRDA:70,12,1,79
BRDA:71,13,0,106
BRDA:71,13,1,0
BRDA:71,13,2,106
BRDA:76,14,0,30
BRDA:78,15,0,11
BRDA:85,16,0,11
BRDA:86,17,0,0
BRDA:86,17,1,11
BRDA:86,18,0,11
BRDA:86,18,1,11
BRDA:86,18,2,11
BRDA:89,19,0,0
BRDA:93,20,0,11
BRDA:94,21,0,11
BRDA:94,21,1,0
BRDA:101,22,0,11
BRDA:101,22,1,8
BRDA:106,23,0,19
BRDA:107,24,0,19
BRDA:107,25,0,19
BRDA:107,25,1,19
BRF:42
BRH:36
end_of_record
TN:
SF:src/parser/sfc-script-handle.ts
FN:35,(anonymous_0)
FN:48,(anonymous_1)
FN:67,(anonymous_2)
FN:81,(anonymous_3)
FN:87,(anonymous_4)
FN:98,(anonymous_5)
FN:109,(anonymous_6)
FN:114,(anonymous_7)
FN:124,(anonymous_8)
FN:126,(anonymous_9)
FN:128,(anonymous_10)
FN:138,(anonymous_11)
FN:147,(anonymous_12)
FN:156,(anonymous_13)
FNF:14
FNH:14
FNDA:8,(anonymous_0)
FNDA:8,(anonymous_1)
FNDA:24,(anonymous_2)
FNDA:11,(anonymous_3)
FNDA:30,(anonymous_4)
FNDA:11,(anonymous_5)
FNDA:1,(anonymous_6)
FNDA:2,(anonymous_7)
FNDA:1,(anonymous_8)
FNDA:1,(anonymous_9)
FNDA:1,(anonymous_10)
FNDA:1,(anonymous_11)
FNDA:12,(anonymous_12)
FNDA:13,(anonymous_13)
DA:1,4
DA:2,4
DA:3,4
DA:21,4
DA:23,4
DA:24,4
DA:25,4
DA:26,4
DA:36,8
DA:37,8
DA:38,8
DA:39,0
DA:41,8
DA:42,8
DA:43,8
DA:44,8
DA:45,8
DA:46,8
DA:49,8
DA:50,8
DA:51,0
DA:52,0
DA:53,0
DA:54,0
DA:57,0
DA:58,0
DA:59,0
DA:64,8
DA:68,24
DA:70,24
DA:71,24
DA:72,24
DA:73,24
DA:74,24
DA:75,24
DA:82,11
DA:83,11
DA:85,11
DA:86,11
DA:87,11
DA:88,30
DA:89,30
DA:90,0
DA:91,0
DA:95,11
DA:99,11
DA:100,11
DA:101,0
DA:103,0
DA:104,0
DA:105,0
DA:110,1
DA:111,1
DA:112,1
DA:113,1
DA:114,1
DA:115,2
DA:116,2
DA:121,1
DA:125,1
DA:126,1
DA:127,1
DA:128,1
DA:129,1
DA:132,1
DA:134,1
DA:136,1
DA:138,1
DA:139,1
DA:140,1
DA:144,1
DA:149,12
DA:150,12
DA:151,0
DA:152,0
DA:154,12
DA:155,12
DA:156,13
DA:157,12
DA:158,12
DA:159,12
DA:160,8
DA:161,4
LF:83
LH:67
BRDA:38,0,0,0
BRDA:38,1,0,8
BRDA:38,1,1,8
BRDA:50,2,0,0
BRDA:52,3,0,0
BRDA:52,3,1,0
BRDA:53,4,0,0
BRDA:53,5,0,0
BRDA:53,5,1,0
BRDA:58,6,0,0
BRDA:58,7,0,0
BRDA:58,7,1,0
BRDA:64,8,0,8
BRDA:64,8,1,0
BRDA:70,9,0,24
BRDA:72,10,0,24
BRDA:72,11,0,24
BRDA:72,11,1,24
BRDA:74,12,0,24
BRDA:85,13,0,11
BRDA:88,14,0,30
BRDA:88,14,1,0
BRDA:90,15,0,0
BRDA:99,16,0,11
BRDA:99,16,1,0
BRDA:101,17,0,0
BRDA:101,17,1,0
BRDA:104,18,0,0
BRDA:112,19,0,1
BRDA:112,20,0,1
BRDA:112,20,1,1
BRDA:113,21,0,1
BRDA:115,22,0,2
BRDA:115,23,0,2
BRDA:115,23,1,0
BRDA:139,24,0,1
BRDA:149,25,0,12
BRDA:149,25,1,0
BRDA:149,26,0,12
BRDA:149,26,1,12
BRDA:151,27,0,0
BRDA:154,28,0,12
BRDA:155,29,0,12
BRDA:157,30,0,12
BRDA:158,31,0,12
BRDA:159,32,0,8
BRDA:159,32,1,4
BRF:47
BRH:27
end_of_record
TN:
SF:src/utils/parse-utils.ts
FN:26,(anonymous_1)
FN:30,(anonymous_2)
FN:35,(anonymous_3)
FN:39,(anonymous_4)
FN:41,(anonymous_5)
FN:53,(anonymous_6)
FN:57,(anonymous_7)
FN:58,(anonymous_8)
FN:61,(anonymous_9)
FN:68,(anonymous_10)
FN:72,(anonymous_11)
FN:87,(anonymous_12)
FN:124,(anonymous_13)
FN:138,(anonymous_14)
FN:192,(anonymous_15)
FN:231,(anonymous_16)
FN:232,(anonymous_17)
FN:288,(anonymous_18)
FN:289,(anonymous_19)
FNF:19
FNH:14
FNDA:32,(anonymous_1)
FNDA:0,(anonymous_2)
FNDA:8,(anonymous_3)
FNDA:16,(anonymous_4)
FNDA:32,(anonymous_5)
FNDA:8,(anonymous_6)
FNDA:8,(anonymous_7)
FNDA:0,(anonymous_8)
FNDA:100,(anonymous_9)
FNDA:8,(anonymous_10)
FNDA:80,(anonymous_11)
FNDA:0,(anonymous_12)
FNDA:12,(anonymous_13)
FNDA:8,(anonymous_14)
FNDA:44,(anonymous_15)
FNDA:20,(anonymous_16)
FNDA:12,(anonymous_17)
FNDA:0,(anonymous_18)
FNDA:0,(anonymous_19)
DA:1,4
DA:2,4
DA:3,4
DA:4,4
DA:23,4
DA:25,4
DA:27,32
DA:31,0
DA:32,0
DA:37,8
DA:39,8
DA:40,16
DA:41,16
DA:42,32
DA:43,8
DA:46,0
DA:47,0
DA:50,8
DA:54,8
DA:58,8
DA:62,100
DA:69,8
DA:73,80
DA:74,80
DA:75,80
DA:76,24
DA:82,24
DA:83,56
DA:84,0
DA:85,0
DA:86,0
DA:87,0
DA:88,0
DA:90,0
DA:91,0
DA:93,0
DA:95,0
DA:102,0
DA:104,0
DA:105,0
DA:106,0
DA:107,0
DA:108,0
DA:115,0
DA:121,56
DA:122,20
DA:123,20
DA:124,12
DA:125,12
DA:126,12
DA:127,12
DA:134,12
DA:138,8
DA:139,8
DA:140,8
DA:141,8
DA:148,8
DA:152,36
DA:153,0
DA:154,0
DA:155,0
DA:156,0
DA:162,0
DA:164,0
DA:170,0
DA:173,36
DA:174,36
DA:175,36
DA:177,36
DA:178,36
DA:179,0
DA:180,0
DA:187,0
DA:188,36
DA:189,36
DA:190,36
DA:191,36
DA:192,36
DA:193,44
DA:194,44
DA:195,44
DA:196,0
DA:199,44
DA:206,44
DA:208,0
DA:209,0
DA:210,0
DA:212,0
DA:213,0
DA:220,0
DA:228,80
DA:232,20
DA:233,20
DA:289,0
LF:94
LH:56
BRDA:35,0,0,0
BRDA:40,1,0,16
BRDA:40,1,1,0
BRDA:42,2,0,8
BRDA:46,3,0,0
BRDA:57,4,0,8
BRDA:58,5,0,0
BRDA:58,5,1,0
BRDA:58,5,2,0
BRDA:63,6,0,100
BRDA:63,6,1,44
BRDA:63,6,2,0
BRDA:63,6,3,56
BRDA:69,7,0,8
BRDA:69,7,1,0
BRDA:69,8,0,8
BRDA:69,8,1,8
BRDA:75,9,0,24
BRDA:75,9,1,56
BRDA:83,10,0,0
BRDA:83,10,1,56
BRDA:84,11,0,0
BRDA:84,11,1,0
BRDA:84,12,0,0
BRDA:84,12,1,0
BRDA:86,13,0,0
BRDA:86,13,1,0
BRDA:90,14,0,0
BRDA:90,14,1,0
BRDA:104,15,0,0
BRDA:107,16,0,0
BRDA:107,17,0,0
BRDA:107,17,1,0
BRDA:121,18,0,20
BRDA:121,18,1,36
BRDA:123,19,0,12
BRDA:123,19,1,8
BRDA:126,20,0,12
BRDA:140,21,0,8
BRDA:152,22,0,0
BRDA:152,22,1,36
BRDA:152,23,0,36
BRDA:152,23,1,36
BRDA:154,24,0,0
BRDA:155,25,0,0
BRDA:155,25,1,0
BRDA:173,26,0,36
BRDA:177,27,0,36
BRDA:178,28,0,0
BRDA:178,28,1,36
BRDA:188,29,0,36
BRDA:190,30,0,36
BRDA:191,31,0,36
BRDA:191,31,1,0
BRDA:195,32,0,0
BRDA:208,33,0,0
BRDA:212,34,0,0
BRDA:212,35,0,0
BRDA:212,35,1,0
BRF:59
BRH:27
end_of_record
TN:
SF:src/utils/sfc-utils.ts
FN:6,(anonymous_0)
FN:8,(anonymous_1)
FN:16,(anonymous_2)
FN:19,(anonymous_3)
FN:23,(anonymous_4)
FN:24,(anonymous_5)
FN:27,(anonymous_6)
FN:28,(anonymous_7)
FN:31,(anonymous_8)
FN:34,(anonymous_9)
FN:35,(anonymous_10)
FN:45,(anonymous_11)
FN:64,(anonymous_12)
FN:68,(anonymous_13)
FN:72,(anonymous_14)
FNF:15
FNH:11
FNDA:57,(anonymous_0)
FNDA:262,(anonymous_1)
FNDA:65,(anonymous_2)
FNDA:0,(anonymous_3)
FNDA:84,(anonymous_4)
FNDA:114,(anonymous_5)
FNDA:5,(anonymous_6)
FNDA:10,(anonymous_7)
FNDA:12,(anonymous_8)
FNDA:28,(anonymous_9)
FNDA:40,(anonymous_10)
FNDA:6,(anonymous_11)
FNDA:0,(anonymous_12)
FNDA:0,(anonymous_13)
FNDA:0,(anonymous_14)
DA:2,4
DA:5,4
DA:6,4
DA:7,57
DA:8,57
DA:9,262
DA:10,60
DA:13,57
DA:16,4
DA:17,65
DA:19,4
DA:20,0
DA:23,4
DA:24,114
DA:27,4
DA:28,10
DA:31,4
DA:33,12
DA:34,12
DA:35,28
DA:36,40
DA:37,3
DA:42,12
DA:43,3
DA:44,3
DA:45,3
DA:46,6
DA:47,6
DA:51,6
DA:52,6
DA:53,6
DA:54,6
DA:56,6
DA:61,12
DA:65,0
DA:69,0
DA:73,0
LF:37
LH:33
BRDA:9,0,0,60
BRDA:36,1,0,3
BRDA:36,2,0,40
BRDA:36,2,1,16
BRDA:42,3,0,3
BRDA:44,4,0,3
BRDA:44,5,0,3
BRDA:44,5,1,3
BRDA:46,6,0,6
BRDA:52,7,0,6
BRDA:54,8,0,1
BRDA:54,8,1,5
BRF:12
BRH:12
end_of_record
