TN:
SF:packages/vue3-ts-api-extractor/src/index.ts
FN:6,(anonymous_4)
FN:8,(anonymous_5)
FN:15,(anonymous_6)
FN:28,(anonymous_7)
FN:30,(anonymous_8)
FN:37,(anonymous_9)
FN:39,(anonymous_10)
FNF:7
FNH:1
FNDA:0,(anonymous_4)
FNDA:0,(anonymous_5)
FNDA:1,(anonymous_6)
FNDA:0,(anonymous_7)
FNDA:0,(anonymous_8)
FNDA:0,(anonymous_9)
FNDA:0,(anonymous_10)
DA:1,1
DA:2,1
DA:3,1
DA:5,1
DA:6,1
DA:7,0
DA:8,0
DA:9,0
DA:11,0
DA:12,0
DA:15,1
DA:16,1
DA:17,1
DA:25,1
DA:28,1
DA:29,0
DA:30,0
DA:31,0
DA:32,0
DA:34,0
DA:37,1
DA:38,0
DA:39,0
DA:40,0
DA:41,0
DA:42,0
LF:26
LH:11
BRDA:32,0,0,0
BRDA:38,1,0,0
BRDA:41,2,0,0
BRF:3
BRH:0
end_of_record
TN:
SF:packages/vue3-ts-api-extractor/src/types.ts
FN:26,(anonymous_0)
FN:65,isDeclarationInitalizer
FN:69,isImportInitalizer
FN:73,isExportInitalizer
FN:77,isExportFromInitalizer
FNF:5
FNH:5
FNDA:1,(anonymous_0)
FNDA:4,isDeclarationInitalizer
FNDA:4,isImportInitalizer
FNDA:7,isExportInitalizer
FNDA:4,isExportFromInitalizer
DA:26,1
DA:27,1
DA:28,1
DA:29,1
DA:30,1
DA:65,1
DA:66,4
DA:69,1
DA:70,4
DA:73,1
DA:74,7
DA:77,1
DA:78,4
LF:13
LH:13
BRDA:26,0,0,1
BRDA:26,0,1,1
BRF:2
BRH:2
end_of_record
TN:
SF:packages/vue3-ts-api-extractor/src/markdown/index.ts
FN:6,(anonymous_1)
FN:7,(anonymous_2)
FN:17,(anonymous_3)
FN:47,(anonymous_4)
FN:55,(anonymous_5)
FN:59,(anonymous_6)
FN:69,(anonymous_7)
FN:81,(anonymous_8)
FN:103,(anonymous_9)
FNF:9
FNH:9
FNDA:1,(anonymous_1)
FNDA:4,(anonymous_2)
FNDA:2,(anonymous_3)
FNDA:26,(anonymous_4)
FNDA:8,(anonymous_5)
FNDA:4,(anonymous_6)
FNDA:4,(anonymous_7)
FNDA:2,(anonymous_8)
FNDA:2,(anonymous_9)
DA:1,1
DA:2,1
DA:3,1
DA:6,1
DA:7,1
DA:8,4
DA:17,1
DA:18,2
DA:25,1
DA:27,1
DA:28,1
DA:29,1
DA:32,1
DA:33,1
DA:34,1
DA:37,1
DA:38,1
DA:39,1
DA:41,0
DA:44,1
DA:47,1
DA:48,26
DA:49,26
DA:50,20
DA:52,26
DA:55,1
DA:56,8
DA:59,1
DA:60,4
DA:61,4
DA:62,4
DA:63,0
DA:65,4
DA:69,1
DA:70,4
DA:71,4
DA:72,4
DA:73,4
DA:75,0
DA:77,4
DA:81,1
DA:82,2
DA:83,2
DA:84,2
DA:85,2
DA:86,2
DA:87,4
DA:88,4
DA:89,4
DA:90,4
DA:91,4
DA:92,1
DA:93,1
DA:96,2
DA:97,2
DA:98,2
DA:101,1
DA:103,1
DA:104,2
DA:105,2
DA:106,2
DA:107,2
DA:108,2
DA:109,2
DA:110,2
DA:111,2
DA:112,2
DA:113,2
DA:114,2
DA:115,1
DA:116,1
DA:118,2
DA:119,2
DA:121,2
LF:74
LH:71
BRDA:21,0,0,2
BRDA:21,0,1,2
BRDA:27,1,0,1
BRDA:32,2,0,1
BRDA:48,3,0,20
BRDA:48,3,1,6
BRDA:49,4,0,20
BRDA:72,5,0,4
BRDA:72,6,0,4
BRDA:72,6,1,0
BRDA:72,6,2,0
BRDA:72,6,3,0
BRDA:72,6,4,0
BRDA:89,7,0,4
BRDA:89,7,1,0
BRDA:91,8,0,1
BRDA:109,9,0,1
BRDA:109,9,1,1
BRDA:114,10,0,1
BRDA:114,11,0,2
BRDA:114,11,1,1
BRDA:114,11,2,1
BRF:22
BRH:17
end_of_record
TN:
SF:packages/vue3-ts-api-extractor/src/parser/loader.ts
FN:35,(anonymous_7)
FN:73,(anonymous_8)
FN:102,(anonymous_9)
FN:118,(anonymous_10)
FN:121,(anonymous_11)
FN:137,(anonymous_12)
FN:138,(anonymous_13)
FN:147,(anonymous_14)
FN:154,(anonymous_15)
FN:155,(anonymous_16)
FN:164,(anonymous_17)
FN:203,(anonymous_18)
FN:206,(anonymous_19)
FN:234,(anonymous_20)
FN:238,(anonymous_21)
FN:245,(anonymous_22)
FN:255,(anonymous_23)
FN:257,(anonymous_24)
FN:268,(anonymous_25)
FN:272,(anonymous_26)
FN:276,(anonymous_27)
FN:280,(anonymous_28)
FN:284,(anonymous_29)
FN:288,(anonymous_30)
FN:292,(anonymous_31)
FN:296,(anonymous_32)
FN:299,(anonymous_33)
FN:315,(anonymous_34)
FN:332,(anonymous_35)
FN:334,(anonymous_36)
FN:351,(anonymous_37)
FN:356,(anonymous_38)
FN:373,(anonymous_39)
FN:379,(anonymous_40)
FN:386,(anonymous_41)
FN:389,(anonymous_42)
FN:397,(anonymous_43)
FN:404,(anonymous_44)
FN:404,(anonymous_45)
FN:409,(anonymous_46)
FN:413,(anonymous_47)
FN:414,(anonymous_48)
FN:417,(anonymous_49)
FN:421,(anonymous_50)
FN:425,(anonymous_51)
FNF:45
FNH:33
FNDA:1,(anonymous_7)
FNDA:3,(anonymous_8)
FNDA:3,(anonymous_9)
FNDA:10,(anonymous_10)
FNDA:7,(anonymous_11)
FNDA:4,(anonymous_12)
FNDA:4,(anonymous_13)
FNDA:6,(anonymous_14)
FNDA:4,(anonymous_15)
FNDA:0,(anonymous_16)
FNDA:2,(anonymous_17)
FNDA:1,(anonymous_18)
FNDA:4,(anonymous_19)
FNDA:8,(anonymous_20)
FNDA:2,(anonymous_21)
FNDA:4,(anonymous_22)
FNDA:3,(anonymous_23)
FNDA:4,(anonymous_24)
FNDA:0,(anonymous_25)
FNDA:0,(anonymous_26)
FNDA:3,(anonymous_27)
FNDA:0,(anonymous_28)
FNDA:1,(anonymous_29)
FNDA:0,(anonymous_30)
FNDA:0,(anonymous_31)
FNDA:0,(anonymous_32)
FNDA:1,(anonymous_33)
FNDA:1,(anonymous_34)
FNDA:1,(anonymous_35)
FNDA:1,(anonymous_36)
FNDA:3,(anonymous_37)
FNDA:2,(anonymous_38)
FNDA:1,(anonymous_39)
FNDA:1,(anonymous_40)
FNDA:1,(anonymous_41)
FNDA:3,(anonymous_42)
FNDA:0,(anonymous_43)
FNDA:2,(anonymous_44)
FNDA:3,(anonymous_45)
FNDA:0,(anonymous_46)
FNDA:0,(anonymous_47)
FNDA:0,(anonymous_48)
FNDA:0,(anonymous_49)
FNDA:3,(anonymous_50)
FNDA:8,(anonymous_51)
DA:1,1
DA:3,1
DA:4,1
DA:5,1
DA:6,1
DA:7,1
DA:22,1
DA:33,1
DA:35,1
DA:36,1
DA:37,1
DA:38,1
DA:39,1
DA:42,1
DA:49,1
DA:54,3
DA:59,3
DA:63,3
DA:67,3
DA:69,3
DA:71,3
DA:74,3
DA:75,3
DA:76,3
DA:77,3
DA:78,3
DA:79,3
DA:80,1
DA:81,1
DA:82,1
DA:83,1
DA:84,1
DA:85,0
DA:87,1
DA:88,1
DA:89,1
DA:90,1
DA:92,2
DA:94,3
DA:95,3
DA:96,3
DA:103,3
DA:104,3
DA:105,3
DA:106,3
DA:109,3
DA:111,3
DA:113,3
DA:115,3
DA:118,3
DA:119,10
DA:120,8
DA:121,8
DA:122,7
DA:123,7
DA:124,3
DA:125,4
DA:126,0
DA:127,4
DA:128,0
DA:129,4
DA:130,4
DA:138,4
DA:139,4
DA:140,0
DA:142,4
DA:148,6
DA:149,3
DA:151,6
DA:155,4
DA:156,0
DA:157,0
DA:159,0
DA:165,2
DA:167,2
DA:168,0
DA:169,0
DA:171,0
DA:174,2
DA:175,2
DA:176,2
DA:177,2
DA:178,2
DA:179,2
DA:180,2
DA:181,2
DA:182,2
DA:183,1
DA:185,2
DA:186,2
DA:192,2
DA:193,2
DA:195,2
DA:204,1
DA:205,1
DA:206,1
DA:207,4
DA:208,1
DA:209,1
DA:210,1
DA:211,1
DA:212,1
DA:213,1
DA:217,3
DA:218,0
DA:219,0
DA:220,0
DA:222,0
DA:224,3
DA:227,1
DA:228,1
DA:231,0
DA:235,8
DA:239,2
DA:246,4
DA:247,4
DA:248,4
DA:256,3
DA:257,3
DA:258,4
DA:259,2
DA:261,2
DA:262,2
DA:265,3
DA:269,0
DA:273,0
DA:277,3
DA:281,0
DA:285,1
DA:289,0
DA:293,0
DA:297,0
DA:300,1
DA:304,1
DA:306,1
DA:307,1
DA:308,1
DA:309,1
DA:316,1
DA:317,1
DA:318,1
DA:319,1
DA:320,1
DA:334,1
DA:336,1
DA:340,1
DA:341,0
DA:342,0
DA:344,1
DA:345,1
DA:347,1
DA:352,3
DA:353,3
DA:354,3
DA:355,3
DA:356,3
DA:357,2
DA:358,2
DA:359,2
DA:360,2
DA:362,2
DA:363,2
DA:364,2
DA:366,3
DA:374,1
DA:375,1
DA:378,1
DA:379,1
DA:380,1
DA:383,1
DA:387,1
DA:388,1
DA:389,1
DA:390,3
DA:391,3
DA:397,0
DA:398,0
DA:404,2
DA:405,3
DA:410,0
DA:414,0
DA:418,0
DA:422,3
DA:426,8
LF:184
LH:156
BRDA:79,0,0,1
BRDA:79,0,1,2
BRDA:84,1,0,0
BRDA:119,2,0,8
BRDA:123,3,0,3
BRDA:123,3,1,4
BRDA:125,4,0,0
BRDA:125,4,1,4
BRDA:127,5,0,0
BRDA:127,5,1,4
BRDA:129,6,0,4
BRDA:139,7,0,0
BRDA:139,7,1,4
BRDA:148,8,0,3
BRDA:151,9,0,1
BRDA:151,9,1,5
BRDA:156,10,0,0
BRDA:156,10,1,0
BRDA:167,11,0,0
BRDA:168,12,0,0
BRDA:168,12,1,0
BRDA:169,13,0,0
BRDA:169,13,1,0
BRDA:174,14,0,2
BRDA:176,15,0,2
BRDA:177,16,0,2
BRDA:179,17,0,2
BRDA:181,18,0,2
BRDA:182,19,0,1
BRDA:192,20,0,2
BRDA:204,21,0,1
BRDA:207,22,0,1
BRDA:207,22,1,3
BRDA:209,23,0,1
BRDA:210,24,0,1
BRDA:212,25,0,1
BRDA:217,26,0,0
BRDA:217,26,1,3
BRDA:217,27,0,3
BRDA:217,27,1,3
BRDA:219,28,0,0
BRDA:227,29,0,1
BRDA:258,30,0,2
BRDA:258,30,1,2
BRDA:262,31,0,2
BRDA:262,31,1,2
BRDA:340,32,0,0
BRDA:340,32,1,1
BRDA:355,33,0,3
BRDA:355,33,1,3
BRDA:358,34,0,2
BRDA:375,35,0,1
BRDA:375,35,1,1
BRDA:388,36,0,1
BRDA:388,36,1,0
BRDA:393,37,0,3
BRDA:393,37,1,1
BRDA:404,38,0,1
BRDA:404,38,1,1
BRDA:404,39,0,0
BRDA:404,39,1,1
BRF:61
BRH:45
end_of_record
TN:
SF:packages/vue3-ts-api-extractor/src/parser/sfc-event-comment.ts
FN:14,(anonymous_0)
FN:25,(anonymous_1)
FN:29,(anonymous_2)
FN:47,(anonymous_3)
FNF:4
FNH:4
FNDA:2,(anonymous_0)
FNDA:2,(anonymous_1)
FNDA:3,(anonymous_2)
FNDA:2,(anonymous_3)
DA:1,1
DA:3,1
DA:4,1
DA:15,2
DA:16,2
DA:17,2
DA:18,2
DA:19,2
DA:20,2
DA:21,2
DA:22,2
DA:26,2
DA:27,2
DA:28,2
DA:29,2
DA:30,3
DA:31,3
DA:36,3
DA:37,3
DA:38,3
DA:40,3
DA:44,2
DA:48,2
DA:49,2
DA:50,2
DA:51,2
DA:55,0
LF:27
LH:26
BRDA:18,0,0,2
BRDA:18,0,1,2
BRDA:20,1,0,2
BRDA:20,1,1,2
BRDA:21,2,0,0
BRDA:21,2,1,2
BRDA:27,3,0,2
BRDA:30,4,0,3
BRDA:37,5,0,3
BRDA:48,6,0,2
BRDA:50,7,0,2
BRF:11
BRH:10
end_of_record
TN:
SF:packages/vue3-ts-api-extractor/src/parser/sfc-handle.ts
FN:8,(anonymous_0)
FN:13,(anonymous_1)
FN:19,(anonymous_2)
FN:28,(anonymous_3)
FN:29,(anonymous_4)
FNF:5
FNH:5
FNDA:1,(anonymous_0)
FNDA:1,(anonymous_1)
FNDA:2,(anonymous_2)
FNDA:3,(anonymous_3)
FNDA:11,(anonymous_4)
DA:1,1
DA:3,1
DA:4,1
DA:6,1
DA:9,1
DA:10,1
DA:14,1
DA:15,1
DA:16,1
DA:17,1
DA:18,1
DA:19,1
DA:20,2
DA:25,1
DA:29,3
DA:30,11
DA:31,2
DA:32,9
DA:33,2
LF:19
LH:19
BRDA:15,0,0,1
BRDA:18,1,0,1
BRDA:30,2,0,2
BRDA:30,2,1,9
BRDA:32,3,0,2
BRDA:32,4,0,9
BRDA:32,4,1,2
BRF:7
BRH:7
end_of_record
TN:
SF:packages/vue3-ts-api-extractor/src/parser/sfc-method-comment.ts
FN:26,(anonymous_0)
FN:39,(anonymous_1)
FN:48,(anonymous_2)
FN:57,(anonymous_3)
FN:67,(anonymous_4)
FN:77,(anonymous_5)
FN:87,(anonymous_6)
FN:99,(anonymous_7)
FNF:8
FNH:7
FNDA:2,(anonymous_0)
FNDA:2,(anonymous_1)
FNDA:4,(anonymous_2)
FNDA:0,(anonymous_3)
FNDA:2,(anonymous_4)
FNDA:2,(anonymous_5)
FNDA:4,(anonymous_6)
FNDA:4,(anonymous_7)
DA:1,1
DA:2,1
DA:14,1
DA:16,1
DA:22,2
DA:27,2
DA:28,2
DA:29,2
DA:30,2
DA:31,2
DA:32,2
DA:33,2
DA:34,2
DA:35,2
DA:36,2
DA:40,2
DA:42,2
DA:43,0
DA:44,2
DA:45,2
DA:47,2
DA:48,2
DA:49,4
DA:51,2
DA:53,2
DA:55,2
DA:56,2
DA:57,2
DA:58,0
DA:59,0
DA:60,0
DA:64,2
DA:69,2
DA:70,0
DA:71,2
DA:72,2
DA:74,2
DA:78,2
DA:80,2
DA:81,0
DA:82,2
DA:83,2
DA:86,2
DA:87,2
DA:88,4
DA:93,4
DA:97,2
DA:98,2
DA:99,2
DA:100,4
DA:101,4
DA:102,4
DA:103,4
DA:104,4
DA:105,4
DA:106,4
DA:108,4
DA:114,2
LF:58
LH:52
BRDA:30,0,0,2
BRDA:30,0,1,2
BRDA:32,1,0,2
BRDA:32,1,1,2
BRDA:33,2,0,0
BRDA:33,2,1,2
BRDA:42,3,0,0
BRDA:42,3,1,2
BRDA:42,4,0,2
BRDA:42,4,1,0
BRDA:44,5,0,2
BRDA:51,6,0,0
BRDA:51,6,1,2
BRDA:55,7,0,2
BRDA:59,8,0,0
BRDA:69,9,0,0
BRDA:69,9,1,2
BRDA:69,10,0,2
BRDA:69,10,1,0
BRDA:71,11,0,2
BRDA:80,12,0,0
BRDA:80,12,1,2
BRDA:80,13,0,2
BRDA:80,13,1,0
BRDA:82,14,0,2
BRDA:86,15,0,2
BRDA:97,16,0,2
BRDA:100,17,0,4
BRDA:103,18,0,4
BRDA:105,19,0,4
BRF:30
BRH:21
end_of_record
TN:
SF:packages/vue3-ts-api-extractor/src/parser/sfc-prop-comment.ts
FN:32,(anonymous_0)
FN:49,(anonymous_1)
FN:60,(anonymous_2)
FN:69,(anonymous_3)
FN:71,(anonymous_4)
FN:75,(anonymous_5)
FN:88,(anonymous_6)
FN:104,(anonymous_7)
FNF:8
FNH:7
FNDA:4,(anonymous_0)
FNDA:4,(anonymous_1)
FNDA:4,(anonymous_2)
FNDA:11,(anonymous_3)
FNDA:14,(anonymous_4)
FNDA:4,(anonymous_5)
FNDA:0,(anonymous_6)
FNDA:4,(anonymous_7)
DA:1,1
DA:2,1
DA:19,1
DA:21,1
DA:27,4
DA:30,4
DA:33,4
DA:34,4
DA:35,4
DA:36,0
DA:37,4
DA:38,4
DA:39,4
DA:40,4
DA:41,4
DA:42,4
DA:43,4
DA:44,4
DA:45,4
DA:46,4
DA:50,4
DA:51,4
DA:52,4
DA:53,3
DA:55,1
DA:61,4
DA:62,3
DA:63,3
DA:64,2
DA:70,11
DA:71,14
DA:76,4
DA:77,3
DA:78,3
DA:79,1
DA:83,3
DA:84,3
DA:85,3
DA:86,1
DA:87,0
DA:88,0
DA:89,0
DA:90,0
DA:93,1
DA:94,1
DA:95,1
DA:97,0
DA:101,3
DA:105,4
DA:106,4
DA:107,2
DA:108,2
DA:111,2
LF:53
LH:47
BRDA:35,0,0,0
BRDA:35,0,1,4
BRDA:37,1,0,4
BRDA:39,2,0,4
BRDA:39,2,1,4
BRDA:43,3,0,4
BRDA:43,3,1,3
BRDA:44,4,0,1
BRDA:44,4,1,3
BRDA:50,5,0,4
BRDA:50,5,1,1
BRDA:51,6,0,4
BRDA:51,7,0,4
BRDA:51,7,1,4
BRDA:52,8,0,3
BRDA:52,8,1,1
BRDA:61,9,0,3
BRDA:63,10,0,2
BRDA:70,11,0,9
BRDA:70,12,0,11
BRDA:70,12,1,11
BRDA:71,13,0,14
BRDA:71,13,1,0
BRDA:71,13,2,14
BRDA:76,14,0,3
BRDA:78,15,0,1
BRDA:85,16,0,1
BRDA:86,17,0,0
BRDA:86,17,1,1
BRDA:86,18,0,1
BRDA:86,18,1,1
BRDA:86,18,2,1
BRDA:89,19,0,0
BRDA:93,20,0,1
BRDA:94,21,0,1
BRDA:94,21,1,0
BRDA:101,22,0,1
BRDA:101,22,1,2
BRDA:106,23,0,2
BRDA:107,24,0,2
BRDA:107,25,0,2
BRDA:107,25,1,2
BRF:42
BRH:37
end_of_record
TN:
SF:packages/vue3-ts-api-extractor/src/parser/sfc-script-handle.ts
FN:35,(anonymous_0)
FN:48,(anonymous_1)
FN:67,(anonymous_2)
FN:81,(anonymous_3)
FN:87,(anonymous_4)
FN:98,(anonymous_5)
FN:109,(anonymous_6)
FN:114,(anonymous_7)
FN:124,(anonymous_8)
FN:126,(anonymous_9)
FN:128,(anonymous_10)
FN:139,(anonymous_11)
FN:148,(anonymous_12)
FN:157,(anonymous_13)
FNF:14
FNH:14
FNDA:1,(anonymous_0)
FNDA:1,(anonymous_1)
FNDA:3,(anonymous_2)
FNDA:1,(anonymous_3)
FNDA:4,(anonymous_4)
FNDA:1,(anonymous_5)
FNDA:1,(anonymous_6)
FNDA:2,(anonymous_7)
FNDA:1,(anonymous_8)
FNDA:1,(anonymous_9)
FNDA:1,(anonymous_10)
FNDA:2,(anonymous_11)
FNDA:2,(anonymous_12)
FNDA:6,(anonymous_13)
DA:1,1
DA:2,1
DA:3,1
DA:21,1
DA:23,1
DA:24,1
DA:25,1
DA:26,1
DA:36,1
DA:37,1
DA:38,1
DA:39,0
DA:41,1
DA:42,1
DA:43,1
DA:44,1
DA:45,1
DA:46,1
DA:49,1
DA:50,1
DA:51,0
DA:52,0
DA:53,0
DA:54,0
DA:57,0
DA:58,0
DA:59,0
DA:64,1
DA:68,3
DA:70,3
DA:71,3
DA:72,3
DA:73,3
DA:74,3
DA:75,3
DA:82,1
DA:83,1
DA:85,1
DA:86,1
DA:87,1
DA:88,4
DA:89,4
DA:90,0
DA:91,0
DA:95,1
DA:99,1
DA:100,1
DA:101,0
DA:103,0
DA:104,0
DA:105,0
DA:110,1
DA:111,1
DA:112,1
DA:113,1
DA:114,1
DA:115,2
DA:116,2
DA:121,1
DA:125,1
DA:126,1
DA:127,1
DA:128,1
DA:129,1
DA:132,1
DA:134,1
DA:137,1
DA:139,1
DA:140,2
DA:141,2
DA:145,1
DA:150,2
DA:151,2
DA:152,0
DA:153,0
DA:155,2
DA:156,2
DA:157,6
DA:158,2
DA:159,2
DA:160,2
DA:161,1
DA:162,1
LF:83
LH:67
BRDA:38,0,0,0
BRDA:38,1,0,1
BRDA:38,1,1,1
BRDA:50,2,0,0
BRDA:52,3,0,0
BRDA:52,3,1,0
BRDA:53,4,0,0
BRDA:53,5,0,0
BRDA:53,5,1,0
BRDA:58,6,0,0
BRDA:58,7,0,0
BRDA:58,7,1,0
BRDA:64,8,0,1
BRDA:64,8,1,0
BRDA:70,9,0,3
BRDA:72,10,0,3
BRDA:72,11,0,3
BRDA:72,11,1,3
BRDA:74,12,0,3
BRDA:85,13,0,1
BRDA:88,14,0,4
BRDA:88,14,1,0
BRDA:90,15,0,0
BRDA:99,16,0,1
BRDA:99,16,1,0
BRDA:101,17,0,0
BRDA:101,17,1,0
BRDA:104,18,0,0
BRDA:112,19,0,1
BRDA:112,20,0,1
BRDA:112,20,1,1
BRDA:113,21,0,1
BRDA:115,22,0,2
BRDA:115,23,0,2
BRDA:115,23,1,0
BRDA:140,24,0,2
BRDA:150,25,0,2
BRDA:150,25,1,0
BRDA:150,26,0,2
BRDA:150,26,1,2
BRDA:152,27,0,0
BRDA:155,28,0,2
BRDA:156,29,0,2
BRDA:158,30,0,2
BRDA:159,31,0,2
BRDA:160,32,0,1
BRDA:160,32,1,1
BRF:47
BRH:27
end_of_record
TN:
SF:packages/vue3-ts-api-extractor/src/parser/sfc-slot-comment.ts
FN:13,(anonymous_0)
FN:18,(anonymous_1)
FN:19,(anonymous_2)
FN:39,(anonymous_3)
FN:40,(anonymous_4)
FN:46,(anonymous_5)
FN:60,(anonymous_6)
FNF:7
FNH:7
FNDA:2,(anonymous_0)
FNDA:2,(anonymous_1)
FNDA:3,(anonymous_2)
FNDA:3,(anonymous_3)
FNDA:4,(anonymous_4)
FNDA:2,(anonymous_5)
FNDA:1,(anonymous_6)
DA:1,1
DA:3,1
DA:5,1
DA:7,1
DA:9,2
DA:11,2
DA:14,2
DA:15,2
DA:19,2
DA:20,3
DA:21,1
DA:22,1
DA:24,2
DA:25,2
DA:26,2
DA:33,2
DA:34,2
DA:35,2
DA:36,2
DA:37,1
DA:38,1
DA:39,1
DA:40,3
DA:41,4
DA:42,2
DA:46,1
DA:47,2
DA:48,2
DA:49,2
DA:50,2
DA:51,2
DA:53,2
DA:61,1
DA:62,1
DA:63,8
DA:64,8
DA:65,2
DA:66,2
DA:68,6
DA:71,1
DA:72,1
LF:41
LH:41
BRDA:20,0,0,1
BRDA:20,0,1,2
BRDA:21,1,0,1
BRDA:21,2,0,1
BRDA:21,2,1,1
BRDA:24,3,0,2
BRDA:25,4,0,2
BRDA:25,5,0,2
BRDA:25,5,1,2
BRDA:34,6,0,2
BRDA:36,7,0,1
BRDA:41,8,0,2
BRDA:48,9,0,2
BRDA:50,10,0,2
BRDA:64,11,0,2
BRDA:64,11,1,6
BRF:16
BRH:16
end_of_record
TN:
SF:packages/vue3-ts-api-extractor/src/utils/parse-utils.ts
FN:26,(anonymous_1)
FN:30,(anonymous_2)
FN:35,(anonymous_3)
FN:39,(anonymous_4)
FN:41,(anonymous_5)
FN:53,(anonymous_6)
FN:57,(anonymous_7)
FN:58,(anonymous_8)
FN:61,(anonymous_9)
FN:68,(anonymous_10)
FN:72,(anonymous_11)
FN:87,(anonymous_12)
FN:124,(anonymous_13)
FN:138,(anonymous_14)
FN:192,(anonymous_15)
FN:231,(anonymous_16)
FN:232,(anonymous_17)
FN:288,(anonymous_18)
FN:289,(anonymous_19)
FNF:19
FNH:14
FNDA:3,(anonymous_1)
FNDA:0,(anonymous_2)
FNDA:4,(anonymous_3)
FNDA:8,(anonymous_4)
FNDA:16,(anonymous_5)
FNDA:4,(anonymous_6)
FNDA:6,(anonymous_7)
FNDA:8,(anonymous_8)
FNDA:9,(anonymous_9)
FNDA:3,(anonymous_10)
FNDA:8,(anonymous_11)
FNDA:0,(anonymous_12)
FNDA:2,(anonymous_13)
FNDA:0,(anonymous_14)
FNDA:4,(anonymous_15)
FNDA:2,(anonymous_16)
FNDA:2,(anonymous_17)
FNDA:0,(anonymous_18)
FNDA:0,(anonymous_19)
DA:1,1
DA:2,1
DA:3,1
DA:4,1
DA:23,1
DA:25,1
DA:27,3
DA:31,0
DA:32,0
DA:37,4
DA:39,4
DA:40,8
DA:41,8
DA:42,16
DA:43,4
DA:46,0
DA:47,0
DA:50,4
DA:54,4
DA:58,8
DA:62,9
DA:69,3
DA:73,8
DA:74,8
DA:75,8
DA:76,1
DA:82,1
DA:83,7
DA:84,0
DA:85,0
DA:86,0
DA:87,0
DA:88,0
DA:90,0
DA:91,0
DA:93,0
DA:95,0
DA:102,0
DA:104,0
DA:105,0
DA:106,0
DA:107,0
DA:108,0
DA:115,0
DA:121,7
DA:122,2
DA:123,2
DA:124,2
DA:125,2
DA:126,2
DA:127,2
DA:134,2
DA:138,0
DA:139,0
DA:140,0
DA:141,0
DA:148,0
DA:152,5
DA:153,0
DA:154,0
DA:155,0
DA:156,0
DA:162,0
DA:164,0
DA:170,0
DA:173,5
DA:174,4
DA:175,4
DA:177,4
DA:178,4
DA:179,0
DA:180,0
DA:187,0
DA:188,4
DA:189,4
DA:190,4
DA:191,4
DA:192,4
DA:193,4
DA:194,4
DA:195,4
DA:196,0
DA:199,4
DA:206,4
DA:208,0
DA:209,0
DA:210,0
DA:212,0
DA:213,0
DA:220,0
DA:228,8
DA:232,2
DA:233,2
DA:289,0
LF:94
LH:51
BRDA:35,0,0,0
BRDA:40,1,0,8
BRDA:40,1,1,0
BRDA:42,2,0,4
BRDA:46,3,0,0
BRDA:57,4,0,2
BRDA:58,5,0,8
BRDA:58,5,1,4
BRDA:58,5,2,8
BRDA:63,6,0,9
BRDA:63,6,1,4
BRDA:63,6,2,0
BRDA:63,6,3,5
BRDA:69,7,0,3
BRDA:69,7,1,0
BRDA:69,8,0,3
BRDA:69,8,1,3
BRDA:75,9,0,1
BRDA:75,9,1,7
BRDA:83,10,0,0
BRDA:83,10,1,7
BRDA:84,11,0,0
BRDA:84,11,1,0
BRDA:84,12,0,0
BRDA:84,12,1,0
BRDA:86,13,0,0
BRDA:86,13,1,0
BRDA:90,14,0,0
BRDA:90,14,1,0
BRDA:104,15,0,0
BRDA:107,16,0,0
BRDA:107,17,0,0
BRDA:107,17,1,0
BRDA:121,18,0,2
BRDA:121,18,1,5
BRDA:123,19,0,2
BRDA:123,19,1,0
BRDA:126,20,0,2
BRDA:140,21,0,0
BRDA:152,22,0,0
BRDA:152,22,1,5
BRDA:152,23,0,5
BRDA:152,23,1,5
BRDA:154,24,0,0
BRDA:155,25,0,0
BRDA:155,25,1,0
BRDA:173,26,0,4
BRDA:177,27,0,4
BRDA:178,28,0,0
BRDA:178,28,1,4
BRDA:188,29,0,4
BRDA:190,30,0,4
BRDA:191,31,0,4
BRDA:191,31,1,0
BRDA:195,32,0,0
BRDA:208,33,0,0
BRDA:212,34,0,0
BRDA:212,35,0,0
BRDA:212,35,1,0
BRF:59
BRH:28
end_of_record
TN:
SF:packages/vue3-ts-api-extractor/src/utils/sfc-utils.ts
FN:20,(anonymous_0)
FN:22,(anonymous_1)
FN:30,(anonymous_2)
FN:33,(anonymous_3)
FN:37,(anonymous_4)
FN:38,(anonymous_5)
FN:41,(anonymous_6)
FN:42,(anonymous_7)
FN:45,(anonymous_8)
FN:47,(anonymous_9)
FN:48,(anonymous_10)
FN:57,(anonymous_11)
FN:70,(anonymous_12)
FN:80,(anonymous_13)
FN:91,(anonymous_14)
FN:102,(anonymous_15)
FN:106,(anonymous_16)
FN:110,(anonymous_17)
FN:114,(anonymous_18)
FNF:19
FNH:18
FNDA:11,(anonymous_0)
FNDA:56,(anonymous_1)
FNDA:33,(anonymous_2)
FNDA:0,(anonymous_3)
FNDA:9,(anonymous_4)
FNDA:12,(anonymous_5)
FNDA:6,(anonymous_6)
FNDA:11,(anonymous_7)
FNDA:21,(anonymous_8)
FNDA:52,(anonymous_9)
FNDA:70,(anonymous_10)
FNDA:12,(anonymous_11)
FNDA:4,(anonymous_12)
FNDA:9,(anonymous_13)
FNDA:8,(anonymous_14)
FNDA:3,(anonymous_15)
FNDA:2,(anonymous_16)
FNDA:2,(anonymous_17)
FNDA:20,(anonymous_18)
DA:2,1
DA:19,1
DA:20,1
DA:21,11
DA:22,11
DA:23,56
DA:24,14
DA:27,11
DA:30,1
DA:31,33
DA:33,1
DA:34,0
DA:37,1
DA:38,12
DA:41,1
DA:42,11
DA:45,1
DA:47,21
DA:48,52
DA:49,70
DA:50,6
DA:54,21
DA:58,12
DA:59,12
DA:66,12
DA:67,12
DA:68,12
DA:69,2
DA:70,2
DA:71,4
DA:72,4
DA:77,12
DA:80,1
DA:81,9
DA:82,9
DA:83,9
DA:84,4
DA:90,4
DA:91,4
DA:92,8
DA:93,8
DA:97,4
DA:99,5
DA:103,3
DA:107,2
DA:111,2
DA:115,20
LF:47
LH:46
BRDA:23,0,0,14
BRDA:49,1,0,6
BRDA:49,2,0,70
BRDA:49,2,1,31
BRDA:66,3,0,12
BRDA:68,4,0,2
BRDA:68,5,0,12
BRDA:68,5,1,2
BRDA:71,6,0,4
BRDA:71,7,0,4
BRDA:71,7,1,4
BRDA:83,8,0,4
BRDA:83,9,0,9
BRDA:83,9,1,4
BRDA:90,10,0,4
BRDA:90,11,0,4
BRDA:90,11,1,4
BRDA:92,12,0,8
BRF:18
BRH:18
end_of_record
